{"/Users/kremlin/Downloads/11Wire/backend/src/config/index.js": {"path":"/Users/kremlin/Downloads/11Wire/backend/src/config/index.js","statementMap":{"0":{"start":{"line":5,"column":15},"end":{"line":62,"column":1}},"1":{"start":{"line":64,"column":0},"end":{"line":64,"column":24}}},"fnMap":{},"branchMap":{"0":{"loc":{"start":{"line":6,"column":8},"end":{"line":6,"column":32}},"type":"binary-expr","locations":[{"start":{"line":6,"column":8},"end":{"line":6,"column":24}},{"start":{"line":6,"column":28},"end":{"line":6,"column":32}}],"line":6},"1":{"loc":{"start":{"line":10,"column":12},"end":{"line":10,"column":61}},"type":"binary-expr","locations":[{"start":{"line":10,"column":12},"end":{"line":10,"column":34}},{"start":{"line":10,"column":38},"end":{"line":10,"column":61}}],"line":10},"2":{"loc":{"start":{"line":17,"column":10},"end":{"line":17,"column":44}},"type":"binary-expr","locations":[{"start":{"line":17,"column":10},"end":{"line":17,"column":29}},{"start":{"line":17,"column":33},"end":{"line":17,"column":44}}],"line":17},"3":{"loc":{"start":{"line":18,"column":10},"end":{"line":18,"column":37}},"type":"binary-expr","locations":[{"start":{"line":18,"column":10},"end":{"line":18,"column":29}},{"start":{"line":18,"column":33},"end":{"line":18,"column":37}}],"line":18},"4":{"loc":{"start":{"line":19,"column":14},"end":{"line":19,"column":45}},"type":"binary-expr","locations":[{"start":{"line":19,"column":14},"end":{"line":19,"column":33}},{"start":{"line":19,"column":37},"end":{"line":19,"column":45}}],"line":19},"5":{"loc":{"start":{"line":20,"column":14},"end":{"line":20,"column":47}},"type":"binary-expr","locations":[{"start":{"line":20,"column":14},"end":{"line":20,"column":33}},{"start":{"line":20,"column":37},"end":{"line":20,"column":47}}],"line":20},"6":{"loc":{"start":{"line":21,"column":14},"end":{"line":21,"column":47}},"type":"binary-expr","locations":[{"start":{"line":21,"column":14},"end":{"line":21,"column":33}},{"start":{"line":21,"column":37},"end":{"line":21,"column":47}}],"line":21},"7":{"loc":{"start":{"line":37,"column":21},"end":{"line":37,"column":64}},"type":"binary-expr","locations":[{"start":{"line":37,"column":21},"end":{"line":37,"column":58}},{"start":{"line":37,"column":62},"end":{"line":37,"column":64}}],"line":37},"8":{"loc":{"start":{"line":40,"column":18},"end":{"line":42,"column":62}},"type":"cond-expr","locations":[{"start":{"line":41,"column":8},"end":{"line":41,"column":53}},{"start":{"line":42,"column":8},"end":{"line":42,"column":62}}],"line":40},"9":{"loc":{"start":{"line":48,"column":11},"end":{"line":48,"column":42}},"type":"binary-expr","locations":[{"start":{"line":48,"column":11},"end":{"line":48,"column":32}},{"start":{"line":48,"column":36},"end":{"line":48,"column":42}}],"line":48},"10":{"loc":{"start":{"line":53,"column":15},"end":{"line":53,"column":57}},"type":"binary-expr","locations":[{"start":{"line":53,"column":15},"end":{"line":53,"column":37}},{"start":{"line":53,"column":41},"end":{"line":53,"column":57}}],"line":53}},"s":{"0":1,"1":1},"f":{},"b":{"0":[1,0],"1":[1,1],"2":[1,0],"3":[1,0],"4":[1,0],"5":[1,0],"6":[1,0],"7":[1,0],"8":[1,0],"9":[1,1],"10":[1,1]},"_coverageSchema":"1a1c01bbd47fc00a2c39e90264f33305004495a9","hash":"04b37b62568d60dbe1c7dcd1757c0b40331c7800"}
,"/Users/kremlin/Downloads/11Wire/backend/src/controllers/amd.controller.js": {"path":"/Users/kremlin/Downloads/11Wire/backend/src/controllers/amd.controller.js","statementMap":{"0":{"start":{"line":6,"column":19},"end":{"line":6,"column":53}},"1":{"start":{"line":7,"column":26},"end":{"line":7,"column":67}},"2":{"start":{"line":8,"column":15},"end":{"line":8,"column":41}},"3":{"start":{"line":13,"column":0},"end":{"line":39,"column":2}},"4":{"start":{"line":14,"column":2},"end":{"line":38,"column":3}},"5":{"start":{"line":15,"column":24},"end":{"line":15,"column":34}},"6":{"start":{"line":16,"column":23},"end":{"line":16,"column":31}},"7":{"start":{"line":18,"column":19},"end":{"line":18,"column":73}},"8":{"start":{"line":20,"column":4},"end":{"line":25,"column":5}},"9":{"start":{"line":21,"column":6},"end":{"line":24,"column":9}},"10":{"start":{"line":27,"column":4},"end":{"line":30,"column":7}},"11":{"start":{"line":32,"column":4},"end":{"line":32,"column":66}},"12":{"start":{"line":34,"column":4},"end":{"line":37,"column":7}},"13":{"start":{"line":44,"column":0},"end":{"line":62,"column":2}},"14":{"start":{"line":45,"column":2},"end":{"line":61,"column":3}},"15":{"start":{"line":46,"column":21},"end":{"line":46,"column":29}},"16":{"start":{"line":48,"column":19},"end":{"line":48,"column":56}},"17":{"start":{"line":50,"column":4},"end":{"line":53,"column":7}},"18":{"start":{"line":55,"column":4},"end":{"line":55,"column":66}},"19":{"start":{"line":57,"column":4},"end":{"line":60,"column":7}},"20":{"start":{"line":67,"column":0},"end":{"line":108,"column":2}},"21":{"start":{"line":68,"column":2},"end":{"line":107,"column":3}},"22":{"start":{"line":73,"column":8},"end":{"line":73,"column":16}},"23":{"start":{"line":76,"column":4},"end":{"line":81,"column":5}},"24":{"start":{"line":77,"column":6},"end":{"line":80,"column":9}},"25":{"start":{"line":83,"column":23},"end":{"line":83,"column":48}},"26":{"start":{"line":85,"column":18},"end":{"line":90,"column":5}},"27":{"start":{"line":93,"column":4},"end":{"line":93,"column":40}},"28":{"start":{"line":94,"column":4},"end":{"line":94,"column":20}},"29":{"start":{"line":96,"column":4},"end":{"line":96,"column":65}},"30":{"start":{"line":99,"column":4},"end":{"line":99,"column":40}},"31":{"start":{"line":100,"column":4},"end":{"line":106,"column":7}},"32":{"start":{"line":113,"column":0},"end":{"line":143,"column":2}},"33":{"start":{"line":114,"column":2},"end":{"line":142,"column":3}},"34":{"start":{"line":115,"column":38},"end":{"line":115,"column":46}},"35":{"start":{"line":118,"column":4},"end":{"line":123,"column":5}},"36":{"start":{"line":119,"column":6},"end":{"line":122,"column":9}},"37":{"start":{"line":125,"column":18},"end":{"line":125,"column":77}},"38":{"start":{"line":128,"column":4},"end":{"line":128,"column":40}},"39":{"start":{"line":129,"column":4},"end":{"line":129,"column":20}},"40":{"start":{"line":131,"column":4},"end":{"line":131,"column":75}},"41":{"start":{"line":134,"column":4},"end":{"line":134,"column":40}},"42":{"start":{"line":135,"column":4},"end":{"line":141,"column":7}},"43":{"start":{"line":148,"column":0},"end":{"line":182,"column":2}},"44":{"start":{"line":149,"column":2},"end":{"line":181,"column":3}},"45":{"start":{"line":150,"column":51},"end":{"line":150,"column":59}},"46":{"start":{"line":153,"column":4},"end":{"line":158,"column":5}},"47":{"start":{"line":154,"column":6},"end":{"line":157,"column":9}},"48":{"start":{"line":160,"column":18},"end":{"line":164,"column":5}},"49":{"start":{"line":167,"column":4},"end":{"line":167,"column":40}},"50":{"start":{"line":168,"column":4},"end":{"line":168,"column":20}},"51":{"start":{"line":170,"column":4},"end":{"line":170,"column":75}},"52":{"start":{"line":173,"column":4},"end":{"line":173,"column":40}},"53":{"start":{"line":174,"column":4},"end":{"line":180,"column":7}},"54":{"start":{"line":187,"column":0},"end":{"line":243,"column":2}},"55":{"start":{"line":188,"column":2},"end":{"line":242,"column":3}},"56":{"start":{"line":189,"column":21},"end":{"line":189,"column":29}},"57":{"start":{"line":190,"column":36},"end":{"line":190,"column":44}},"58":{"start":{"line":192,"column":4},"end":{"line":197,"column":5}},"59":{"start":{"line":193,"column":6},"end":{"line":196,"column":9}},"60":{"start":{"line":200,"column":22},"end":{"line":200,"column":59}},"61":{"start":{"line":203,"column":21},"end":{"line":203,"column":98}},"62":{"start":{"line":208,"column":4},"end":{"line":225,"column":5}},"63":{"start":{"line":210,"column":25},"end":{"line":210,"column":78}},"64":{"start":{"line":211,"column":24},"end":{"line":211,"column":61}},"65":{"start":{"line":213,"column":6},"end":{"line":217,"column":7}},"66":{"start":{"line":214,"column":8},"end":{"line":214,"column":75}},"67":{"start":{"line":216,"column":8},"end":{"line":216,"column":76}},"68":{"start":{"line":220,"column":23},"end":{"line":220,"column":65}},"69":{"start":{"line":221,"column":30},"end":{"line":221,"column":78}},"70":{"start":{"line":224,"column":6},"end":{"line":224,"column":77}},"71":{"start":{"line":228,"column":4},"end":{"line":228,"column":40}},"72":{"start":{"line":229,"column":4},"end":{"line":229,"column":20}},"73":{"start":{"line":231,"column":4},"end":{"line":231,"column":65}},"74":{"start":{"line":234,"column":4},"end":{"line":234,"column":40}},"75":{"start":{"line":235,"column":4},"end":{"line":241,"column":7}}},"fnMap":{"0":{"name":"(anonymous_0)","decl":{"start":{"line":13,"column":27},"end":{"line":13,"column":28}},"loc":{"start":{"line":13,"column":47},"end":{"line":39,"column":1}},"line":13},"1":{"name":"(anonymous_1)","decl":{"start":{"line":44,"column":27},"end":{"line":44,"column":28}},"loc":{"start":{"line":44,"column":47},"end":{"line":62,"column":1}},"line":44},"2":{"name":"(anonymous_2)","decl":{"start":{"line":67,"column":27},"end":{"line":67,"column":28}},"loc":{"start":{"line":67,"column":47},"end":{"line":108,"column":1}},"line":67},"3":{"name":"(anonymous_3)","decl":{"start":{"line":113,"column":36},"end":{"line":113,"column":37}},"loc":{"start":{"line":113,"column":56},"end":{"line":143,"column":1}},"line":113},"4":{"name":"(anonymous_4)","decl":{"start":{"line":148,"column":35},"end":{"line":148,"column":36}},"loc":{"start":{"line":148,"column":55},"end":{"line":182,"column":1}},"line":148},"5":{"name":"(anonymous_5)","decl":{"start":{"line":187,"column":27},"end":{"line":187,"column":28}},"loc":{"start":{"line":187,"column":47},"end":{"line":243,"column":1}},"line":187}},"branchMap":{"0":{"loc":{"start":{"line":20,"column":4},"end":{"line":25,"column":5}},"type":"if","locations":[{"start":{"line":20,"column":4},"end":{"line":25,"column":5}},{"start":{},"end":{}}],"line":20},"1":{"loc":{"start":{"line":76,"column":4},"end":{"line":81,"column":5}},"type":"if","locations":[{"start":{"line":76,"column":4},"end":{"line":81,"column":5}},{"start":{},"end":{}}],"line":76},"2":{"loc":{"start":{"line":76,"column":8},"end":{"line":76,"column":51}},"type":"binary-expr","locations":[{"start":{"line":76,"column":8},"end":{"line":76,"column":17}},{"start":{"line":76,"column":21},"end":{"line":76,"column":37}},{"start":{"line":76,"column":41},"end":{"line":76,"column":51}}],"line":76},"3":{"loc":{"start":{"line":83,"column":23},"end":{"line":83,"column":48}},"type":"binary-expr","locations":[{"start":{"line":83,"column":23},"end":{"line":83,"column":42}},{"start":{"line":83,"column":46},"end":{"line":83,"column":48}}],"line":83},"4":{"loc":{"start":{"line":118,"column":4},"end":{"line":123,"column":5}},"type":"if","locations":[{"start":{"line":118,"column":4},"end":{"line":123,"column":5}},{"start":{},"end":{}}],"line":118},"5":{"loc":{"start":{"line":118,"column":8},"end":{"line":118,"column":33}},"type":"binary-expr","locations":[{"start":{"line":118,"column":8},"end":{"line":118,"column":19}},{"start":{"line":118,"column":23},"end":{"line":118,"column":33}}],"line":118},"6":{"loc":{"start":{"line":153,"column":4},"end":{"line":158,"column":5}},"type":"if","locations":[{"start":{"line":153,"column":4},"end":{"line":158,"column":5}},{"start":{},"end":{}}],"line":153},"7":{"loc":{"start":{"line":153,"column":8},"end":{"line":153,"column":33}},"type":"binary-expr","locations":[{"start":{"line":153,"column":8},"end":{"line":153,"column":19}},{"start":{"line":153,"column":23},"end":{"line":153,"column":33}}],"line":153},"8":{"loc":{"start":{"line":163,"column":6},"end":{"line":163,"column":22}},"type":"binary-expr","locations":[{"start":{"line":163,"column":6},"end":{"line":163,"column":17}},{"start":{"line":163,"column":21},"end":{"line":163,"column":22}}],"line":163},"9":{"loc":{"start":{"line":192,"column":4},"end":{"line":197,"column":5}},"type":"if","locations":[{"start":{"line":192,"column":4},"end":{"line":197,"column":5}},{"start":{},"end":{}}],"line":192},"10":{"loc":{"start":{"line":192,"column":8},"end":{"line":192,"column":31}},"type":"binary-expr","locations":[{"start":{"line":192,"column":8},"end":{"line":192,"column":16}},{"start":{"line":192,"column":20},"end":{"line":192,"column":31}}],"line":192},"11":{"loc":{"start":{"line":203,"column":21},"end":{"line":203,"column":98}},"type":"binary-expr","locations":[{"start":{"line":203,"column":21},"end":{"line":203,"column":48}},{"start":{"line":203,"column":52},"end":{"line":203,"column":98}}],"line":203},"12":{"loc":{"start":{"line":203,"column":72},"end":{"line":203,"column":96}},"type":"binary-expr","locations":[{"start":{"line":203,"column":72},"end":{"line":203,"column":88}},{"start":{"line":203,"column":92},"end":{"line":203,"column":96}}],"line":203},"13":{"loc":{"start":{"line":208,"column":4},"end":{"line":225,"column":5}},"type":"if","locations":[{"start":{"line":208,"column":4},"end":{"line":225,"column":5}},{"start":{"line":218,"column":11},"end":{"line":225,"column":5}}],"line":208},"14":{"loc":{"start":{"line":213,"column":6},"end":{"line":217,"column":7}},"type":"if","locations":[{"start":{"line":213,"column":6},"end":{"line":217,"column":7}},{"start":{"line":215,"column":13},"end":{"line":217,"column":7}}],"line":213}},"s":{"0":1,"1":1,"2":1,"3":1,"4":0,"5":0,"6":0,"7":0,"8":0,"9":0,"10":0,"11":0,"12":0,"13":1,"14":0,"15":0,"16":0,"17":0,"18":0,"19":0,"20":1,"21":0,"22":0,"23":0,"24":0,"25":0,"26":0,"27":0,"28":0,"29":0,"30":0,"31":0,"32":1,"33":0,"34":0,"35":0,"36":0,"37":0,"38":0,"39":0,"40":0,"41":0,"42":0,"43":1,"44":0,"45":0,"46":0,"47":0,"48":0,"49":0,"50":0,"51":0,"52":0,"53":0,"54":1,"55":0,"56":0,"57":0,"58":0,"59":0,"60":0,"61":0,"62":0,"63":0,"64":0,"65":0,"66":0,"67":0,"68":0,"69":0,"70":0,"71":0,"72":0,"73":0,"74":0,"75":0},"f":{"0":0,"1":0,"2":0,"3":0,"4":0,"5":0},"b":{"0":[0,0],"1":[0,0],"2":[0,0,0],"3":[0,0],"4":[0,0],"5":[0,0],"6":[0,0],"7":[0,0],"8":[0,0],"9":[0,0],"10":[0,0],"11":[0,0],"12":[0,0],"13":[0,0],"14":[0,0]},"_coverageSchema":"1a1c01bbd47fc00a2c39e90264f33305004495a9","hash":"b296200d74a36b282019d18b98ede3079d116ab0"}
,"/Users/kremlin/Downloads/11Wire/backend/src/controllers/call.controller.js": {"path":"/Users/kremlin/Downloads/11Wire/backend/src/controllers/call.controller.js","statementMap":{"0":{"start":{"line":6,"column":28},"end":{"line":6,"column":72}},"1":{"start":{"line":7,"column":26},"end":{"line":7,"column":67}},"2":{"start":{"line":8,"column":26},"end":{"line":8,"column":67}},"3":{"start":{"line":9,"column":11},"end":{"line":9,"column":31}},"4":{"start":{"line":10,"column":15},"end":{"line":10,"column":35}},"5":{"start":{"line":11,"column":15},"end":{"line":11,"column":41}},"6":{"start":{"line":16,"column":0},"end":{"line":51,"column":2}},"7":{"start":{"line":17,"column":2},"end":{"line":50,"column":3}},"8":{"start":{"line":18,"column":61},"end":{"line":18,"column":69}},"9":{"start":{"line":21,"column":4},"end":{"line":26,"column":5}},"10":{"start":{"line":22,"column":6},"end":{"line":25,"column":9}},"11":{"start":{"line":29,"column":25},"end":{"line":29,"column":61}},"12":{"start":{"line":32,"column":19},"end":{"line":38,"column":5}},"13":{"start":{"line":40,"column":4},"end":{"line":43,"column":7}},"14":{"start":{"line":45,"column":4},"end":{"line":45,"column":60}},"15":{"start":{"line":46,"column":4},"end":{"line":49,"column":7}},"16":{"start":{"line":56,"column":0},"end":{"line":136,"column":2}},"17":{"start":{"line":57,"column":2},"end":{"line":135,"column":3}},"18":{"start":{"line":58,"column":19},"end":{"line":58,"column":29}},"19":{"start":{"line":64,"column":4},"end":{"line":97,"column":5}},"20":{"start":{"line":66,"column":6},"end":{"line":80,"column":9}},"21":{"start":{"line":83,"column":6},"end":{"line":96,"column":9}},"22":{"start":{"line":100,"column":4},"end":{"line":105,"column":5}},"23":{"start":{"line":101,"column":6},"end":{"line":104,"column":9}},"24":{"start":{"line":108,"column":17},"end":{"line":108,"column":59}},"25":{"start":{"line":111,"column":28},"end":{"line":122,"column":5}},"26":{"start":{"line":124,"column":4},"end":{"line":128,"column":7}},"27":{"start":{"line":130,"column":4},"end":{"line":130,"column":65}},"28":{"start":{"line":131,"column":4},"end":{"line":134,"column":7}},"29":{"start":{"line":141,"column":0},"end":{"line":158,"column":2}},"30":{"start":{"line":142,"column":2},"end":{"line":157,"column":3}},"31":{"start":{"line":143,"column":19},"end":{"line":143,"column":29}},"32":{"start":{"line":145,"column":19},"end":{"line":145,"column":54}},"33":{"start":{"line":147,"column":4},"end":{"line":150,"column":7}},"34":{"start":{"line":152,"column":4},"end":{"line":152,"column":56}},"35":{"start":{"line":153,"column":4},"end":{"line":156,"column":7}},"36":{"start":{"line":163,"column":0},"end":{"line":201,"column":2}},"37":{"start":{"line":164,"column":2},"end":{"line":200,"column":3}},"38":{"start":{"line":165,"column":27},"end":{"line":165,"column":37}},"39":{"start":{"line":166,"column":41},"end":{"line":166,"column":49}},"40":{"start":{"line":169,"column":19},"end":{"line":173,"column":5}},"41":{"start":{"line":176,"column":4},"end":{"line":179,"column":6}},"42":{"start":{"line":181,"column":4},"end":{"line":184,"column":7}},"43":{"start":{"line":186,"column":4},"end":{"line":186,"column":70}},"44":{"start":{"line":189,"column":4},"end":{"line":194,"column":5}},"45":{"start":{"line":190,"column":6},"end":{"line":193,"column":9}},"46":{"start":{"line":196,"column":4},"end":{"line":199,"column":7}},"47":{"start":{"line":206,"column":0},"end":{"line":328,"column":2}},"48":{"start":{"line":207,"column":2},"end":{"line":327,"column":3}},"49":{"start":{"line":221,"column":8},"end":{"line":221,"column":17}},"50":{"start":{"line":224,"column":24},"end":{"line":224,"column":26}},"51":{"start":{"line":226,"column":4},"end":{"line":226,"column":44}},"52":{"start":{"line":226,"column":16},"end":{"line":226,"column":44}},"53":{"start":{"line":227,"column":4},"end":{"line":227,"column":61}},"54":{"start":{"line":227,"column":14},"end":{"line":227,"column":61}},"55":{"start":{"line":228,"column":4},"end":{"line":228,"column":55}},"56":{"start":{"line":228,"column":12},"end":{"line":228,"column":55}},"57":{"start":{"line":229,"column":4},"end":{"line":229,"column":53}},"58":{"start":{"line":229,"column":19},"end":{"line":229,"column":53}},"59":{"start":{"line":230,"column":4},"end":{"line":230,"column":56}},"60":{"start":{"line":230,"column":20},"end":{"line":230,"column":56}},"61":{"start":{"line":233,"column":4},"end":{"line":243,"column":5}},"62":{"start":{"line":234,"column":6},"end":{"line":234,"column":33}},"63":{"start":{"line":236,"column":6},"end":{"line":238,"column":7}},"64":{"start":{"line":237,"column":8},"end":{"line":237,"column":60}},"65":{"start":{"line":240,"column":6},"end":{"line":242,"column":7}},"66":{"start":{"line":241,"column":8},"end":{"line":241,"column":58}},"67":{"start":{"line":246,"column":19},"end":{"line":246,"column":57}},"68":{"start":{"line":249,"column":35},"end":{"line":266,"column":6}},"69":{"start":{"line":270,"column":4},"end":{"line":311,"column":5}},"70":{"start":{"line":271,"column":6},"end":{"line":310,"column":7}},"71":{"start":{"line":272,"column":26},"end":{"line":274,"column":9}},"72":{"start":{"line":276,"column":8},"end":{"line":276,"column":46}},"73":{"start":{"line":276,"column":20},"end":{"line":276,"column":46}},"74":{"start":{"line":277,"column":8},"end":{"line":277,"column":40}},"75":{"start":{"line":277,"column":18},"end":{"line":277,"column":40}},"76":{"start":{"line":278,"column":8},"end":{"line":278,"column":34}},"77":{"start":{"line":278,"column":16},"end":{"line":278,"column":34}},"78":{"start":{"line":280,"column":24},"end":{"line":280,"column":73}},"79":{"start":{"line":283,"column":29},"end":{"line":283,"column":60}},"80":{"start":{"line":283,"column":47},"end":{"line":283,"column":59}},"81":{"start":{"line":284,"column":27},"end":{"line":284,"column":83}},"82":{"start":{"line":284,"column":50},"end":{"line":284,"column":82}},"83":{"start":{"line":287,"column":35},"end":{"line":298,"column":11}},"84":{"start":{"line":287,"column":59},"end":{"line":298,"column":9}},"85":{"start":{"line":301,"column":8},"end":{"line":307,"column":11}},"86":{"start":{"line":309,"column":8},"end":{"line":309,"column":101}},"87":{"start":{"line":314,"column":4},"end":{"line":320,"column":7}},"88":{"start":{"line":322,"column":4},"end":{"line":322,"column":65}},"89":{"start":{"line":323,"column":4},"end":{"line":326,"column":7}},"90":{"start":{"line":333,"column":0},"end":{"line":356,"column":2}},"91":{"start":{"line":334,"column":2},"end":{"line":355,"column":3}},"92":{"start":{"line":335,"column":21},"end":{"line":335,"column":29}},"93":{"start":{"line":336,"column":4},"end":{"line":336,"column":78}},"94":{"start":{"line":338,"column":18},"end":{"line":338,"column":71}},"95":{"start":{"line":341,"column":4},"end":{"line":341,"column":40}},"96":{"start":{"line":342,"column":4},"end":{"line":342,"column":20}},"97":{"start":{"line":344,"column":4},"end":{"line":344,"column":68}},"98":{"start":{"line":347,"column":4},"end":{"line":347,"column":40}},"99":{"start":{"line":348,"column":4},"end":{"line":354,"column":7}},"100":{"start":{"line":361,"column":0},"end":{"line":392,"column":2}},"101":{"start":{"line":362,"column":2},"end":{"line":391,"column":3}},"102":{"start":{"line":363,"column":21},"end":{"line":363,"column":29}},"103":{"start":{"line":364,"column":20},"end":{"line":364,"column":38}},"104":{"start":{"line":367,"column":23},"end":{"line":370,"column":5}},"105":{"start":{"line":372,"column":4},"end":{"line":372,"column":63}},"106":{"start":{"line":374,"column":18},"end":{"line":374,"column":68}},"107":{"start":{"line":377,"column":4},"end":{"line":377,"column":40}},"108":{"start":{"line":378,"column":4},"end":{"line":378,"column":20}},"109":{"start":{"line":380,"column":4},"end":{"line":380,"column":62}},"110":{"start":{"line":383,"column":4},"end":{"line":383,"column":40}},"111":{"start":{"line":384,"column":4},"end":{"line":390,"column":7}},"112":{"start":{"line":397,"column":0},"end":{"line":459,"column":2}},"113":{"start":{"line":398,"column":2},"end":{"line":458,"column":3}},"114":{"start":{"line":399,"column":23},"end":{"line":399,"column":31}},"115":{"start":{"line":400,"column":4},"end":{"line":400,"column":79}},"116":{"start":{"line":403,"column":4},"end":{"line":403,"column":59}},"117":{"start":{"line":406,"column":4},"end":{"line":451,"column":5}},"118":{"start":{"line":408,"column":73},"end":{"line":408,"column":83}},"119":{"start":{"line":410,"column":6},"end":{"line":447,"column":7}},"120":{"start":{"line":412,"column":22},"end":{"line":412,"column":79}},"121":{"start":{"line":415,"column":24},"end":{"line":417,"column":9}},"122":{"start":{"line":419,"column":8},"end":{"line":427,"column":9}},"123":{"start":{"line":420,"column":10},"end":{"line":420,"column":52}},"124":{"start":{"line":423,"column":10},"end":{"line":426,"column":11}},"125":{"start":{"line":424,"column":12},"end":{"line":425,"column":47}},"126":{"start":{"line":429,"column":8},"end":{"line":446,"column":9}},"127":{"start":{"line":431,"column":10},"end":{"line":431,"column":40}},"128":{"start":{"line":432,"column":10},"end":{"line":432,"column":58}},"129":{"start":{"line":435,"column":10},"end":{"line":444,"column":13}},"130":{"start":{"line":445,"column":10},"end":{"line":445,"column":62}},"131":{"start":{"line":449,"column":6},"end":{"line":449,"column":66}},"132":{"start":{"line":454,"column":4},"end":{"line":454,"column":45}},"133":{"start":{"line":456,"column":4},"end":{"line":456,"column":62}},"134":{"start":{"line":457,"column":4},"end":{"line":457,"column":67}},"135":{"start":{"line":464,"column":0},"end":{"line":477,"column":2}},"136":{"start":{"line":465,"column":2},"end":{"line":476,"column":3}},"137":{"start":{"line":466,"column":26},"end":{"line":466,"column":34}},"138":{"start":{"line":467,"column":4},"end":{"line":467,"column":80}},"139":{"start":{"line":472,"column":4},"end":{"line":472,"column":45}},"140":{"start":{"line":474,"column":4},"end":{"line":474,"column":65}},"141":{"start":{"line":475,"column":4},"end":{"line":475,"column":67}},"142":{"start":{"line":482,"column":0},"end":{"line":499,"column":2}},"143":{"start":{"line":483,"column":2},"end":{"line":498,"column":3}},"144":{"start":{"line":485,"column":19},"end":{"line":485,"column":54}},"145":{"start":{"line":487,"column":4},"end":{"line":491,"column":7}},"146":{"start":{"line":493,"column":4},"end":{"line":493,"column":65}},"147":{"start":{"line":494,"column":4},"end":{"line":497,"column":7}},"148":{"start":{"line":504,"column":0},"end":{"line":606,"column":2}},"149":{"start":{"line":505,"column":2},"end":{"line":605,"column":3}},"150":{"start":{"line":506,"column":47},"end":{"line":506,"column":56}},"151":{"start":{"line":509,"column":24},"end":{"line":509,"column":26}},"152":{"start":{"line":511,"column":4},"end":{"line":513,"column":5}},"153":{"start":{"line":512,"column":6},"end":{"line":512,"column":42}},"154":{"start":{"line":516,"column":4},"end":{"line":526,"column":5}},"155":{"start":{"line":517,"column":6},"end":{"line":517,"column":33}},"156":{"start":{"line":519,"column":6},"end":{"line":521,"column":7}},"157":{"start":{"line":520,"column":8},"end":{"line":520,"column":60}},"158":{"start":{"line":523,"column":6},"end":{"line":525,"column":7}},"159":{"start":{"line":524,"column":8},"end":{"line":524,"column":58}},"160":{"start":{"line":529,"column":23},"end":{"line":529,"column":69}},"161":{"start":{"line":532,"column":26},"end":{"line":539,"column":6}},"162":{"start":{"line":542,"column":25},"end":{"line":545,"column":10}},"163":{"start":{"line":543,"column":6},"end":{"line":543,"column":57}},"164":{"start":{"line":544,"column":6},"end":{"line":544,"column":17}},"165":{"start":{"line":548,"column":29},"end":{"line":555,"column":6}},"166":{"start":{"line":558,"column":28},"end":{"line":561,"column":10}},"167":{"start":{"line":559,"column":6},"end":{"line":559,"column":60}},"168":{"start":{"line":560,"column":6},"end":{"line":560,"column":17}},"169":{"start":{"line":564,"column":24},"end":{"line":572,"column":6}},"170":{"start":{"line":575,"column":31},"end":{"line":585,"column":5}},"171":{"start":{"line":587,"column":4},"end":{"line":598,"column":7}},"172":{"start":{"line":594,"column":58},"end":{"line":597,"column":7}},"173":{"start":{"line":600,"column":4},"end":{"line":600,"column":68}},"174":{"start":{"line":601,"column":4},"end":{"line":604,"column":7}}},"fnMap":{"0":{"name":"(anonymous_0)","decl":{"start":{"line":16,"column":23},"end":{"line":16,"column":24}},"loc":{"start":{"line":16,"column":43},"end":{"line":51,"column":1}},"line":16},"1":{"name":"(anonymous_1)","decl":{"start":{"line":56,"column":25},"end":{"line":56,"column":26}},"loc":{"start":{"line":56,"column":45},"end":{"line":136,"column":1}},"line":56},"2":{"name":"(anonymous_2)","decl":{"start":{"line":141,"column":18},"end":{"line":141,"column":19}},"loc":{"start":{"line":141,"column":38},"end":{"line":158,"column":1}},"line":141},"3":{"name":"(anonymous_3)","decl":{"start":{"line":163,"column":31},"end":{"line":163,"column":32}},"loc":{"start":{"line":163,"column":51},"end":{"line":201,"column":1}},"line":163},"4":{"name":"(anonymous_4)","decl":{"start":{"line":206,"column":25},"end":{"line":206,"column":26}},"loc":{"start":{"line":206,"column":45},"end":{"line":328,"column":1}},"line":206},"5":{"name":"(anonymous_5)","decl":{"start":{"line":283,"column":39},"end":{"line":283,"column":40}},"loc":{"start":{"line":283,"column":47},"end":{"line":283,"column":59}},"line":283},"6":{"name":"(anonymous_6)","decl":{"start":{"line":284,"column":42},"end":{"line":284,"column":43}},"loc":{"start":{"line":284,"column":50},"end":{"line":284,"column":82}},"line":284},"7":{"name":"(anonymous_7)","decl":{"start":{"line":287,"column":50},"end":{"line":287,"column":51}},"loc":{"start":{"line":287,"column":59},"end":{"line":298,"column":9}},"line":287},"8":{"name":"(anonymous_8)","decl":{"start":{"line":333,"column":28},"end":{"line":333,"column":29}},"loc":{"start":{"line":333,"column":48},"end":{"line":356,"column":1}},"line":333},"9":{"name":"(anonymous_9)","decl":{"start":{"line":361,"column":30},"end":{"line":361,"column":31}},"loc":{"start":{"line":361,"column":50},"end":{"line":392,"column":1}},"line":361},"10":{"name":"(anonymous_10)","decl":{"start":{"line":397,"column":30},"end":{"line":397,"column":31}},"loc":{"start":{"line":397,"column":50},"end":{"line":459,"column":1}},"line":397},"11":{"name":"(anonymous_11)","decl":{"start":{"line":464,"column":33},"end":{"line":464,"column":34}},"loc":{"start":{"line":464,"column":53},"end":{"line":477,"column":1}},"line":464},"12":{"name":"(anonymous_12)","decl":{"start":{"line":482,"column":25},"end":{"line":482,"column":26}},"loc":{"start":{"line":482,"column":45},"end":{"line":499,"column":1}},"line":482},"13":{"name":"(anonymous_13)","decl":{"start":{"line":504,"column":28},"end":{"line":504,"column":29}},"loc":{"start":{"line":504,"column":48},"end":{"line":606,"column":1}},"line":504},"14":{"name":"(anonymous_14)","decl":{"start":{"line":542,"column":46},"end":{"line":542,"column":47}},"loc":{"start":{"line":542,"column":61},"end":{"line":545,"column":5}},"line":542},"15":{"name":"(anonymous_15)","decl":{"start":{"line":558,"column":52},"end":{"line":558,"column":53}},"loc":{"start":{"line":558,"column":67},"end":{"line":561,"column":5}},"line":558},"16":{"name":"(anonymous_16)","decl":{"start":{"line":594,"column":49},"end":{"line":594,"column":50}},"loc":{"start":{"line":594,"column":58},"end":{"line":597,"column":7}},"line":594}},"branchMap":{"0":{"loc":{"start":{"line":21,"column":4},"end":{"line":26,"column":5}},"type":"if","locations":[{"start":{"line":21,"column":4},"end":{"line":26,"column":5}},{"start":{},"end":{}}],"line":21},"1":{"loc":{"start":{"line":21,"column":8},"end":{"line":21,"column":37}},"type":"binary-expr","locations":[{"start":{"line":21,"column":8},"end":{"line":21,"column":11}},{"start":{"line":21,"column":15},"end":{"line":21,"column":20}},{"start":{"line":21,"column":24},"end":{"line":21,"column":37}}],"line":21},"2":{"loc":{"start":{"line":29,"column":25},"end":{"line":29,"column":61}},"type":"cond-expr","locations":[{"start":{"line":29,"column":38},"end":{"line":29,"column":56}},{"start":{"line":29,"column":59},"end":{"line":29,"column":61}}],"line":29},"3":{"loc":{"start":{"line":64,"column":4},"end":{"line":97,"column":5}},"type":"if","locations":[{"start":{"line":64,"column":4},"end":{"line":97,"column":5}},{"start":{"line":81,"column":11},"end":{"line":97,"column":5}}],"line":64},"4":{"loc":{"start":{"line":100,"column":4},"end":{"line":105,"column":5}},"type":"if","locations":[{"start":{"line":100,"column":4},"end":{"line":105,"column":5}},{"start":{},"end":{}}],"line":100},"5":{"loc":{"start":{"line":119,"column":15},"end":{"line":120,"column":86}},"type":"cond-expr","locations":[{"start":{"line":120,"column":8},"end":{"line":120,"column":79}},{"start":{"line":120,"column":82},"end":{"line":120,"column":86}}],"line":119},"6":{"loc":{"start":{"line":119,"column":15},"end":{"line":119,"column":48}},"type":"binary-expr","locations":[{"start":{"line":119,"column":15},"end":{"line":119,"column":31}},{"start":{"line":119,"column":35},"end":{"line":119,"column":48}}],"line":119},"7":{"loc":{"start":{"line":178,"column":37},"end":{"line":178,"column":58}},"type":"binary-expr","locations":[{"start":{"line":178,"column":37},"end":{"line":178,"column":52}},{"start":{"line":178,"column":56},"end":{"line":178,"column":58}}],"line":178},"8":{"loc":{"start":{"line":189,"column":4},"end":{"line":194,"column":5}},"type":"if","locations":[{"start":{"line":189,"column":4},"end":{"line":194,"column":5}},{"start":{},"end":{}}],"line":189},"9":{"loc":{"start":{"line":217,"column":6},"end":{"line":217,"column":14}},"type":"default-arg","locations":[{"start":{"line":217,"column":13},"end":{"line":217,"column":14}}],"line":217},"10":{"loc":{"start":{"line":218,"column":6},"end":{"line":218,"column":16}},"type":"default-arg","locations":[{"start":{"line":218,"column":14},"end":{"line":218,"column":16}}],"line":218},"11":{"loc":{"start":{"line":219,"column":6},"end":{"line":219,"column":26}},"type":"default-arg","locations":[{"start":{"line":219,"column":15},"end":{"line":219,"column":26}}],"line":219},"12":{"loc":{"start":{"line":220,"column":6},"end":{"line":220,"column":22}},"type":"default-arg","locations":[{"start":{"line":220,"column":16},"end":{"line":220,"column":22}}],"line":220},"13":{"loc":{"start":{"line":226,"column":4},"end":{"line":226,"column":44}},"type":"if","locations":[{"start":{"line":226,"column":4},"end":{"line":226,"column":44}},{"start":{},"end":{}}],"line":226},"14":{"loc":{"start":{"line":227,"column":4},"end":{"line":227,"column":61}},"type":"if","locations":[{"start":{"line":227,"column":4},"end":{"line":227,"column":61}},{"start":{},"end":{}}],"line":227},"15":{"loc":{"start":{"line":228,"column":4},"end":{"line":228,"column":55}},"type":"if","locations":[{"start":{"line":228,"column":4},"end":{"line":228,"column":55}},{"start":{},"end":{}}],"line":228},"16":{"loc":{"start":{"line":229,"column":4},"end":{"line":229,"column":53}},"type":"if","locations":[{"start":{"line":229,"column":4},"end":{"line":229,"column":53}},{"start":{},"end":{}}],"line":229},"17":{"loc":{"start":{"line":230,"column":4},"end":{"line":230,"column":56}},"type":"if","locations":[{"start":{"line":230,"column":4},"end":{"line":230,"column":56}},{"start":{},"end":{}}],"line":230},"18":{"loc":{"start":{"line":233,"column":4},"end":{"line":243,"column":5}},"type":"if","locations":[{"start":{"line":233,"column":4},"end":{"line":243,"column":5}},{"start":{},"end":{}}],"line":233},"19":{"loc":{"start":{"line":233,"column":8},"end":{"line":233,"column":28}},"type":"binary-expr","locations":[{"start":{"line":233,"column":8},"end":{"line":233,"column":17}},{"start":{"line":233,"column":21},"end":{"line":233,"column":28}}],"line":233},"20":{"loc":{"start":{"line":236,"column":6},"end":{"line":238,"column":7}},"type":"if","locations":[{"start":{"line":236,"column":6},"end":{"line":238,"column":7}},{"start":{},"end":{}}],"line":236},"21":{"loc":{"start":{"line":240,"column":6},"end":{"line":242,"column":7}},"type":"if","locations":[{"start":{"line":240,"column":6},"end":{"line":242,"column":7}},{"start":{},"end":{}}],"line":240},"22":{"loc":{"start":{"line":270,"column":4},"end":{"line":311,"column":5}},"type":"if","locations":[{"start":{"line":270,"column":4},"end":{"line":311,"column":5}},{"start":{},"end":{}}],"line":270},"23":{"loc":{"start":{"line":276,"column":8},"end":{"line":276,"column":46}},"type":"if","locations":[{"start":{"line":276,"column":8},"end":{"line":276,"column":46}},{"start":{},"end":{}}],"line":276},"24":{"loc":{"start":{"line":277,"column":8},"end":{"line":277,"column":40}},"type":"if","locations":[{"start":{"line":277,"column":8},"end":{"line":277,"column":40}},{"start":{},"end":{}}],"line":277},"25":{"loc":{"start":{"line":278,"column":8},"end":{"line":278,"column":34}},"type":"if","locations":[{"start":{"line":278,"column":8},"end":{"line":278,"column":34}},{"start":{},"end":{}}],"line":278},"26":{"loc":{"start":{"line":295,"column":19},"end":{"line":296,"column":90}},"type":"cond-expr","locations":[{"start":{"line":296,"column":12},"end":{"line":296,"column":83}},{"start":{"line":296,"column":86},"end":{"line":296,"column":90}}],"line":295},"27":{"loc":{"start":{"line":295,"column":19},"end":{"line":295,"column":52}},"type":"binary-expr","locations":[{"start":{"line":295,"column":19},"end":{"line":295,"column":35}},{"start":{"line":295,"column":39},"end":{"line":295,"column":52}}],"line":295},"28":{"loc":{"start":{"line":410,"column":6},"end":{"line":447,"column":7}},"type":"if","locations":[{"start":{"line":410,"column":6},"end":{"line":447,"column":7}},{"start":{},"end":{}}],"line":410},"29":{"loc":{"start":{"line":416,"column":18},"end":{"line":416,"column":56}},"type":"binary-expr","locations":[{"start":{"line":416,"column":18},"end":{"line":416,"column":43}},{"start":{"line":416,"column":47},"end":{"line":416,"column":56}}],"line":416},"30":{"loc":{"start":{"line":419,"column":8},"end":{"line":427,"column":9}},"type":"if","locations":[{"start":{"line":419,"column":8},"end":{"line":427,"column":9}},{"start":{},"end":{}}],"line":419},"31":{"loc":{"start":{"line":423,"column":10},"end":{"line":426,"column":11}},"type":"if","locations":[{"start":{"line":423,"column":10},"end":{"line":426,"column":11}},{"start":{},"end":{}}],"line":423},"32":{"loc":{"start":{"line":423,"column":14},"end":{"line":423,"column":42}},"type":"binary-expr","locations":[{"start":{"line":423,"column":14},"end":{"line":423,"column":21}},{"start":{"line":423,"column":25},"end":{"line":423,"column":42}}],"line":423},"33":{"loc":{"start":{"line":429,"column":8},"end":{"line":446,"column":9}},"type":"if","locations":[{"start":{"line":429,"column":8},"end":{"line":446,"column":9}},{"start":{"line":433,"column":15},"end":{"line":446,"column":9}}],"line":429},"34":{"loc":{"start":{"line":439,"column":23},"end":{"line":439,"column":61}},"type":"binary-expr","locations":[{"start":{"line":439,"column":23},"end":{"line":439,"column":47}},{"start":{"line":439,"column":51},"end":{"line":439,"column":61}}],"line":439},"35":{"loc":{"start":{"line":440,"column":20},"end":{"line":440,"column":58}},"type":"binary-expr","locations":[{"start":{"line":440,"column":20},"end":{"line":440,"column":45}},{"start":{"line":440,"column":49},"end":{"line":440,"column":58}}],"line":440},"36":{"loc":{"start":{"line":441,"column":22},"end":{"line":441,"column":66}},"type":"cond-expr","locations":[{"start":{"line":441,"column":37},"end":{"line":441,"column":59}},{"start":{"line":441,"column":62},"end":{"line":441,"column":66}}],"line":441},"37":{"loc":{"start":{"line":511,"column":4},"end":{"line":513,"column":5}},"type":"if","locations":[{"start":{"line":511,"column":4},"end":{"line":513,"column":5}},{"start":{},"end":{}}],"line":511},"38":{"loc":{"start":{"line":516,"column":4},"end":{"line":526,"column":5}},"type":"if","locations":[{"start":{"line":516,"column":4},"end":{"line":526,"column":5}},{"start":{},"end":{}}],"line":516},"39":{"loc":{"start":{"line":516,"column":8},"end":{"line":516,"column":28}},"type":"binary-expr","locations":[{"start":{"line":516,"column":8},"end":{"line":516,"column":17}},{"start":{"line":516,"column":21},"end":{"line":516,"column":28}}],"line":516},"40":{"loc":{"start":{"line":519,"column":6},"end":{"line":521,"column":7}},"type":"if","locations":[{"start":{"line":519,"column":6},"end":{"line":521,"column":7}},{"start":{},"end":{}}],"line":519},"41":{"loc":{"start":{"line":523,"column":6},"end":{"line":525,"column":7}},"type":"if","locations":[{"start":{"line":523,"column":6},"end":{"line":525,"column":7}},{"start":{},"end":{}}],"line":523},"42":{"loc":{"start":{"line":579,"column":8},"end":{"line":579,"column":70}},"type":"cond-expr","locations":[{"start":{"line":579,"column":21},"end":{"line":579,"column":65}},{"start":{"line":579,"column":68},"end":{"line":579,"column":70}}],"line":579},"43":{"loc":{"start":{"line":580,"column":8},"end":{"line":580,"column":67}},"type":"cond-expr","locations":[{"start":{"line":580,"column":20},"end":{"line":580,"column":62}},{"start":{"line":580,"column":65},"end":{"line":580,"column":67}}],"line":580},"44":{"loc":{"start":{"line":581,"column":8},"end":{"line":581,"column":63}},"type":"cond-expr","locations":[{"start":{"line":581,"column":18},"end":{"line":581,"column":58}},{"start":{"line":581,"column":61},"end":{"line":581,"column":63}}],"line":581},"45":{"loc":{"start":{"line":592,"column":23},"end":{"line":593,"column":70}},"type":"cond-expr","locations":[{"start":{"line":593,"column":8},"end":{"line":593,"column":66}},{"start":{"line":593,"column":69},"end":{"line":593,"column":70}}],"line":592}},"s":{"0":1,"1":1,"2":1,"3":1,"4":1,"5":1,"6":1,"7":0,"8":0,"9":0,"10":0,"11":0,"12":0,"13":0,"14":0,"15":0,"16":1,"17":1,"18":1,"19":1,"20":0,"21":1,"22":1,"23":1,"24":0,"25":0,"26":0,"27":0,"28":0,"29":1,"30":0,"31":0,"32":0,"33":0,"34":0,"35":0,"36":1,"37":0,"38":0,"39":0,"40":0,"41":0,"42":0,"43":0,"44":0,"45":0,"46":0,"47":1,"48":1,"49":1,"50":1,"51":1,"52":0,"53":1,"54":0,"55":1,"56":0,"57":1,"58":0,"59":1,"60":0,"61":1,"62":0,"63":0,"64":0,"65":0,"66":0,"67":1,"68":1,"69":1,"70":1,"71":1,"72":1,"73":0,"74":1,"75":0,"76":1,"77":0,"78":1,"79":1,"80":1,"81":1,"82":0,"83":0,"84":0,"85":0,"86":1,"87":1,"88":0,"89":0,"90":1,"91":0,"92":0,"93":0,"94":0,"95":0,"96":0,"97":0,"98":0,"99":0,"100":1,"101":0,"102":0,"103":0,"104":0,"105":0,"106":0,"107":0,"108":0,"109":0,"110":0,"111":0,"112":1,"113":0,"114":0,"115":0,"116":0,"117":0,"118":0,"119":0,"120":0,"121":0,"122":0,"123":0,"124":0,"125":0,"126":0,"127":0,"128":0,"129":0,"130":0,"131":0,"132":0,"133":0,"134":0,"135":1,"136":0,"137":0,"138":0,"139":0,"140":0,"141":0,"142":1,"143":0,"144":0,"145":0,"146":0,"147":0,"148":1,"149":1,"150":1,"151":1,"152":1,"153":0,"154":1,"155":0,"156":0,"157":0,"158":0,"159":0,"160":1,"161":1,"162":1,"163":1,"164":1,"165":1,"166":1,"167":1,"168":1,"169":1,"170":1,"171":1,"172":1,"173":0,"174":0},"f":{"0":0,"1":1,"2":0,"3":0,"4":1,"5":1,"6":0,"7":0,"8":0,"9":0,"10":0,"11":0,"12":0,"13":1,"14":1,"15":1,"16":1},"b":{"0":[0,0],"1":[0,0,0],"2":[0,0],"3":[0,1],"4":[1,0],"5":[0,0],"6":[0,0],"7":[0,0],"8":[0,0],"9":[0],"10":[0],"11":[1],"12":[1],"13":[0,1],"14":[0,1],"15":[0,1],"16":[0,1],"17":[0,1],"18":[0,1],"19":[1,1],"20":[0,0],"21":[0,0],"22":[1,0],"23":[0,1],"24":[0,1],"25":[0,1],"26":[0,0],"27":[0,0],"28":[0,0],"29":[0,0],"30":[0,0],"31":[0,0],"32":[0,0],"33":[0,0],"34":[0,0],"35":[0,0],"36":[0,0],"37":[0,1],"38":[0,1],"39":[1,1],"40":[0,0],"41":[0,0],"42":[0,1],"43":[0,1],"44":[0,1],"45":[1,0]},"_coverageSchema":"1a1c01bbd47fc00a2c39e90264f33305004495a9","hash":"025f30459b38ae226650b0d909990d4070679cf6"}
,"/Users/kremlin/Downloads/11Wire/backend/src/controllers/campaign-scheduler.controller.js": {"path":"/Users/kremlin/Downloads/11Wire/backend/src/controllers/campaign-scheduler.controller.js","statementMap":{"0":{"start":{"line":6,"column":33},"end":{"line":6,"column":82}},"1":{"start":{"line":7,"column":15},"end":{"line":7,"column":41}},"2":{"start":{"line":12,"column":0},"end":{"line":39,"column":2}},"3":{"start":{"line":13,"column":2},"end":{"line":38,"column":3}},"4":{"start":{"line":14,"column":27},"end":{"line":14,"column":37}},"5":{"start":{"line":15,"column":25},"end":{"line":15,"column":33}},"6":{"start":{"line":17,"column":19},"end":{"line":17,"column":85}},"7":{"start":{"line":19,"column":4},"end":{"line":22,"column":7}},"8":{"start":{"line":24,"column":4},"end":{"line":24,"column":72}},"9":{"start":{"line":27,"column":4},"end":{"line":32,"column":5}},"10":{"start":{"line":28,"column":6},"end":{"line":31,"column":9}},"11":{"start":{"line":34,"column":4},"end":{"line":37,"column":7}},"12":{"start":{"line":44,"column":0},"end":{"line":70,"column":2}},"13":{"start":{"line":45,"column":2},"end":{"line":69,"column":3}},"14":{"start":{"line":46,"column":27},"end":{"line":46,"column":37}},"15":{"start":{"line":48,"column":19},"end":{"line":48,"column":69}},"16":{"start":{"line":51,"column":4},"end":{"line":56,"column":5}},"17":{"start":{"line":52,"column":6},"end":{"line":55,"column":9}},"18":{"start":{"line":58,"column":4},"end":{"line":61,"column":7}},"19":{"start":{"line":63,"column":4},"end":{"line":63,"column":71}},"20":{"start":{"line":65,"column":4},"end":{"line":68,"column":7}},"21":{"start":{"line":75,"column":0},"end":{"line":101,"column":2}},"22":{"start":{"line":76,"column":2},"end":{"line":100,"column":3}},"23":{"start":{"line":77,"column":27},"end":{"line":77,"column":37}},"24":{"start":{"line":79,"column":19},"end":{"line":79,"column":70}},"25":{"start":{"line":82,"column":4},"end":{"line":87,"column":5}},"26":{"start":{"line":83,"column":6},"end":{"line":86,"column":9}},"27":{"start":{"line":89,"column":4},"end":{"line":92,"column":7}},"28":{"start":{"line":94,"column":4},"end":{"line":94,"column":72}},"29":{"start":{"line":96,"column":4},"end":{"line":99,"column":7}},"30":{"start":{"line":106,"column":0},"end":{"line":133,"column":2}},"31":{"start":{"line":107,"column":2},"end":{"line":132,"column":3}},"32":{"start":{"line":108,"column":27},"end":{"line":108,"column":37}},"33":{"start":{"line":109,"column":29},"end":{"line":109,"column":37}},"34":{"start":{"line":111,"column":19},"end":{"line":111,"column":88}},"35":{"start":{"line":114,"column":4},"end":{"line":119,"column":5}},"36":{"start":{"line":115,"column":6},"end":{"line":118,"column":9}},"37":{"start":{"line":121,"column":4},"end":{"line":124,"column":7}},"38":{"start":{"line":126,"column":4},"end":{"line":126,"column":72}},"39":{"start":{"line":128,"column":4},"end":{"line":131,"column":7}},"40":{"start":{"line":138,"column":0},"end":{"line":164,"column":2}},"41":{"start":{"line":139,"column":2},"end":{"line":163,"column":3}},"42":{"start":{"line":140,"column":27},"end":{"line":140,"column":37}},"43":{"start":{"line":142,"column":19},"end":{"line":142,"column":73}},"44":{"start":{"line":145,"column":4},"end":{"line":150,"column":5}},"45":{"start":{"line":146,"column":6},"end":{"line":149,"column":9}},"46":{"start":{"line":152,"column":4},"end":{"line":155,"column":7}},"47":{"start":{"line":157,"column":4},"end":{"line":157,"column":78}},"48":{"start":{"line":159,"column":4},"end":{"line":162,"column":7}},"49":{"start":{"line":169,"column":0},"end":{"line":186,"column":2}},"50":{"start":{"line":170,"column":2},"end":{"line":185,"column":3}},"51":{"start":{"line":171,"column":19},"end":{"line":171,"column":67}},"52":{"start":{"line":173,"column":4},"end":{"line":177,"column":7}},"53":{"start":{"line":179,"column":4},"end":{"line":179,"column":83}},"54":{"start":{"line":181,"column":4},"end":{"line":184,"column":7}},"55":{"start":{"line":191,"column":0},"end":{"line":218,"column":2}},"56":{"start":{"line":192,"column":2},"end":{"line":217,"column":3}},"57":{"start":{"line":193,"column":27},"end":{"line":193,"column":37}},"58":{"start":{"line":194,"column":25},"end":{"line":194,"column":33}},"59":{"start":{"line":196,"column":19},"end":{"line":196,"column":88}},"60":{"start":{"line":199,"column":4},"end":{"line":204,"column":5}},"61":{"start":{"line":200,"column":6},"end":{"line":203,"column":9}},"62":{"start":{"line":206,"column":4},"end":{"line":209,"column":7}},"63":{"start":{"line":211,"column":4},"end":{"line":211,"column":81}},"64":{"start":{"line":213,"column":4},"end":{"line":216,"column":7}}},"fnMap":{"0":{"name":"(anonymous_0)","decl":{"start":{"line":12,"column":24},"end":{"line":12,"column":25}},"loc":{"start":{"line":12,"column":44},"end":{"line":39,"column":1}},"line":12},"1":{"name":"(anonymous_1)","decl":{"start":{"line":44,"column":24},"end":{"line":44,"column":25}},"loc":{"start":{"line":44,"column":44},"end":{"line":70,"column":1}},"line":44},"2":{"name":"(anonymous_2)","decl":{"start":{"line":75,"column":25},"end":{"line":75,"column":26}},"loc":{"start":{"line":75,"column":45},"end":{"line":101,"column":1}},"line":75},"3":{"name":"(anonymous_3)","decl":{"start":{"line":106,"column":23},"end":{"line":106,"column":24}},"loc":{"start":{"line":106,"column":43},"end":{"line":133,"column":1}},"line":106},"4":{"name":"(anonymous_4)","decl":{"start":{"line":138,"column":28},"end":{"line":138,"column":29}},"loc":{"start":{"line":138,"column":48},"end":{"line":164,"column":1}},"line":138},"5":{"name":"(anonymous_5)","decl":{"start":{"line":169,"column":32},"end":{"line":169,"column":33}},"loc":{"start":{"line":169,"column":52},"end":{"line":186,"column":1}},"line":169},"6":{"name":"(anonymous_6)","decl":{"start":{"line":191,"column":33},"end":{"line":191,"column":34}},"loc":{"start":{"line":191,"column":53},"end":{"line":218,"column":1}},"line":191}},"branchMap":{"0":{"loc":{"start":{"line":27,"column":4},"end":{"line":32,"column":5}},"type":"if","locations":[{"start":{"line":27,"column":4},"end":{"line":32,"column":5}},{"start":{},"end":{}}],"line":27},"1":{"loc":{"start":{"line":51,"column":4},"end":{"line":56,"column":5}},"type":"if","locations":[{"start":{"line":51,"column":4},"end":{"line":56,"column":5}},{"start":{},"end":{}}],"line":51},"2":{"loc":{"start":{"line":82,"column":4},"end":{"line":87,"column":5}},"type":"if","locations":[{"start":{"line":82,"column":4},"end":{"line":87,"column":5}},{"start":{},"end":{}}],"line":82},"3":{"loc":{"start":{"line":114,"column":4},"end":{"line":119,"column":5}},"type":"if","locations":[{"start":{"line":114,"column":4},"end":{"line":119,"column":5}},{"start":{},"end":{}}],"line":114},"4":{"loc":{"start":{"line":145,"column":4},"end":{"line":150,"column":5}},"type":"if","locations":[{"start":{"line":145,"column":4},"end":{"line":150,"column":5}},{"start":{},"end":{}}],"line":145},"5":{"loc":{"start":{"line":199,"column":4},"end":{"line":204,"column":5}},"type":"if","locations":[{"start":{"line":199,"column":4},"end":{"line":204,"column":5}},{"start":{},"end":{}}],"line":199}},"s":{"0":1,"1":1,"2":1,"3":0,"4":0,"5":0,"6":0,"7":0,"8":0,"9":0,"10":0,"11":0,"12":1,"13":0,"14":0,"15":0,"16":0,"17":0,"18":0,"19":0,"20":0,"21":1,"22":0,"23":0,"24":0,"25":0,"26":0,"27":0,"28":0,"29":0,"30":1,"31":0,"32":0,"33":0,"34":0,"35":0,"36":0,"37":0,"38":0,"39":0,"40":1,"41":0,"42":0,"43":0,"44":0,"45":0,"46":0,"47":0,"48":0,"49":1,"50":0,"51":0,"52":0,"53":0,"54":0,"55":1,"56":0,"57":0,"58":0,"59":0,"60":0,"61":0,"62":0,"63":0,"64":0},"f":{"0":0,"1":0,"2":0,"3":0,"4":0,"5":0,"6":0},"b":{"0":[0,0],"1":[0,0],"2":[0,0],"3":[0,0],"4":[0,0],"5":[0,0]},"_coverageSchema":"1a1c01bbd47fc00a2c39e90264f33305004495a9","hash":"d07aa6301f9d14c544494e5c49280ec18744b537"}
,"/Users/kremlin/Downloads/11Wire/backend/src/controllers/campaign.controller.js": {"path":"/Users/kremlin/Downloads/11Wire/backend/src/controllers/campaign.controller.js","statementMap":{"0":{"start":{"line":5,"column":15},"end":{"line":5,"column":41}},"1":{"start":{"line":6,"column":24},"end":{"line":6,"column":63}},"2":{"start":{"line":11,"column":0},"end":{"line":28,"column":2}},"3":{"start":{"line":12,"column":2},"end":{"line":27,"column":3}},"4":{"start":{"line":13,"column":20},"end":{"line":13,"column":48}},"5":{"start":{"line":14,"column":19},"end":{"line":14,"column":65}},"6":{"start":{"line":16,"column":4},"end":{"line":16,"column":56}},"7":{"start":{"line":17,"column":4},"end":{"line":20,"column":7}},"8":{"start":{"line":22,"column":4},"end":{"line":22,"column":65}},"9":{"start":{"line":23,"column":4},"end":{"line":26,"column":7}},"10":{"start":{"line":33,"column":0},"end":{"line":57,"column":2}},"11":{"start":{"line":34,"column":2},"end":{"line":56,"column":3}},"12":{"start":{"line":35,"column":19},"end":{"line":35,"column":29}},"13":{"start":{"line":36,"column":21},"end":{"line":36,"column":62}},"14":{"start":{"line":38,"column":4},"end":{"line":43,"column":5}},"15":{"start":{"line":39,"column":6},"end":{"line":42,"column":9}},"16":{"start":{"line":45,"column":4},"end":{"line":45,"column":45}},"17":{"start":{"line":46,"column":4},"end":{"line":49,"column":7}},"18":{"start":{"line":51,"column":4},"end":{"line":51,"column":64}},"19":{"start":{"line":52,"column":4},"end":{"line":55,"column":7}},"20":{"start":{"line":62,"column":0},"end":{"line":100,"column":2}},"21":{"start":{"line":63,"column":2},"end":{"line":99,"column":3}},"22":{"start":{"line":65,"column":25},"end":{"line":65,"column":33}},"23":{"start":{"line":68,"column":4},"end":{"line":74,"column":5}},"24":{"start":{"line":70,"column":6},"end":{"line":73,"column":9}},"25":{"start":{"line":77,"column":24},"end":{"line":77,"column":74}},"26":{"start":{"line":79,"column":4},"end":{"line":79,"column":59}},"27":{"start":{"line":80,"column":4},"end":{"line":83,"column":7}},"28":{"start":{"line":85,"column":4},"end":{"line":85,"column":62}},"29":{"start":{"line":88,"column":4},"end":{"line":93,"column":5}},"30":{"start":{"line":89,"column":6},"end":{"line":92,"column":9}},"31":{"start":{"line":95,"column":4},"end":{"line":98,"column":7}},"32":{"start":{"line":105,"column":0},"end":{"line":132,"column":2}},"33":{"start":{"line":106,"column":2},"end":{"line":131,"column":3}},"34":{"start":{"line":107,"column":19},"end":{"line":107,"column":29}},"35":{"start":{"line":108,"column":26},"end":{"line":108,"column":34}},"36":{"start":{"line":111,"column":28},"end":{"line":111,"column":83}},"37":{"start":{"line":113,"column":4},"end":{"line":118,"column":5}},"38":{"start":{"line":114,"column":6},"end":{"line":117,"column":9}},"39":{"start":{"line":120,"column":4},"end":{"line":120,"column":43}},"40":{"start":{"line":121,"column":4},"end":{"line":124,"column":7}},"41":{"start":{"line":126,"column":4},"end":{"line":126,"column":62}},"42":{"start":{"line":127,"column":4},"end":{"line":130,"column":7}},"43":{"start":{"line":137,"column":0},"end":{"line":163,"column":2}},"44":{"start":{"line":138,"column":2},"end":{"line":162,"column":3}},"45":{"start":{"line":139,"column":19},"end":{"line":139,"column":29}},"46":{"start":{"line":142,"column":20},"end":{"line":142,"column":60}},"47":{"start":{"line":144,"column":4},"end":{"line":149,"column":5}},"48":{"start":{"line":145,"column":6},"end":{"line":148,"column":9}},"49":{"start":{"line":151,"column":4},"end":{"line":151,"column":43}},"50":{"start":{"line":152,"column":4},"end":{"line":155,"column":7}},"51":{"start":{"line":157,"column":4},"end":{"line":157,"column":62}},"52":{"start":{"line":158,"column":4},"end":{"line":161,"column":7}},"53":{"start":{"line":168,"column":0},"end":{"line":213,"column":2}},"54":{"start":{"line":169,"column":2},"end":{"line":212,"column":3}},"55":{"start":{"line":170,"column":19},"end":{"line":170,"column":29}},"56":{"start":{"line":171,"column":23},"end":{"line":171,"column":31}},"57":{"start":{"line":174,"column":26},"end":{"line":174,"column":69}},"58":{"start":{"line":175,"column":4},"end":{"line":180,"column":5}},"59":{"start":{"line":176,"column":6},"end":{"line":179,"column":9}},"60":{"start":{"line":183,"column":28},"end":{"line":183,"column":82}},"61":{"start":{"line":185,"column":4},"end":{"line":190,"column":5}},"62":{"start":{"line":186,"column":6},"end":{"line":189,"column":9}},"63":{"start":{"line":192,"column":4},"end":{"line":192,"column":63}},"64":{"start":{"line":193,"column":4},"end":{"line":196,"column":7}},"65":{"start":{"line":198,"column":4},"end":{"line":198,"column":69}},"66":{"start":{"line":201,"column":4},"end":{"line":206,"column":5}},"67":{"start":{"line":202,"column":6},"end":{"line":205,"column":9}},"68":{"start":{"line":208,"column":4},"end":{"line":211,"column":7}},"69":{"start":{"line":218,"column":0},"end":{"line":235,"column":2}},"70":{"start":{"line":219,"column":2},"end":{"line":234,"column":3}},"71":{"start":{"line":221,"column":18},"end":{"line":221,"column":58}},"72":{"start":{"line":223,"column":4},"end":{"line":223,"column":49}},"73":{"start":{"line":224,"column":4},"end":{"line":227,"column":7}},"74":{"start":{"line":229,"column":4},"end":{"line":229,"column":75}},"75":{"start":{"line":230,"column":4},"end":{"line":233,"column":7}},"76":{"start":{"line":240,"column":0},"end":{"line":274,"column":2}},"77":{"start":{"line":241,"column":2},"end":{"line":273,"column":3}},"78":{"start":{"line":242,"column":19},"end":{"line":242,"column":29}},"79":{"start":{"line":245,"column":19},"end":{"line":245,"column":60}},"80":{"start":{"line":247,"column":4},"end":{"line":258,"column":5}},"81":{"start":{"line":248,"column":6},"end":{"line":248,"column":56}},"82":{"start":{"line":249,"column":6},"end":{"line":252,"column":9}},"83":{"start":{"line":254,"column":6},"end":{"line":257,"column":9}},"84":{"start":{"line":260,"column":4},"end":{"line":260,"column":64}},"85":{"start":{"line":262,"column":4},"end":{"line":267,"column":5}},"86":{"start":{"line":263,"column":6},"end":{"line":266,"column":9}},"87":{"start":{"line":269,"column":4},"end":{"line":272,"column":7}}},"fnMap":{"0":{"name":"(anonymous_0)","decl":{"start":{"line":11,"column":23},"end":{"line":11,"column":24}},"loc":{"start":{"line":11,"column":43},"end":{"line":28,"column":1}},"line":11},"1":{"name":"(anonymous_1)","decl":{"start":{"line":33,"column":26},"end":{"line":33,"column":27}},"loc":{"start":{"line":33,"column":46},"end":{"line":57,"column":1}},"line":33},"2":{"name":"(anonymous_2)","decl":{"start":{"line":62,"column":25},"end":{"line":62,"column":26}},"loc":{"start":{"line":62,"column":45},"end":{"line":100,"column":1}},"line":62},"3":{"name":"(anonymous_3)","decl":{"start":{"line":105,"column":25},"end":{"line":105,"column":26}},"loc":{"start":{"line":105,"column":45},"end":{"line":132,"column":1}},"line":105},"4":{"name":"(anonymous_4)","decl":{"start":{"line":137,"column":25},"end":{"line":137,"column":26}},"loc":{"start":{"line":137,"column":45},"end":{"line":163,"column":1}},"line":137},"5":{"name":"(anonymous_5)","decl":{"start":{"line":168,"column":31},"end":{"line":168,"column":32}},"loc":{"start":{"line":168,"column":51},"end":{"line":213,"column":1}},"line":168},"6":{"name":"(anonymous_6)","decl":{"start":{"line":218,"column":27},"end":{"line":218,"column":28}},"loc":{"start":{"line":218,"column":47},"end":{"line":235,"column":1}},"line":218},"7":{"name":"(anonymous_7)","decl":{"start":{"line":240,"column":26},"end":{"line":240,"column":27}},"loc":{"start":{"line":240,"column":46},"end":{"line":274,"column":1}},"line":240}},"branchMap":{"0":{"loc":{"start":{"line":38,"column":4},"end":{"line":43,"column":5}},"type":"if","locations":[{"start":{"line":38,"column":4},"end":{"line":43,"column":5}},{"start":{},"end":{}}],"line":38},"1":{"loc":{"start":{"line":68,"column":4},"end":{"line":74,"column":5}},"type":"if","locations":[{"start":{"line":68,"column":4},"end":{"line":74,"column":5}},{"start":{},"end":{}}],"line":68},"2":{"loc":{"start":{"line":68,"column":8},"end":{"line":69,"column":88}},"type":"binary-expr","locations":[{"start":{"line":68,"column":8},"end":{"line":68,"column":26}},{"start":{"line":68,"column":30},"end":{"line":68,"column":53}},{"start":{"line":68,"column":57},"end":{"line":68,"column":78}},{"start":{"line":69,"column":8},"end":{"line":69,"column":32}},{"start":{"line":69,"column":36},"end":{"line":69,"column":62}},{"start":{"line":69,"column":66},"end":{"line":69,"column":88}}],"line":68},"3":{"loc":{"start":{"line":88,"column":4},"end":{"line":93,"column":5}},"type":"if","locations":[{"start":{"line":88,"column":4},"end":{"line":93,"column":5}},{"start":{},"end":{}}],"line":88},"4":{"loc":{"start":{"line":113,"column":4},"end":{"line":118,"column":5}},"type":"if","locations":[{"start":{"line":113,"column":4},"end":{"line":118,"column":5}},{"start":{},"end":{}}],"line":113},"5":{"loc":{"start":{"line":144,"column":4},"end":{"line":149,"column":5}},"type":"if","locations":[{"start":{"line":144,"column":4},"end":{"line":149,"column":5}},{"start":{},"end":{}}],"line":144},"6":{"loc":{"start":{"line":175,"column":4},"end":{"line":180,"column":5}},"type":"if","locations":[{"start":{"line":175,"column":4},"end":{"line":180,"column":5}},{"start":{},"end":{}}],"line":175},"7":{"loc":{"start":{"line":185,"column":4},"end":{"line":190,"column":5}},"type":"if","locations":[{"start":{"line":185,"column":4},"end":{"line":190,"column":5}},{"start":{},"end":{}}],"line":185},"8":{"loc":{"start":{"line":201,"column":4},"end":{"line":206,"column":5}},"type":"if","locations":[{"start":{"line":201,"column":4},"end":{"line":206,"column":5}},{"start":{},"end":{}}],"line":201},"9":{"loc":{"start":{"line":247,"column":4},"end":{"line":258,"column":5}},"type":"if","locations":[{"start":{"line":247,"column":4},"end":{"line":258,"column":5}},{"start":{"line":253,"column":11},"end":{"line":258,"column":5}}],"line":247},"10":{"loc":{"start":{"line":262,"column":4},"end":{"line":267,"column":5}},"type":"if","locations":[{"start":{"line":262,"column":4},"end":{"line":267,"column":5}},{"start":{},"end":{}}],"line":262}},"s":{"0":1,"1":1,"2":1,"3":0,"4":0,"5":0,"6":0,"7":0,"8":0,"9":0,"10":1,"11":0,"12":0,"13":0,"14":0,"15":0,"16":0,"17":0,"18":0,"19":0,"20":1,"21":0,"22":0,"23":0,"24":0,"25":0,"26":0,"27":0,"28":0,"29":0,"30":0,"31":0,"32":1,"33":0,"34":0,"35":0,"36":0,"37":0,"38":0,"39":0,"40":0,"41":0,"42":0,"43":1,"44":0,"45":0,"46":0,"47":0,"48":0,"49":0,"50":0,"51":0,"52":0,"53":1,"54":0,"55":0,"56":0,"57":0,"58":0,"59":0,"60":0,"61":0,"62":0,"63":0,"64":0,"65":0,"66":0,"67":0,"68":0,"69":1,"70":0,"71":0,"72":0,"73":0,"74":0,"75":0,"76":1,"77":0,"78":0,"79":0,"80":0,"81":0,"82":0,"83":0,"84":0,"85":0,"86":0,"87":0},"f":{"0":0,"1":0,"2":0,"3":0,"4":0,"5":0,"6":0,"7":0},"b":{"0":[0,0],"1":[0,0],"2":[0,0,0,0,0,0],"3":[0,0],"4":[0,0],"5":[0,0],"6":[0,0],"7":[0,0],"8":[0,0],"9":[0,0],"10":[0,0]},"_coverageSchema":"1a1c01bbd47fc00a2c39e90264f33305004495a9","hash":"133e1097e5e5738ca416934d91a49a4b17c7c9b2"}
,"/Users/kremlin/Downloads/11Wire/backend/src/controllers/contact.controller.js": {"path":"/Users/kremlin/Downloads/11Wire/backend/src/controllers/contact.controller.js","statementMap":{"0":{"start":{"line":6,"column":11},"end":{"line":6,"column":31}},"1":{"start":{"line":7,"column":15},"end":{"line":7,"column":35}},"2":{"start":{"line":8,"column":12},"end":{"line":8,"column":33}},"3":{"start":{"line":9,"column":11},"end":{"line":9,"column":24}},"4":{"start":{"line":10,"column":13},"end":{"line":10,"column":28}},"5":{"start":{"line":11,"column":15},"end":{"line":11,"column":41}},"6":{"start":{"line":12,"column":27},"end":{"line":12,"column":59}},"7":{"start":{"line":17,"column":0},"end":{"line":97,"column":2}},"8":{"start":{"line":18,"column":2},"end":{"line":96,"column":3}},"9":{"start":{"line":28,"column":8},"end":{"line":28,"column":17}},"10":{"start":{"line":31,"column":24},"end":{"line":31,"column":26}},"11":{"start":{"line":33,"column":4},"end":{"line":35,"column":5}},"12":{"start":{"line":34,"column":6},"end":{"line":34,"column":42}},"13":{"start":{"line":37,"column":4},"end":{"line":39,"column":5}},"14":{"start":{"line":38,"column":6},"end":{"line":38,"column":34}},"15":{"start":{"line":41,"column":4},"end":{"line":48,"column":5}},"16":{"start":{"line":42,"column":6},"end":{"line":47,"column":8}},"17":{"start":{"line":51,"column":19},"end":{"line":51,"column":57}},"18":{"start":{"line":54,"column":18},"end":{"line":54,"column":37}},"19":{"start":{"line":56,"column":4},"end":{"line":56,"column":81}},"20":{"start":{"line":60,"column":38},"end":{"line":73,"column":6}},"21":{"start":{"line":76,"column":23},"end":{"line":76,"column":57}},"22":{"start":{"line":78,"column":4},"end":{"line":84,"column":7}},"23":{"start":{"line":86,"column":4},"end":{"line":86,"column":61}},"24":{"start":{"line":87,"column":4},"end":{"line":87,"column":48}},"25":{"start":{"line":88,"column":4},"end":{"line":88,"column":96}},"26":{"start":{"line":89,"column":4},"end":{"line":89,"column":48}},"27":{"start":{"line":91,"column":4},"end":{"line":95,"column":7}},"28":{"start":{"line":102,"column":0},"end":{"line":141,"column":2}},"29":{"start":{"line":103,"column":2},"end":{"line":140,"column":3}},"30":{"start":{"line":104,"column":26},"end":{"line":104,"column":36}},"31":{"start":{"line":106,"column":4},"end":{"line":106,"column":58}},"32":{"start":{"line":108,"column":20},"end":{"line":117,"column":6}},"33":{"start":{"line":119,"column":4},"end":{"line":124,"column":5}},"34":{"start":{"line":120,"column":6},"end":{"line":123,"column":9}},"35":{"start":{"line":126,"column":4},"end":{"line":129,"column":7}},"36":{"start":{"line":131,"column":4},"end":{"line":131,"column":60}},"37":{"start":{"line":132,"column":4},"end":{"line":132,"column":48}},"38":{"start":{"line":133,"column":4},"end":{"line":133,"column":96}},"39":{"start":{"line":134,"column":4},"end":{"line":134,"column":67}},"40":{"start":{"line":135,"column":4},"end":{"line":139,"column":7}},"41":{"start":{"line":146,"column":0},"end":{"line":198,"column":2}},"42":{"start":{"line":147,"column":2},"end":{"line":197,"column":3}},"43":{"start":{"line":155,"column":8},"end":{"line":155,"column":16}},"44":{"start":{"line":158,"column":4},"end":{"line":163,"column":5}},"45":{"start":{"line":159,"column":6},"end":{"line":162,"column":9}},"46":{"start":{"line":166,"column":4},"end":{"line":174,"column":5}},"47":{"start":{"line":167,"column":23},"end":{"line":167,"column":61}},"48":{"start":{"line":168,"column":6},"end":{"line":173,"column":7}},"49":{"start":{"line":169,"column":8},"end":{"line":172,"column":11}},"50":{"start":{"line":177,"column":20},"end":{"line":185,"column":6}},"51":{"start":{"line":187,"column":4},"end":{"line":190,"column":7}},"52":{"start":{"line":192,"column":4},"end":{"line":192,"column":61}},"53":{"start":{"line":193,"column":4},"end":{"line":196,"column":7}},"54":{"start":{"line":203,"column":0},"end":{"line":261,"column":2}},"55":{"start":{"line":204,"column":2},"end":{"line":260,"column":3}},"56":{"start":{"line":205,"column":26},"end":{"line":205,"column":36}},"57":{"start":{"line":215,"column":8},"end":{"line":215,"column":16}},"58":{"start":{"line":218,"column":20},"end":{"line":218,"column":56}},"59":{"start":{"line":220,"column":4},"end":{"line":225,"column":5}},"60":{"start":{"line":221,"column":6},"end":{"line":224,"column":9}},"61":{"start":{"line":228,"column":4},"end":{"line":236,"column":5}},"62":{"start":{"line":229,"column":23},"end":{"line":229,"column":61}},"63":{"start":{"line":230,"column":6},"end":{"line":235,"column":7}},"64":{"start":{"line":231,"column":8},"end":{"line":234,"column":11}},"65":{"start":{"line":239,"column":4},"end":{"line":248,"column":7}},"66":{"start":{"line":250,"column":4},"end":{"line":253,"column":7}},"67":{"start":{"line":255,"column":4},"end":{"line":255,"column":61}},"68":{"start":{"line":256,"column":4},"end":{"line":259,"column":7}},"69":{"start":{"line":266,"column":0},"end":{"line":294,"column":2}},"70":{"start":{"line":267,"column":2},"end":{"line":293,"column":3}},"71":{"start":{"line":268,"column":26},"end":{"line":268,"column":36}},"72":{"start":{"line":271,"column":20},"end":{"line":271,"column":56}},"73":{"start":{"line":273,"column":4},"end":{"line":278,"column":5}},"74":{"start":{"line":274,"column":6},"end":{"line":277,"column":9}},"75":{"start":{"line":281,"column":4},"end":{"line":281,"column":28}},"76":{"start":{"line":283,"column":4},"end":{"line":286,"column":7}},"77":{"start":{"line":288,"column":4},"end":{"line":288,"column":61}},"78":{"start":{"line":289,"column":4},"end":{"line":292,"column":7}},"79":{"start":{"line":299,"column":0},"end":{"line":378,"column":2}},"80":{"start":{"line":300,"column":2},"end":{"line":377,"column":3}},"81":{"start":{"line":302,"column":4},"end":{"line":307,"column":5}},"82":{"start":{"line":303,"column":6},"end":{"line":306,"column":9}},"83":{"start":{"line":309,"column":27},"end":{"line":309,"column":35}},"84":{"start":{"line":312,"column":4},"end":{"line":320,"column":5}},"85":{"start":{"line":313,"column":23},"end":{"line":313,"column":61}},"86":{"start":{"line":314,"column":6},"end":{"line":319,"column":7}},"87":{"start":{"line":315,"column":8},"end":{"line":318,"column":11}},"88":{"start":{"line":322,"column":24},"end":{"line":322,"column":37}},"89":{"start":{"line":323,"column":20},"end":{"line":323,"column":22}},"90":{"start":{"line":324,"column":19},"end":{"line":324,"column":21}},"91":{"start":{"line":325,"column":25},"end":{"line":325,"column":26}},"92":{"start":{"line":328,"column":4},"end":{"line":354,"column":7}},"93":{"start":{"line":329,"column":6},"end":{"line":353,"column":29}},"94":{"start":{"line":333,"column":10},"end":{"line":348,"column":11}},"95":{"start":{"line":334,"column":12},"end":{"line":337,"column":15}},"96":{"start":{"line":339,"column":12},"end":{"line":347,"column":15}},"97":{"start":{"line":350,"column":10},"end":{"line":350,"column":27}},"98":{"start":{"line":357,"column":4},"end":{"line":359,"column":5}},"99":{"start":{"line":358,"column":6},"end":{"line":358,"column":43}},"100":{"start":{"line":362,"column":4},"end":{"line":362,"column":31}},"101":{"start":{"line":364,"column":4},"end":{"line":370,"column":7}},"102":{"start":{"line":372,"column":4},"end":{"line":372,"column":63}},"103":{"start":{"line":373,"column":4},"end":{"line":376,"column":7}},"104":{"start":{"line":383,"column":0},"end":{"line":422,"column":2}},"105":{"start":{"line":384,"column":2},"end":{"line":421,"column":3}},"106":{"start":{"line":385,"column":27},"end":{"line":385,"column":36}},"107":{"start":{"line":387,"column":24},"end":{"line":387,"column":56}},"108":{"start":{"line":390,"column":25},"end":{"line":397,"column":6}},"109":{"start":{"line":400,"column":34},"end":{"line":403,"column":10}},"110":{"start":{"line":401,"column":6},"end":{"line":401,"column":57}},"111":{"start":{"line":402,"column":6},"end":{"line":402,"column":17}},"112":{"start":{"line":406,"column":23},"end":{"line":408,"column":6}},"113":{"start":{"line":410,"column":4},"end":{"line":414,"column":7}},"114":{"start":{"line":416,"column":4},"end":{"line":416,"column":66}},"115":{"start":{"line":417,"column":4},"end":{"line":420,"column":7}},"116":{"start":{"line":427,"column":0},"end":{"line":441,"column":2}},"117":{"start":{"line":428,"column":2},"end":{"line":440,"column":3}},"118":{"start":{"line":429,"column":30},"end":{"line":434,"column":7}},"119":{"start":{"line":429,"column":60},"end":{"line":434,"column":5}},"120":{"start":{"line":436,"column":4},"end":{"line":436,"column":58}},"121":{"start":{"line":438,"column":4},"end":{"line":438,"column":63}},"122":{"start":{"line":439,"column":4},"end":{"line":439,"column":16}}},"fnMap":{"0":{"name":"(anonymous_0)","decl":{"start":{"line":17,"column":22},"end":{"line":17,"column":23}},"loc":{"start":{"line":17,"column":42},"end":{"line":97,"column":1}},"line":17},"1":{"name":"(anonymous_1)","decl":{"start":{"line":102,"column":25},"end":{"line":102,"column":26}},"loc":{"start":{"line":102,"column":45},"end":{"line":141,"column":1}},"line":102},"2":{"name":"(anonymous_2)","decl":{"start":{"line":146,"column":24},"end":{"line":146,"column":25}},"loc":{"start":{"line":146,"column":44},"end":{"line":198,"column":1}},"line":146},"3":{"name":"(anonymous_3)","decl":{"start":{"line":203,"column":24},"end":{"line":203,"column":25}},"loc":{"start":{"line":203,"column":44},"end":{"line":261,"column":1}},"line":203},"4":{"name":"(anonymous_4)","decl":{"start":{"line":266,"column":24},"end":{"line":266,"column":25}},"loc":{"start":{"line":266,"column":44},"end":{"line":294,"column":1}},"line":266},"5":{"name":"(anonymous_5)","decl":{"start":{"line":299,"column":25},"end":{"line":299,"column":26}},"loc":{"start":{"line":299,"column":45},"end":{"line":378,"column":1}},"line":299},"6":{"name":"(anonymous_6)","decl":{"start":{"line":328,"column":22},"end":{"line":328,"column":23}},"loc":{"start":{"line":328,"column":43},"end":{"line":354,"column":5}},"line":328},"7":{"name":"(anonymous_7)","decl":{"start":{"line":331,"column":20},"end":{"line":331,"column":21}},"loc":{"start":{"line":331,"column":30},"end":{"line":351,"column":9}},"line":331},"8":{"name":"(anonymous_8)","decl":{"start":{"line":383,"column":26},"end":{"line":383,"column":27}},"loc":{"start":{"line":383,"column":46},"end":{"line":422,"column":1}},"line":383},"9":{"name":"(anonymous_9)","decl":{"start":{"line":400,"column":54},"end":{"line":400,"column":55}},"loc":{"start":{"line":400,"column":69},"end":{"line":403,"column":5}},"line":400},"10":{"name":"(anonymous_10)","decl":{"start":{"line":427,"column":34},"end":{"line":427,"column":35}},"loc":{"start":{"line":427,"column":78},"end":{"line":441,"column":1}},"line":427},"11":{"name":"(anonymous_11)","decl":{"start":{"line":429,"column":48},"end":{"line":429,"column":49}},"loc":{"start":{"line":429,"column":60},"end":{"line":434,"column":5}},"line":429}},"branchMap":{"0":{"loc":{"start":{"line":21,"column":6},"end":{"line":21,"column":14}},"type":"default-arg","locations":[{"start":{"line":21,"column":13},"end":{"line":21,"column":14}}],"line":21},"1":{"loc":{"start":{"line":22,"column":6},"end":{"line":22,"column":16}},"type":"default-arg","locations":[{"start":{"line":22,"column":14},"end":{"line":22,"column":16}}],"line":22},"2":{"loc":{"start":{"line":26,"column":6},"end":{"line":26,"column":26}},"type":"default-arg","locations":[{"start":{"line":26,"column":15},"end":{"line":26,"column":26}}],"line":26},"3":{"loc":{"start":{"line":27,"column":6},"end":{"line":27,"column":22}},"type":"default-arg","locations":[{"start":{"line":27,"column":16},"end":{"line":27,"column":22}}],"line":27},"4":{"loc":{"start":{"line":33,"column":4},"end":{"line":35,"column":5}},"type":"if","locations":[{"start":{"line":33,"column":4},"end":{"line":35,"column":5}},{"start":{},"end":{}}],"line":33},"5":{"loc":{"start":{"line":37,"column":4},"end":{"line":39,"column":5}},"type":"if","locations":[{"start":{"line":37,"column":4},"end":{"line":39,"column":5}},{"start":{},"end":{}}],"line":37},"6":{"loc":{"start":{"line":41,"column":4},"end":{"line":48,"column":5}},"type":"if","locations":[{"start":{"line":41,"column":4},"end":{"line":48,"column":5}},{"start":{},"end":{}}],"line":41},"7":{"loc":{"start":{"line":119,"column":4},"end":{"line":124,"column":5}},"type":"if","locations":[{"start":{"line":119,"column":4},"end":{"line":124,"column":5}},{"start":{},"end":{}}],"line":119},"8":{"loc":{"start":{"line":158,"column":4},"end":{"line":163,"column":5}},"type":"if","locations":[{"start":{"line":158,"column":4},"end":{"line":163,"column":5}},{"start":{},"end":{}}],"line":158},"9":{"loc":{"start":{"line":166,"column":4},"end":{"line":174,"column":5}},"type":"if","locations":[{"start":{"line":166,"column":4},"end":{"line":174,"column":5}},{"start":{},"end":{}}],"line":166},"10":{"loc":{"start":{"line":168,"column":6},"end":{"line":173,"column":7}},"type":"if","locations":[{"start":{"line":168,"column":6},"end":{"line":173,"column":7}},{"start":{},"end":{}}],"line":168},"11":{"loc":{"start":{"line":220,"column":4},"end":{"line":225,"column":5}},"type":"if","locations":[{"start":{"line":220,"column":4},"end":{"line":225,"column":5}},{"start":{},"end":{}}],"line":220},"12":{"loc":{"start":{"line":228,"column":4},"end":{"line":236,"column":5}},"type":"if","locations":[{"start":{"line":228,"column":4},"end":{"line":236,"column":5}},{"start":{},"end":{}}],"line":228},"13":{"loc":{"start":{"line":228,"column":8},"end":{"line":228,"column":55}},"type":"binary-expr","locations":[{"start":{"line":228,"column":8},"end":{"line":228,"column":18}},{"start":{"line":228,"column":22},"end":{"line":228,"column":55}}],"line":228},"14":{"loc":{"start":{"line":230,"column":6},"end":{"line":235,"column":7}},"type":"if","locations":[{"start":{"line":230,"column":6},"end":{"line":235,"column":7}},{"start":{},"end":{}}],"line":230},"15":{"loc":{"start":{"line":240,"column":18},"end":{"line":240,"column":50}},"type":"binary-expr","locations":[{"start":{"line":240,"column":18},"end":{"line":240,"column":28}},{"start":{"line":240,"column":32},"end":{"line":240,"column":50}}],"line":240},"16":{"loc":{"start":{"line":241,"column":17},"end":{"line":241,"column":72}},"type":"cond-expr","locations":[{"start":{"line":241,"column":43},"end":{"line":241,"column":52}},{"start":{"line":241,"column":55},"end":{"line":241,"column":72}}],"line":241},"17":{"loc":{"start":{"line":242,"column":16},"end":{"line":242,"column":68}},"type":"cond-expr","locations":[{"start":{"line":242,"column":41},"end":{"line":242,"column":49}},{"start":{"line":242,"column":52},"end":{"line":242,"column":68}}],"line":242},"18":{"loc":{"start":{"line":243,"column":13},"end":{"line":243,"column":35}},"type":"binary-expr","locations":[{"start":{"line":243,"column":13},"end":{"line":243,"column":18}},{"start":{"line":243,"column":22},"end":{"line":243,"column":35}}],"line":243},"19":{"loc":{"start":{"line":244,"column":13},"end":{"line":244,"column":56}},"type":"cond-expr","locations":[{"start":{"line":244,"column":35},"end":{"line":244,"column":40}},{"start":{"line":244,"column":43},"end":{"line":244,"column":56}}],"line":244},"20":{"loc":{"start":{"line":245,"column":14},"end":{"line":245,"column":38}},"type":"binary-expr","locations":[{"start":{"line":245,"column":14},"end":{"line":245,"column":20}},{"start":{"line":245,"column":24},"end":{"line":245,"column":38}}],"line":245},"21":{"loc":{"start":{"line":246,"column":13},"end":{"line":246,"column":56}},"type":"cond-expr","locations":[{"start":{"line":246,"column":35},"end":{"line":246,"column":40}},{"start":{"line":246,"column":43},"end":{"line":246,"column":56}}],"line":246},"22":{"loc":{"start":{"line":247,"column":20},"end":{"line":247,"column":56}},"type":"binary-expr","locations":[{"start":{"line":247,"column":20},"end":{"line":247,"column":32}},{"start":{"line":247,"column":36},"end":{"line":247,"column":56}}],"line":247},"23":{"loc":{"start":{"line":273,"column":4},"end":{"line":278,"column":5}},"type":"if","locations":[{"start":{"line":273,"column":4},"end":{"line":278,"column":5}},{"start":{},"end":{}}],"line":273},"24":{"loc":{"start":{"line":302,"column":4},"end":{"line":307,"column":5}},"type":"if","locations":[{"start":{"line":302,"column":4},"end":{"line":307,"column":5}},{"start":{},"end":{}}],"line":302},"25":{"loc":{"start":{"line":312,"column":4},"end":{"line":320,"column":5}},"type":"if","locations":[{"start":{"line":312,"column":4},"end":{"line":320,"column":5}},{"start":{},"end":{}}],"line":312},"26":{"loc":{"start":{"line":314,"column":6},"end":{"line":319,"column":7}},"type":"if","locations":[{"start":{"line":314,"column":6},"end":{"line":319,"column":7}},{"start":{},"end":{}}],"line":314},"27":{"loc":{"start":{"line":333,"column":10},"end":{"line":348,"column":11}},"type":"if","locations":[{"start":{"line":333,"column":10},"end":{"line":348,"column":11}},{"start":{"line":338,"column":17},"end":{"line":348,"column":11}}],"line":333},"28":{"loc":{"start":{"line":340,"column":26},"end":{"line":340,"column":44}},"type":"binary-expr","locations":[{"start":{"line":340,"column":26},"end":{"line":340,"column":36}},{"start":{"line":340,"column":40},"end":{"line":340,"column":44}}],"line":340},"29":{"loc":{"start":{"line":341,"column":25},"end":{"line":341,"column":64}},"type":"binary-expr","locations":[{"start":{"line":341,"column":25},"end":{"line":341,"column":39}},{"start":{"line":341,"column":43},"end":{"line":341,"column":58}},{"start":{"line":341,"column":62},"end":{"line":341,"column":64}}],"line":341},"30":{"loc":{"start":{"line":342,"column":24},"end":{"line":342,"column":61}},"type":"binary-expr","locations":[{"start":{"line":342,"column":24},"end":{"line":342,"column":37}},{"start":{"line":342,"column":41},"end":{"line":342,"column":55}},{"start":{"line":342,"column":59},"end":{"line":342,"column":61}}],"line":342},"31":{"loc":{"start":{"line":344,"column":21},"end":{"line":344,"column":37}},"type":"binary-expr","locations":[{"start":{"line":344,"column":21},"end":{"line":344,"column":31}},{"start":{"line":344,"column":35},"end":{"line":344,"column":37}}],"line":344},"32":{"loc":{"start":{"line":357,"column":4},"end":{"line":359,"column":5}},"type":"if","locations":[{"start":{"line":357,"column":4},"end":{"line":359,"column":5}},{"start":{},"end":{}}],"line":357},"33":{"loc":{"start":{"line":387,"column":24},"end":{"line":387,"column":56}},"type":"cond-expr","locations":[{"start":{"line":387,"column":37},"end":{"line":387,"column":51}},{"start":{"line":387,"column":54},"end":{"line":387,"column":56}}],"line":387},"34":{"loc":{"start":{"line":427,"column":56},"end":{"line":427,"column":73}},"type":"default-arg","locations":[{"start":{"line":427,"column":69},"end":{"line":427,"column":73}}],"line":427},"35":{"loc":{"start":{"line":433,"column":20},"end":{"line":433,"column":46}},
[...]
"type":"default-arg","locations":[{"start":{"line":367,"column":33},"end":{"line":367,"column":35}}],"line":367},"29":{"loc":{"start":{"line":375,"column":4},"end":{"line":375,"column":17}},"type":"default-arg","locations":[{"start":{"line":375,"column":13},"end":{"line":375,"column":17}}],"line":375},"30":{"loc":{"start":{"line":380,"column":2},"end":{"line":383,"column":3}},"type":"if","locations":[{"start":{"line":380,"column":2},"end":{"line":383,"column":3}},{"start":{},"end":{}}],"line":380},"31":{"loc":{"start":{"line":381,"column":18},"end":{"line":381,"column":33}},"type":"default-arg","locations":[{"start":{"line":381,"column":26},"end":{"line":381,"column":33}}],"line":381},"32":{"loc":{"start":{"line":381,"column":35},"end":{"line":381,"column":53}},"type":"default-arg","locations":[{"start":{"line":381,"column":46},"end":{"line":381,"column":53}}],"line":381},"33":{"loc":{"start":{"line":381,"column":55},"end":{"line":381,"column":63}},"type":"default-arg","locations":[{"start":{"line":381,"column":62},"end":{"line":381,"column":63}}],"line":381},"34":{"loc":{"start":{"line":385,"column":2},"end":{"line":388,"column":3}},"type":"if","locations":[{"start":{"line":385,"column":2},"end":{"line":388,"column":3}},{"start":{},"end":{}}],"line":385},"35":{"loc":{"start":{"line":386,"column":17},"end":{"line":386,"column":25}},"type":"default-arg","locations":[{"start":{"line":386,"column":24},"end":{"line":386,"column":25}}],"line":386},"36":{"loc":{"start":{"line":390,"column":2},"end":{"line":393,"column":3}},"type":"if","locations":[{"start":{"line":390,"column":2},"end":{"line":393,"column":3}},{"start":{},"end":{}}],"line":390},"37":{"loc":{"start":{"line":391,"column":12},"end":{"line":391,"column":25}},"type":"default-arg","locations":[{"start":{"line":391,"column":24},"end":{"line":391,"column":25}}],"line":391},"38":{"loc":{"start":{"line":391,"column":27},"end":{"line":391,"column":38}},"type":"default-arg","locations":[{"start":{"line":391,"column":37},"end":{"line":391,"column":38}}],"line":391},"39":{"loc":{"start":{"line":391,"column":48},"end":{"line":391,"column":63}},"type":"default-arg","locations":[{"start":{"line":391,"column":57},"end":{"line":391,"column":63}}],"line":391},"40":{"loc":{"start":{"line":395,"column":2},"end":{"line":398,"column":3}},"type":"if","locations":[{"start":{"line":395,"column":2},"end":{"line":398,"column":3}},{"start":{},"end":{}}],"line":395},"41":{"loc":{"start":{"line":396,"column":20},"end":{"line":396,"column":35}},"type":"default-arg","locations":[{"start":{"line":396,"column":29},"end":{"line":396,"column":35}}],"line":396},"42":{"loc":{"start":{"line":396,"column":37},"end":{"line":396,"column":48}},"type":"default-arg","locations":[{"start":{"line":396,"column":47},"end":{"line":396,"column":48}}],"line":396},"43":{"loc":{"start":{"line":396,"column":50},"end":{"line":396,"column":67}},"type":"default-arg","locations":[{"start":{"line":396,"column":64},"end":{"line":396,"column":67}}],"line":396},"44":{"loc":{"start":{"line":396,"column":69},"end":{"line":396,"column":83}},"type":"default-arg","locations":[{"start":{"line":396,"column":81},"end":{"line":396,"column":83}}],"line":396},"45":{"loc":{"start":{"line":400,"column":2},"end":{"line":403,"column":3}},"type":"if","locations":[{"start":{"line":400,"column":2},"end":{"line":403,"column":3}},{"start":{},"end":{}}],"line":400},"46":{"loc":{"start":{"line":401,"column":17},"end":{"line":401,"column":32}},"type":"default-arg","locations":[{"start":{"line":401,"column":26},"end":{"line":401,"column":32}}],"line":401},"47":{"loc":{"start":{"line":405,"column":2},"end":{"line":414,"column":3}},"type":"if","locations":[{"start":{"line":405,"column":2},"end":{"line":414,"column":3}},{"start":{},"end":{}}],"line":405},"48":{"loc":{"start":{"line":406,"column":28},"end":{"line":406,"column":43}},"type":"default-arg","locations":[{"start":{"line":406,"column":37},"end":{"line":406,"column":43}}],"line":406},"49":{"loc":{"start":{"line":406,"column":45},"end":{"line":406,"column":57}},"type":"default-arg","locations":[{"start":{"line":406,"column":55},"end":{"line":406,"column":57}}],"line":406},"50":{"loc":{"start":{"line":408,"column":4},"end":{"line":408,"column":49}},"type":"if","locations":[{"start":{"line":408,"column":4},"end":{"line":408,"column":49}},{"start":{},"end":{}}],"line":408},"51":{"loc":{"start":{"line":409,"column":4},"end":{"line":409,"column":49}},"type":"if","locations":[{"start":{"line":409,"column":4},"end":{"line":409,"column":49}},{"start":{},"end":{}}],"line":409},"52":{"loc":{"start":{"line":410,"column":4},"end":{"line":410,"column":52}},"type":"if","locations":[{"start":{"line":410,"column":4},"end":{"line":410,"column":52}},{"start":{},"end":{}}],"line":410},"53":{"loc":{"start":{"line":411,"column":4},"end":{"line":411,"column":55}},"type":"if","locations":[{"start":{"line":411,"column":4},"end":{"line":411,"column":55}},{"start":{},"end":{}}],"line":411},"54":{"loc":{"start":{"line":416,"column":2},"end":{"line":418,"column":3}},"type":"if","locations":[{"start":{"line":416,"column":2},"end":{"line":418,"column":3}},{"start":{},"end":{}}],"line":416},"55":{"loc":{"start":{"line":430,"column":2},"end":{"line":430,"column":34}},"type":"if","locations":[{"start":{"line":430,"column":2},"end":{"line":430,"column":34}},{"start":{},"end":{}}],"line":430},"56":{"loc":{"start":{"line":430,"column":6},"end":{"line":430,"column":25}},"type":"binary-expr","locations":[{"start":{"line":430,"column":6},"end":{"line":430,"column":11}},{"start":{"line":430,"column":15},"end":{"line":430,"column":25}}],"line":430},"57":{"loc":{"start":{"line":443,"column":6},"end":{"line":445,"column":7}},"type":"if","locations":[{"start":{"line":443,"column":6},"end":{"line":445,"column":7}},{"start":{},"end":{}}],"line":443},"58":{"loc":{"start":{"line":458,"column":6},"end":{"line":460,"column":7}},"type":"if","locations":[{"start":{"line":458,"column":6},"end":{"line":460,"column":7}},{"start":{},"end":{}}],"line":458}},"s":{"0":1,"1":1,"2":1,"3":1,"4":1,"5":1,"6":1,"7":1,"8":0,"9":0,"10":1,"11":0,"12":0,"13":0,"14":0,"15":0,"16":0,"17":1,"18":0,"19":0,"20":0,"21":0,"22":0,"23":0,"24":0,"25":0,"26":0,"27":0,"28":0,"29":0,"30":0,"31":0,"32":0,"33":0,"34":0,"35":0,"36":0,"37":0,"38":0,"39":0,"40":0,"41":0,"42":0,"43":0,"44":0,"45":0,"46":0,"47":0,"48":0,"49":0,"50":0,"51":0,"52":0,"53":0,"54":0,"55":0,"56":0,"57":0,"58":0,"59":0,"60":0,"61":0,"62":0,"63":0,"64":0,"65":1,"66":0,"67":0,"68":0,"69":0,"70":0,"71":0,"72":0,"73":0,"74":1,"75":0,"76":0,"77":0,"78":0,"79":0,"80":0,"81":0,"82":0,"83":1,"84":0,"85":0,"86":0,"87":0,"88":0,"89":0,"90":0,"91":0,"92":0,"93":1,"94":1,"95":1,"96":0,"97":1,"98":1,"99":0,"100":0,"101":1,"102":0,"103":0,"104":0,"105":0,"106":0,"107":0,"108":0,"109":0,"110":0,"111":0,"112":0,"113":0,"114":0,"115":0,"116":0,"117":0,"118":0,"119":0,"120":0,"121":0,"122":0,"123":0,"124":0,"125":0,"126":0,"127":0,"128":0,"129":0,"130":0,"131":0,"132":0,"133":0,"134":0,"135":0,"136":1,"137":0,"138":0,"139":0,"140":0,"141":0,"142":0,"143":0,"144":0,"145":0,"146":0,"147":0,"148":0,"149":0,"150":0,"151":0,"152":1},"f":{"0":0,"1":0,"2":0,"3":0,"4":0,"5":1,"6":0,"7":0,"8":0,"9":0},"b":{"0":[1,0],"1":[0,0],"2":[0,0],"3":[0],"4":[0],"5":[0,0],"6":[0,0],"7":[0,0],"8":[0,0],"9":[0,0],"10":[0,0],"11":[0,0],"12":[0,0],"13":[0,0],"14":[0,0],"15":[0,0],"16":[0,0],"17":[0,0],"18":[0,0],"19":[0,0],"20":[0,0],"21":[0,0],"22":[0,0],"23":[0,0],"24":[0,0],"25":[0,0],"26":[0],"27":[0,1],"28":[0],"29":[0],"30":[0,0],"31":[0],"32":[0],"33":[0],"34":[0,0],"35":[0],"36":[0,0],"37":[0],"38":[0],"39":[0],"40":[0,0],"41":[0],"42":[0],"43":[0],"44":[0],"45":[0,0],"46":[0],"47":[0,0],"48":[0],"49":[0],"50":[0,0],"51":[0,0],"52":[0,0],"53":[0,0],"54":[0,0],"55":[0,0],"56":[0,0],"57":[0,0],"58":[0,0]},"_coverageSchema":"1a1c01bbd47fc00a2c39e90264f33305004495a9","hash":"b13cabcec814bfc301cb800ea1ef56254a6e0da2"}
,"/Users/kremlin/Downloads/11Wire/backend/src/services/storage.service.js": {"path":"/Users/kremlin/Downloads/11Wire/backend/src/services/storage.service.js","statementMap":{"0":{"start":{"line":6,"column":11},"end":{"line":6,"column":24}},"1":{"start":{"line":7,"column":13},"end":{"line":7,"column":28}},"2":{"start":{"line":8,"column":23},"end":{"line":8,"column":38}},"3":{"start":{"line":9,"column":15},"end":{"line":9,"column":41}},"4":{"start":{"line":10,"column":15},"end":{"line":10,"column":35}},"5":{"start":{"line":13,"column":20},"end":{"line":13,"column":82}},"6":{"start":{"line":14,"column":18},"end":{"line":14,"column":49}},"7":{"start":{"line":17,"column":20},"end":{"line":32,"column":1}},"8":{"start":{"line":18,"column":2},"end":{"line":31,"column":3}},"9":{"start":{"line":19,"column":4},"end":{"line":22,"column":5}},"10":{"start":{"line":20,"column":6},"end":{"line":20,"column":53}},"11":{"start":{"line":21,"column":6},"end":{"line":21,"column":63}},"12":{"start":{"line":24,"column":4},"end":{"line":27,"column":5}},"13":{"start":{"line":25,"column":6},"end":{"line":25,"column":51}},"14":{"start":{"line":26,"column":6},"end":{"line":26,"column":67}},"15":{"start":{"line":29,"column":4},"end":{"line":29,"column":67}},"16":{"start":{"line":30,"column":4},"end":{"line":30,"column":16}},"17":{"start":{"line":35,"column":0},"end":{"line":35,"column":14}},"18":{"start":{"line":44,"column":20},"end":{"line":78,"column":1}},"19":{"start":{"line":45,"column":2},"end":{"line":77,"column":3}},"20":{"start":{"line":47,"column":26},"end":{"line":47,"column":55}},"21":{"start":{"line":50,"column":20},"end":{"line":50,"column":31}},"22":{"start":{"line":51,"column":4},"end":{"line":53,"column":5}},"23":{"start":{"line":52,"column":6},"end":{"line":52,"column":28}},"24":{"start":{"line":56,"column":21},"end":{"line":56,"column":56}},"25":{"start":{"line":59,"column":4},"end":{"line":59,"column":50}},"26":{"start":{"line":61,"column":18},"end":{"line":61,"column":50}},"27":{"start":{"line":63,"column":4},"end":{"line":63,"column":66}},"28":{"start":{"line":65,"column":4},"end":{"line":73,"column":6}},"29":{"start":{"line":75,"column":4},"end":{"line":75,"column":61}},"30":{"start":{"line":76,"column":4},"end":{"line":76,"column":16}},"31":{"start":{"line":87,"column":24},"end":{"line":96,"column":1}},"32":{"start":{"line":88,"column":2},"end":{"line":95,"column":3}},"33":{"start":{"line":90,"column":19},"end":{"line":90,"column":52}},"34":{"start":{"line":91,"column":4},"end":{"line":91,"column":57}},"35":{"start":{"line":93,"column":4},"end":{"line":93,"column":66}},"36":{"start":{"line":94,"column":4},"end":{"line":94,"column":16}},"37":{"start":{"line":103,"column":22},"end":{"line":110,"column":1}},"38":{"start":{"line":104,"column":2},"end":{"line":109,"column":3}},"39":{"start":{"line":105,"column":4},"end":{"line":105,"column":48}},"40":{"start":{"line":107,"column":4},"end":{"line":107,"column":58}},"41":{"start":{"line":108,"column":4},"end":{"line":108,"column":16}},"42":{"start":{"line":117,"column":19},"end":{"line":126,"column":1}},"43":{"start":{"line":118,"column":2},"end":{"line":125,"column":3}},"44":{"start":{"line":119,"column":4},"end":{"line":119,"column":39}},"45":{"start":{"line":120,"column":4},"end":{"line":120,"column":45}},"46":{"start":{"line":121,"column":4},"end":{"line":121,"column":16}},"47":{"start":{"line":123,"column":4},"end":{"line":123,"column":60}},"48":{"start":{"line":124,"column":4},"end":{"line":124,"column":17}},"49":{"start":{"line":128,"column":0},"end":{"line":136,"column":2}}},"fnMap":{"0":{"name":"(anonymous_0)","decl":{"start":{"line":17,"column":20},"end":{"line":17,"column":21}},"loc":{"start":{"line":17,"column":26},"end":{"line":32,"column":1}},"line":17},"1":{"name":"(anonymous_1)","decl":{"start":{"line":44,"column":20},"end":{"line":44,"column":21}},"loc":{"start":{"line":44,"column":94},"end":{"line":78,"column":1}},"line":44},"2":{"name":"(anonymous_2)","decl":{"start":{"line":87,"column":24},"end":{"line":87,"column":25}},"loc":{"start":{"line":87,"column":102},"end":{"line":96,"column":1}},"line":87},"3":{"name":"(anonymous_3)","decl":{"start":{"line":103,"column":22},"end":{"line":103,"column":23}},"loc":{"start":{"line":103,"column":42},"end":{"line":110,"column":1}},"line":103},"4":{"name":"(anonymous_4)","decl":{"start":{"line":117,"column":19},"end":{"line":117,"column":20}},"loc":{"start":{"line":117,"column":39},"end":{"line":126,"column":1}},"line":117}},"branchMap":{"0":{"loc":{"start":{"line":13,"column":20},"end":{"line":13,"column":82}},"type":"binary-expr","locations":[{"start":{"line":13,"column":20},"end":{"line":13,"column":43}},{"start":{"line":13,"column":47},"end":{"line":13,"column":82}}],"line":13},"1":{"loc":{"start":{"line":19,"column":4},"end":{"line":22,"column":5}},"type":"if","locations":[{"start":{"line":19,"column":4},"end":{"line":22,"column":5}},{"start":{},"end":{}}],"line":19},"2":{"loc":{"start":{"line":24,"column":4},"end":{"line":27,"column":5}},"type":"if","locations":[{"start":{"line":24,"column":4},"end":{"line":27,"column":5}},{"start":{},"end":{}}],"line":24},"3":{"loc":{"start":{"line":44,"column":35},"end":{"line":44,"column":50}},"type":"default-arg","locations":[{"start":{"line":44,"column":46},"end":{"line":44,"column":50}}],"line":44},"4":{"loc":{"start":{"line":44,"column":52},"end":{"line":44,"column":89}},"type":"default-arg","locations":[{"start":{"line":44,"column":63},"end":{"line":44,"column":89}}],"line":44},"5":{"loc":{"start":{"line":47,"column":26},"end":{"line":47,"column":55}},"type":"binary-expr","locations":[{"start":{"line":47,"column":26},"end":{"line":47,"column":34}},{"start":{"line":47,"column":38},"end":{"line":47,"column":55}}],"line":47},"6":{"loc":{"start":{"line":51,"column":4},"end":{"line":53,"column":5}},"type":"if","locations":[{"start":{"line":51,"column":4},"end":{"line":53,"column":5}},{"start":{},"end":{}}],"line":51},"7":{"loc":{"start":{"line":87,"column":43},"end":{"line":87,"column":58}},"type":"default-arg","locations":[{"start":{"line":87,"column":54},"end":{"line":87,"column":58}}],"line":87},"8":{"loc":{"start":{"line":87,"column":60},"end":{"line":87,"column":97}},"type":"default-arg","locations":[{"start":{"line":87,"column":71},"end":{"line":87,"column":97}}],"line":87}},"s":{"0":1,"1":1,"2":1,"3":1,"4":1,"5":1,"6":1,"7":1,"8":1,"9":1,"10":0,"11":0,"12":1,"13":0,"14":0,"15":0,"16":0,"17":1,"18":1,"19":0,"20":0,"21":0,"22":0,"23":0,"24":0,"25":0,"26":0,"27":0,"28":0,"29":0,"30":0,"31":1,"32":0,"33":0,"34":0,"35":0,"36":0,"37":1,"38":0,"39":0,"40":0,"41":0,"42":1,"43":0,"44":0,"45":0,"46":0,"47":0,"48":0,"49":1},"f":{"0":1,"1":0,"2":0,"3":0,"4":0},"b":{"0":[1,1],"1":[0,1],"2":[0,1],"3":[0],"4":[0],"5":[0,0],"6":[0,0],"7":[0],"8":[0]},"_coverageSchema":"1a1c01bbd47fc00a2c39e90264f33305004495a9","hash":"1f20d0f84597c8dc4eb3af63a1f5605e9fb1e709"}
,"/Users/kremlin/Downloads/11Wire/backend/src/utils/file-helpers.js": {"path":"/Users/kremlin/Downloads/11Wire/backend/src/utils/file-helpers.js","statementMap":{"0":{"start":{"line":6,"column":11},"end":{"line":6,"column":24}},"1":{"start":{"line":7,"column":13},"end":{"line":7,"column":28}},"2":{"start":{"line":8,"column":11},"end":{"line":8,"column":24}},"3":{"start":{"line":9,"column":15},"end":{"line":9,"column":32}},"4":{"start":{"line":17,"column":0},"end":{"line":26,"column":2}},"5":{"start":{"line":19,"column":19},"end":{"line":19,"column":74}},"6":{"start":{"line":20,"column":23},"end":{"line":20,"column":55}},"7":{"start":{"line":23,"column":2},"end":{"line":23,"column":61}},"8":{"start":{"line":25,"column":2},"end":{"line":25,"column":22}},"9":{"start":{"line":33,"column":0},"end":{"line":42,"column":2}},"10":{"start":{"line":34,"column":2},"end":{"line":41,"column":3}},"11":{"start":{"line":35,"column":4},"end":{"line":35,"column":39}},"12":{"start":{"line":36,"column":4},"end":{"line":36,"column":39}},"13":{"start":{"line":37,"column":4},"end":{"line":37,"column":16}},"14":{"start":{"line":40,"column":4},"end":{"line":40,"column":17}},"15":{"start":{"line":49,"column":0},"end":{"line":56,"column":2}},"16":{"start":{"line":50,"column":2},"end":{"line":55,"column":3}},"17":{"start":{"line":51,"column":4},"end":{"line":51,"column":38}},"18":{"start":{"line":54,"column":4},"end":{"line":54,"column":58}},"19":{"start":{"line":63,"column":0},"end":{"line":65,"column":2}},"20":{"start":{"line":64,"column":2},"end":{"line":64,"column":41}},"21":{"start":{"line":72,"column":0},"end":{"line":75,"column":2}},"22":{"start":{"line":73,"column":18},"end":{"line":73,"column":62}},"23":{"start":{"line":74,"column":2},"end":{"line":74,"column":29}},"24":{"start":{"line":83,"column":0},"end":{"line":86,"column":2}},"25":{"start":{"line":84,"column":18},"end":{"line":84,"column":47}},"26":{"start":{"line":85,"column":2},"end":{"line":85,"column":57}}},"fnMap":{"0":{"name":"(anonymous_0)","decl":{"start":{"line":17,"column":25},"end":{"line":17,"column":26}},"loc":{"start":{"line":17,"column":63},"end":{"line":26,"column":1}},"line":17},"1":{"name":"(anonymous_1)","decl":{"start":{"line":33,"column":29},"end":{"line":33,"column":30}},"loc":{"start":{"line":33,"column":49},"end":{"line":42,"column":1}},"line":33},"2":{"name":"(anonymous_2)","decl":{"start":{"line":49,"column":32},"end":{"line":49,"column":33}},"loc":{"start":{"line":49,"column":51},"end":{"line":56,"column":1}},"line":49},"3":{"name":"(anonymous_3)","decl":{"start":{"line":63,"column":27},"end":{"line":63,"column":28}},"loc":{"start":{"line":63,"column":41},"end":{"line":65,"column":1}},"line":63},"4":{"name":"(anonymous_4)","decl":{"start":{"line":72,"column":23},"end":{"line":72,"column":24}},"loc":{"start":{"line":72,"column":43},"end":{"line":75,"column":1}},"line":72},"5":{"name":"(anonymous_5)","decl":{"start":{"line":83,"column":24},"end":{"line":83,"column":25}},"loc":{"start":{"line":83,"column":50},"end":{"line":86,"column":1}},"line":83}},"branchMap":{"0":{"loc":{"start":{"line":17,"column":41},"end":{"line":17,"column":58}},"type":"default-arg","locations":[{"start":{"line":17,"column":53},"end":{"line":17,"column":58}}],"line":17}},"s":{"0":1,"1":1,"2":1,"3":1,"4":1,"5":0,"6":0,"7":0,"8":0,"9":1,"10":0,"11":0,"12":0,"13":0,"14":0,"15":1,"16":0,"17":0,"18":0,"19":1,"20":0,"21":1,"22":0,"23":0,"24":1,"25":0,"26":0},"f":{"0":0,"1":0,"2":0,"3":0,"4":0,"5":0},"b":{"0":[0]},"_coverageSchema":"1a1c01bbd47fc00a2c39e90264f33305004495a9","hash":"d802d486eba9373c88a03b5589166937a31537e2"}
,"/Users/kremlin/Downloads/11Wire/backend/src/utils/logger.js": {"path":"/Users/kremlin/Downloads/11Wire/backend/src/utils/logger.js","statementMap":{"0":{"start":{"line":6,"column":16},"end":{"line":6,"column":34}},"1":{"start":{"line":7,"column":15},"end":{"line":7,"column":35}},"2":{"start":{"line":10,"column":18},"end":{"line":15,"column":1}},"3":{"start":{"line":18,"column":15},"end":{"line":39,"column":2}},"4":{"start":{"line":28,"column":10},"end":{"line":30,"column":13}},"5":{"start":{"line":42,"column":0},"end":{"line":46,"column":2}},"6":{"start":{"line":44,"column":4},"end":{"line":44,"column":32}},"7":{"start":{"line":48,"column":0},"end":{"line":48,"column":24}}},"fnMap":{"0":{"name":"(anonymous_0)","decl":{"start":{"line":27,"column":30},"end":{"line":27,"column":31}},"loc":{"start":{"line":27,"column":74},"end":{"line":31,"column":9}},"line":27},"1":{"name":"(anonymous_1)","decl":{"start":{"line":43,"column":9},"end":{"line":43,"column":10}},"loc":{"start":{"line":43,"column":22},"end":{"line":45,"column":3}},"line":43}},"branchMap":{"0":{"loc":{"start":{"line":29,"column":12},"end":{"line":29,"column":64}},"type":"cond-expr","locations":[{"start":{"line":29,"column":39},"end":{"line":29,"column":59}},{"start":{"line":29,"column":62},"end":{"line":29,"column":64}}],"line":29}},"s":{"0":1,"1":1,"2":1,"3":1,"4":54,"5":1,"6":0,"7":1},"f":{"0":54,"1":0},"b":{"0":[54,0]},"_coverageSchema":"1a1c01bbd47fc00a2c39e90264f33305004495a9","hash":"a4c652239de7ae80ecdf538af539106768de21be"}
}
