TN:
SF:src/server.js
FN:28,(anonymous_0)
FN:36,(anonymous_1)
FN:51,(anonymous_2)
FN:52,(anonymous_3)
FN:60,(anonymous_4)
FN:72,(anonymous_5)
FN:76,(anonymous_6)
FN:79,(anonymous_7)
FN:86,(anonymous_8)
FN:90,(anonymous_9)
FNF:10
FNH:0
FNDA:0,(anonymous_0)
FNDA:0,(anonymous_1)
FNDA:0,(anonymous_2)
FNDA:0,(anonymous_3)
FNDA:0,(anonymous_4)
FNDA:0,(anonymous_5)
FNDA:0,(anonymous_6)
FNDA:0,(anonymous_7)
FNDA:0,(anonymous_8)
FNDA:0,(anonymous_9)
DA:6,0
DA:7,0
DA:8,0
DA:9,0
DA:10,0
DA:11,0
DA:12,0
DA:13,0
DA:14,0
DA:15,0
DA:18,0
DA:21,0
DA:22,0
DA:23,0
DA:24,0
DA:25,0
DA:28,0
DA:29,0
DA:33,0
DA:36,0
DA:37,0
DA:39,0
DA:48,0
DA:51,0
DA:52,0
DA:53,0
DA:54,0
DA:59,0
DA:61,0
DA:62,0
DA:65,0
DA:67,0
DA:69,0
DA:73,0
DA:74,0
DA:77,0
DA:80,0
DA:81,0
DA:82,0
DA:86,0
DA:87,0
DA:90,0
DA:91,0
DA:93,0
DA:96,0
LF:45
LH:0
BRDA:37,0,0,0
BRDA:37,0,1,0
BRDA:39,1,0,0
BRDA:39,1,1,0
BRDA:42,2,0,0
BRDA:42,2,1,0
BRDA:48,3,0,0
BRDA:48,3,1,0
BRDA:54,4,0,0
BRDA:54,4,1,0
BRDA:61,5,0,0
BRDA:61,5,1,0
BRDA:65,6,0,0
BRDA:65,6,1,0
BRF:14
BRH:0
end_of_record
TN:
SF:src/config/index.js
FNF:0
FNH:0
DA:5,1
DA:64,1
LF:2
LH:2
BRDA:6,0,0,1
BRDA:6,0,1,1
BRDA:10,1,0,1
BRDA:10,1,1,1
BRDA:17,2,0,1
BRDA:17,2,1,1
BRDA:18,3,0,1
BRDA:18,3,1,1
BRDA:19,4,0,1
BRDA:19,4,1,1
BRDA:20,5,0,1
BRDA:20,5,1,1
BRDA:21,6,0,1
BRDA:21,6,1,1
BRDA:37,7,0,1
BRDA:37,7,1,1
BRDA:40,8,0,0
BRDA:40,8,1,1
BRDA:48,9,0,1
BRDA:48,9,1,1
BRDA:53,10,0,1
BRDA:53,10,1,1
BRF:22
BRH:21
end_of_record
TN:
SF:src/controllers/amd.controller.js
FN:13,(anonymous_0)
FN:44,(anonymous_1)
FN:67,(anonymous_2)
FN:113,(anonymous_3)
FN:148,(anonymous_4)
FN:187,(anonymous_5)
FNF:6
FNH:0
FNDA:0,(anonymous_0)
FNDA:0,(anonymous_1)
FNDA:0,(anonymous_2)
FNDA:0,(anonymous_3)
FNDA:0,(anonymous_4)
FNDA:0,(anonymous_5)
DA:6,0
DA:7,0
DA:8,0
DA:13,0
DA:14,0
DA:15,0
DA:16,0
DA:18,0
DA:20,0
DA:21,0
DA:27,0
DA:32,0
DA:34,0
DA:44,0
DA:45,0
DA:46,0
DA:48,0
DA:50,0
DA:55,0
DA:57,0
DA:67,0
DA:68,0
DA:73,0
DA:76,0
DA:77,0
DA:83,0
DA:85,0
DA:93,0
DA:94,0
DA:96,0
DA:99,0
DA:100,0
DA:113,0
DA:114,0
DA:115,0
DA:118,0
DA:119,0
DA:125,0
DA:128,0
DA:129,0
DA:131,0
DA:134,0
DA:135,0
DA:148,0
DA:149,0
DA:150,0
DA:153,0
DA:154,0
DA:160,0
DA:167,0
DA:168,0
DA:170,0
DA:173,0
DA:174,0
DA:187,0
DA:188,0
DA:189,0
DA:190,0
DA:192,0
DA:193,0
DA:200,0
DA:203,0
DA:208,0
DA:210,0
DA:211,0
DA:213,0
DA:214,0
DA:216,0
DA:220,0
DA:221,0
DA:224,0
DA:228,0
DA:229,0
DA:231,0
DA:234,0
DA:235,0
LF:76
LH:0
BRDA:20,0,0,0
BRDA:20,0,1,0
BRDA:76,1,0,0
BRDA:76,1,1,0
BRDA:76,2,0,0
BRDA:76,2,1,0
BRDA:76,2,2,0
BRDA:83,3,0,0
BRDA:83,3,1,0
BRDA:118,4,0,0
BRDA:118,4,1,0
BRDA:118,5,0,0
BRDA:118,5,1,0
BRDA:153,6,0,0
BRDA:153,6,1,0
BRDA:153,7,0,0
BRDA:153,7,1,0
BRDA:163,8,0,0
BRDA:163,8,1,0
BRDA:192,9,0,0
BRDA:192,9,1,0
BRDA:192,10,0,0
BRDA:192,10,1,0
BRDA:203,11,0,0
BRDA:203,11,1,0
BRDA:203,12,0,0
BRDA:203,12,1,0
BRDA:208,13,0,0
BRDA:208,13,1,0
BRDA:213,14,0,0
BRDA:213,14,1,0
BRF:31
BRH:0
end_of_record
TN:
SF:src/controllers/call-queue.controller.js
FN:14,(anonymous_0)
FN:48,(anonymous_1)
FN:83,(anonymous_2)
FN:115,(anonymous_3)
FN:150,(anonymous_4)
FN:176,(anonymous_5)
FN:209,(anonymous_6)
FNF:7
FNH:0
FNDA:0,(anonymous_0)
FNDA:0,(anonymous_1)
FNDA:0,(anonymous_2)
FNDA:0,(anonymous_3)
FNDA:0,(anonymous_4)
FNDA:0,(anonymous_5)
FNDA:0,(anonymous_6)
DA:6,0
DA:7,0
DA:14,0
DA:15,0
DA:16,0
DA:19,0
DA:20,0
DA:27,0
DA:29,0
DA:35,0
DA:36,0
DA:48,0
DA:49,0
DA:50,0
DA:53,0
DA:54,0
DA:55,0
DA:58,0
DA:64,0
DA:70,0
DA:71,0
DA:83,0
DA:84,0
DA:85,0
DA:88,0
DA:90,0
DA:91,0
DA:97,0
DA:102,0
DA:103,0
DA:115,0
DA:116,0
DA:117,0
DA:118,0
DA:121,0
DA:122,0
DA:129,0
DA:131,0
DA:137,0
DA:138,0
DA:150,0
DA:151,0
DA:152,0
DA:155,0
DA:157,0
DA:163,0
DA:164,0
DA:176,0
DA:177,0
DA:178,0
DA:181,0
DA:182,0
DA:185,0
DA:190,0
DA:196,0
DA:197,0
DA:209,0
DA:210,0
DA:211,0
DA:214,0
DA:215,0
DA:218,0
DA:220,0
DA:225,0
DA:226,0
DA:233,0
LF:66
LH:0
BRDA:19,0,0,0
BRDA:19,0,1,0
BRDA:19,1,0,0
BRDA:19,1,1,0
BRDA:50,2,0,0
BRDA:50,3,0,0
BRDA:54,4,0,0
BRDA:54,4,1,0
BRDA:55,5,0,0
BRDA:55,5,1,0
BRDA:90,6,0,0
BRDA:90,6,1,0
BRDA:121,7,0,0
BRDA:121,7,1,0
BRDA:121,8,0,0
BRDA:121,8,1,0
BRDA:121,8,2,0
BRDA:178,9,0,0
BRDA:182,10,0,0
BRDA:182,10,1,0
BRDA:215,11,0,0
BRDA:215,11,1,0
BRF:22
BRH:0
end_of_record
TN:
SF:src/controllers/call-recording.controller.js
FN:14,(anonymous_0)
FN:42,(anonymous_1)
FN:69,(anonymous_2)
FN:91,(anonymous_3)
FN:124,(anonymous_4)
FN:150,(anonymous_5)
FN:183,(anonymous_6)
FN:210,(anonymous_7)
FNF:8
FNH:0
FNDA:0,(anonymous_0)
FNDA:0,(anonymous_1)
FNDA:0,(anonymous_2)
FNDA:0,(anonymous_3)
FNDA:0,(anonymous_4)
FNDA:0,(anonymous_5)
FNDA:0,(anonymous_6)
FNDA:0,(anonymous_7)
DA:6,0
DA:7,0
DA:14,0
DA:15,0
DA:16,0
DA:17,0
DA:20,0
DA:22,0
DA:28,0
DA:30,0
DA:42,0
DA:43,0
DA:44,0
DA:47,0
DA:49,0
DA:55,0
DA:57,0
DA:69,0
DA:70,0
DA:71,0
DA:74,0
DA:77,0
DA:79,0
DA:82,0
DA:91,0
DA:92,0
DA:93,0
DA:96,0
DA:98,0
DA:99,0
DA:105,0
DA:110,0
DA:112,0
DA:124,0
DA:125,0
DA:126,0
DA:129,0
DA:131,0
DA:136,0
DA:138,0
DA:150,0
DA:151,0
DA:153,0
DA:154,0
DA:157,0
DA:159,0
DA:169,0
DA:171,0
DA:183,0
DA:184,0
DA:185,0
DA:188,0
DA:190,0
DA:196,0
DA:198,0
DA:210,0
DA:211,0
DA:213,0
DA:216,0
DA:217,0
DA:218,0
DA:221,0
DA:226,0
DA:231,0
DA:233,0
DA:240,0
LF:66
LH:0
BRDA:17,0,0,0
BRDA:17,0,1,0
BRDA:98,1,0,0
BRDA:98,1,1,0
BRDA:153,2,0,0
BRDA:153,3,0,0
BRDA:217,4,0,0
BRDA:217,4,1,0
BRDA:218,5,0,0
BRDA:218,5,1,0
BRF:10
BRH:0
end_of_record
TN:
SF:src/controllers/call-transfer.controller.js
FN:14,(anonymous_0)
FN:62,(anonymous_1)
FN:100,(anonymous_2)
FN:132,(anonymous_3)
FN:169,(anonymous_4)
FNF:5
FNH:0
FNDA:0,(anonymous_0)
FNDA:0,(anonymous_1)
FNDA:0,(anonymous_2)
FNDA:0,(anonymous_3)
FNDA:0,(anonymous_4)
DA:6,0
DA:7,0
DA:14,0
DA:15,0
DA:16,0
DA:19,0
DA:20,0
DA:27,0
DA:28,0
DA:29,0
DA:36,0
DA:43,0
DA:49,0
DA:50,0
DA:62,0
DA:63,0
DA:64,0
DA:65,0
DA:67,0
DA:68,0
DA:75,0
DA:81,0
DA:87,0
DA:88,0
DA:100,0
DA:101,0
DA:102,0
DA:105,0
DA:106,0
DA:107,0
DA:111,0
DA:113,0
DA:119,0
DA:120,0
DA:132,0
DA:133,0
DA:134,0
DA:135,0
DA:137,0
DA:138,0
DA:145,0
DA:150,0
DA:156,0
DA:157,0
DA:169,0
DA:170,0
DA:171,0
DA:173,0
DA:174,0
DA:181,0
DA:194,0
DA:195,0
DA:201,0
DA:206,0
DA:207,0
DA:214,0
LF:56
LH:0
BRDA:19,0,0,0
BRDA:19,0,1,0
BRDA:19,1,0,0
BRDA:19,1,1,0
BRDA:28,2,0,0
BRDA:28,2,1,0
BRDA:28,3,0,0
BRDA:28,3,1,0
BRDA:39,4,0,0
BRDA:39,4,1,0
BRDA:40,5,0,0
BRDA:40,5,1,0
BRDA:45,6,0,0
BRDA:45,6,1,0
BRDA:67,7,0,0
BRDA:67,7,1,0
BRDA:78,8,0,0
BRDA:78,8,1,0
BRDA:106,9,0,0
BRDA:106,9,1,0
BRDA:137,10,0,0
BRDA:137,10,1,0
BRDA:147,11,0,0
BRDA:147,11,1,0
BRDA:173,12,0,0
BRDA:173,12,1,0
BRDA:194,13,0,0
BRDA:194,13,1,0
BRF:28
BRH:0
end_of_record
TN:
SF:src/controllers/call.controller.js
FN:16,(anonymous_0)
FN:56,(anonymous_1)
FN:197,(anonymous_2)
FN:219,(anonymous_3)
FN:262,(anonymous_4)
FN:339,(anonymous_5)
FN:340,(anonymous_6)
FN:343,(anonymous_7)
FN:389,(anonymous_8)
FN:417,(anonymous_9)
FN:453,(anonymous_10)
FN:520,(anonymous_11)
FN:538,(anonymous_12)
FN:560,(anonymous_13)
FN:598,(anonymous_14)
FN:614,(anonymous_15)
FN:650,(anonymous_16)
FNF:17
FNH:0
FNDA:0,(anonymous_0)
FNDA:0,(anonymous_1)
FNDA:0,(anonymous_2)
FNDA:0,(anonymous_3)
FNDA:0,(anonymous_4)
FNDA:0,(anonymous_5)
FNDA:0,(anonymous_6)
FNDA:0,(anonymous_7)
FNDA:0,(anonymous_8)
FNDA:0,(anonymous_9)
FNDA:0,(anonymous_10)
FNDA:0,(anonymous_11)
FNDA:0,(anonymous_12)
FNDA:0,(anonymous_13)
FNDA:0,(anonymous_14)
FNDA:0,(anonymous_15)
FNDA:0,(anonymous_16)
DA:6,0
DA:7,0
DA:8,0
DA:9,0
DA:10,0
DA:11,0
DA:16,0
DA:17,0
DA:18,0
DA:21,0
DA:22,0
DA:29,0
DA:32,0
DA:40,0
DA:45,0
DA:46,0
DA:56,0
DA:57,0
DA:58,0
DA:60,0
DA:63,0
DA:68,0
DA:69,0
DA:70,0
DA:79,0
DA:81,0
DA:83,0
DA:84,0
DA:103,0
DA:106,0
DA:108,0
DA:126,0
DA:127,0
DA:130,0
DA:131,0
DA:132,0
DA:134,0
DA:137,0
DA:142,0
DA:143,0
DA:144,0
DA:150,0
DA:153,0
DA:154,0
DA:157,0
DA:170,0
DA:176,0
DA:179,0
DA:185,0
DA:186,0
DA:187,0
DA:197,0
DA:198,0
DA:199,0
DA:201,0
DA:203,0
DA:208,0
DA:209,0
DA:219,0
DA:220,0
DA:221,0
DA:222,0
DA:225,0
DA:232,0
DA:237,0
DA:242,0
DA:245,0
DA:246,0
DA:252,0
DA:262,0
DA:263,0
DA:277,0
DA:280,0
DA:282,0
DA:283,0
DA:284,0
DA:285,0
DA:286,0
DA:289,0
DA:290,0
DA:292,0
DA:293,0
DA:296,0
DA:297,0
DA:302,0
DA:305,0
DA:326,0
DA:327,0
DA:328,0
DA:332,0
DA:333,0
DA:334,0
DA:336,0
DA:339,0
DA:340,0
DA:343,0
DA:357,0
DA:365,0
DA:370,0
DA:378,0
DA:379,0
DA:389,0
DA:390,0
DA:391,0
DA:392,0
DA:394,0
DA:397,0
DA:398,0
DA:400,0
DA:403,0
DA:404,0
DA:417,0
DA:418,0
DA:419,0
DA:420,0
DA:423,0
DA:428,0
DA:430,0
DA:433,0
DA:434,0
DA:436,0
DA:439,0
DA:440,0
DA:453,0
DA:454,0
DA:455,0
DA:456,0
DA:459,0
DA:462,0
DA:464,0
DA:466,0
DA:468,0
DA:471,0
DA:475,0
DA:476,0
DA:479,0
DA:480,0
DA:485,0
DA:487,0
DA:488,0
DA:491,0
DA:501,0
DA:505,0
DA:510,0
DA:512,0
DA:513,0
DA:520,0
DA:521,0
DA:522,0
DA:523,0
DA:528,0
DA:530,0
DA:531,0
DA:538,0
DA:539,0
DA:541,0
DA:543,0
DA:549,0
DA:550,0
DA:560,0
DA:561,0
DA:562,0
DA:565,0
DA:567,0
DA:568,0
DA:572,0
DA:573,0
DA:575,0
DA:576,0
DA:579,0
DA:580,0
DA:585,0
DA:588,0
DA:598,0
DA:599,0
DA:600,0
DA:604,0
DA:614,0
DA:615,0
DA:616,0
DA:620,0
DA:631,0
DA:643,0
DA:650,0
DA:656,0
DA:657,0
LF:186
LH:0
BRDA:21,0,0,0
BRDA:21,0,1,0
BRDA:21,1,0,0
BRDA:21,1,1,0
BRDA:21,1,2,0
BRDA:29,2,0,0
BRDA:29,2,1,0
BRDA:68,3,0,0
BRDA:68,3,1,0
BRDA:81,4,0,0
BRDA:81,4,1,0
BRDA:131,5,0,0
BRDA:131,5,1,0
BRDA:142,6,0,0
BRDA:142,6,1,0
BRDA:165,7,0,0
BRDA:165,7,1,0
BRDA:165,8,0,0
BRDA:165,8,1,0
BRDA:234,9,0,0
BRDA:234,9,1,0
BRDA:245,10,0,0
BRDA:245,10,1,0
BRDA:273,11,0,0
BRDA:274,12,0,0
BRDA:275,13,0,0
BRDA:276,14,0,0
BRDA:282,15,0,0
BRDA:282,15,1,0
BRDA:283,16,0,0
BRDA:283,16,1,0
BRDA:284,17,0,0
BRDA:284,17,1,0
BRDA:285,18,0,0
BRDA:285,18,1,0
BRDA:286,19,0,0
BRDA:286,19,1,0
BRDA:289,20,0,0
BRDA:289,20,1,0
BRDA:289,21,0,0
BRDA:289,21,1,0
BRDA:292,22,0,0
BRDA:292,22,1,0
BRDA:296,23,0,0
BRDA:296,23,1,0
BRDA:326,24,0,0
BRDA:326,24,1,0
BRDA:332,25,0,0
BRDA:332,25,1,0
BRDA:333,26,0,0
BRDA:333,26,1,0
BRDA:334,27,0,0
BRDA:334,27,1,0
BRDA:351,28,0,0
BRDA:351,28,1,0
BRDA:351,29,0,0
BRDA:351,29,1,0
BRDA:466,30,0,0
BRDA:466,30,1,0
BRDA:472,31,0,0
BRDA:472,31,1,0
BRDA:475,32,0,0
BRDA:475,32,1,0
BRDA:479,33,0,0
BRDA:479,33,1,0
BRDA:479,34,0,0
BRDA:479,34,1,0
BRDA:485,35,0,0
BRDA:485,35,1,0
BRDA:495,36,0,0
BRDA:495,36,1,0
BRDA:496,37,0,0
BRDA:496,37,1,0
BRDA:497,38,0,0
BRDA:497,38,1,0
BRDA:567,39,0,0
BRDA:567,39,1,0
BRDA:572,40,0,0
BRDA:572,40,1,0
BRDA:572,41,0,0
BRDA:572,41,1,0
BRDA:575,42,0,0
BRDA:575,42,1,0
BRDA:579,43,0,0
BRDA:579,43,1,0
BRDA:635,44,0,0
BRDA:635,44,1,0
BRDA:636,45,0,0
BRDA:636,45,1,0
BRDA:637,46,0,0
BRDA:637,46,1,0
BRDA:648,47,0,0
BRDA:648,47,1,0
BRF:93
BRH:0
end_of_record
TN:
SF:src/controllers/campaign-scheduler.controller.js
FN:12,(anonymous_0)
FN:44,(anonymous_1)
FN:75,(anonymous_2)
FN:106,(anonymous_3)
FN:138,(anonymous_4)
FN:169,(anonymous_5)
FN:191,(anonymous_6)
FNF:7
FNH:0
FNDA:0,(anonymous_0)
FNDA:0,(anonymous_1)
FNDA:0,(anonymous_2)
FNDA:0,(anonymous_3)
FNDA:0,(anonymous_4)
FNDA:0,(anonymous_5)
FNDA:0,(anonymous_6)
DA:6,0
DA:7,0
DA:12,0
DA:13,0
DA:14,0
DA:15,0
DA:17,0
DA:19,0
DA:24,0
DA:27,0
DA:28,0
DA:34,0
DA:44,0
DA:45,0
DA:46,0
DA:48,0
DA:51,0
DA:52,0
DA:58,0
DA:63,0
DA:65,0
DA:75,0
DA:76,0
DA:77,0
DA:79,0
DA:82,0
DA:83,0
DA:89,0
DA:94,0
DA:96,0
DA:106,0
DA:107,0
DA:108,0
DA:109,0
DA:111,0
DA:114,0
DA:115,0
DA:121,0
DA:126,0
DA:128,0
DA:138,0
DA:139,0
DA:140,0
DA:142,0
DA:145,0
DA:146,0
DA:152,0
DA:157,0
DA:159,0
DA:169,0
DA:170,0
DA:171,0
DA:173,0
DA:179,0
DA:181,0
DA:191,0
DA:192,0
DA:193,0
DA:194,0
DA:196,0
DA:199,0
DA:200,0
DA:206,0
DA:211,0
DA:213,0
LF:65
LH:0
BRDA:27,0,0,0
BRDA:27,0,1,0
BRDA:51,1,0,0
BRDA:51,1,1,0
BRDA:82,2,0,0
BRDA:82,2,1,0
BRDA:114,3,0,0
BRDA:114,3,1,0
BRDA:145,4,0,0
BRDA:145,4,1,0
BRDA:199,5,0,0
BRDA:199,5,1,0
BRF:12
BRH:0
end_of_record
TN:
SF:src/controllers/campaign.controller.js
FN:11,(anonymous_0)
FN:33,(anonymous_1)
FN:62,(anonymous_2)
FN:105,(anonymous_3)
FN:137,(anonymous_4)
FN:168,(anonymous_5)
FN:218,(anonymous_6)
FN:240,(anonymous_7)
FNF:8
FNH:0
FNDA:0,(anonymous_0)
FNDA:0,(anonymous_1)
FNDA:0,(anonymous_2)
FNDA:0,(anonymous_3)
FNDA:0,(anonymous_4)
FNDA:0,(anonymous_5)
FNDA:0,(anonymous_6)
FNDA:0,(anonymous_7)
DA:5,0
DA:6,0
DA:11,0
DA:12,0
DA:13,0
DA:14,0
DA:16,0
DA:17,0
DA:22,0
DA:23,0
DA:33,0
DA:34,0
DA:35,0
DA:36,0
DA:38,0
DA:39,0
DA:45,0
DA:46,0
DA:51,0
DA:52,0
DA:62,0
DA:63,0
DA:65,0
DA:68,0
DA:70,0
DA:77,0
DA:79,0
DA:80,0
DA:85,0
DA:88,0
DA:89,0
DA:95,0
DA:105,0
DA:106,0
DA:107,0
DA:108,0
DA:111,0
DA:113,0
DA:114,0
DA:120,0
DA:121,0
DA:126,0
DA:127,0
DA:137,0
DA:138,0
DA:139,0
DA:142,0
DA:144,0
DA:145,0
DA:151,0
DA:152,0
DA:157,0
DA:158,0
DA:168,0
DA:169,0
DA:170,0
DA:171,0
DA:174,0
DA:175,0
DA:176,0
DA:183,0
DA:185,0
DA:186,0
DA:192,0
DA:193,0
DA:198,0
DA:201,0
DA:202,0
DA:208,0
DA:218,0
DA:219,0
DA:221,0
DA:223,0
DA:224,0
DA:229,0
DA:230,0
DA:240,0
DA:241,0
DA:242,0
DA:245,0
DA:247,0
DA:248,0
DA:249,0
DA:254,0
DA:260,0
DA:262,0
DA:263,0
DA:269,0
LF:88
LH:0
BRDA:38,0,0,0
BRDA:38,0,1,0
BRDA:68,1,0,0
BRDA:68,1,1,0
BRDA:68,2,0,0
BRDA:68,2,1,0
BRDA:68,2,2,0
BRDA:68,2,3,0
BRDA:68,2,4,0
BRDA:68,2,5,0
BRDA:88,3,0,0
BRDA:88,3,1,0
BRDA:113,4,0,0
BRDA:113,4,1,0
BRDA:144,5,0,0
BRDA:144,5,1,0
BRDA:175,6,0,0
BRDA:175,6,1,0
BRDA:185,7,0,0
BRDA:185,7,1,0
BRDA:201,8,0,0
BRDA:201,8,1,0
BRDA:247,9,0,0
BRDA:247,9,1,0
BRDA:262,10,0,0
BRDA:262,10,1,0
BRF:26
BRH:0
end_of_record
TN:
SF:src/controllers/contact.controller.js
FN:17,(anonymous_0)
FN:102,(anonymous_1)
FN:146,(anonymous_2)
FN:203,(anonymous_3)
FN:266,(anonymous_4)
FN:299,(anonymous_5)
FN:328,(anonymous_6)
FN:331,(anonymous_7)
FN:383,(anonymous_8)
FN:400,(anonymous_9)
FN:427,(anonymous_10)
FN:429,(anonymous_11)
FNF:12
FNH:0
FNDA:0,(anonymous_0)
FNDA:0,(anonymous_1)
FNDA:0,(anonymous_2)
FNDA:0,(anonymous_3)
FNDA:0,(anonymous_4)
FNDA:0,(anonymous_5)
FNDA:0,(anonymous_6)
FNDA:0,(anonymous_7)
FNDA:0,(anonymous_8)
FNDA:0,(anonymous_9)
FNDA:0,(anonymous_10)
FNDA:0,(anonymous_11)
DA:6,0
DA:7,0
DA:8,0
DA:9,0
DA:10,0
DA:11,0
DA:12,0
DA:17,0
DA:18,0
DA:28,0
DA:31,0
DA:33,0
DA:34,0
DA:37,0
DA:38,0
DA:41,0
DA:42,0
DA:51,0
DA:54,0
DA:56,0
DA:60,0
DA:76,0
DA:78,0
DA:86,0
DA:87,0
DA:88,0
DA:89,0
DA:91,0
DA:102,0
DA:103,0
DA:104,0
DA:106,0
DA:108,0
DA:119,0
DA:120,0
DA:126,0
DA:131,0
DA:132,0
DA:133,0
DA:134,0
DA:135,0
DA:146,0
DA:147,0
DA:155,0
DA:158,0
DA:159,0
DA:166,0
DA:167,0
DA:168,0
DA:169,0
DA:177,0
DA:187,0
DA:192,0
DA:193,0
DA:203,0
DA:204,0
DA:205,0
DA:215,0
DA:218,0
DA:220,0
DA:221,0
DA:228,0
DA:229,0
DA:230,0
DA:231,0
DA:239,0
DA:250,0
DA:255,0
DA:256,0
DA:266,0
DA:267,0
DA:268,0
DA:271,0
DA:273,0
DA:274,0
DA:281,0
DA:283,0
DA:288,0
DA:289,0
DA:299,0
DA:300,0
DA:302,0
DA:303,0
DA:309,0
DA:312,0
DA:313,0
DA:314,0
DA:315,0
DA:322,0
DA:323,0
DA:324,0
DA:325,0
DA:328,0
DA:329,0
DA:333,0
DA:334,0
DA:339,0
DA:350,0
DA:357,0
DA:358,0
DA:362,0
DA:364,0
DA:372,0
DA:373,0
DA:383,0
DA:384,0
DA:385,0
DA:387,0
DA:390,0
DA:400,0
DA:401,0
DA:402,0
DA:406,0
DA:410,0
DA:416,0
DA:417,0
DA:427,0
DA:428,0
DA:429,0
DA:436,0
DA:438,0
DA:439,0
LF:122
LH:0
BRDA:21,0,0,0
BRDA:22,1,0,0
BRDA:26,2,0,0
BRDA:27,3,0,0
BRDA:33,4,0,0
BRDA:33,4,1,0
BRDA:37,5,0,0
BRDA:37,5,1,0
BRDA:41,6,0,0
BRDA:41,6,1,0
BRDA:119,7,0,0
BRDA:119,7,1,0
BRDA:158,8,0,0
BRDA:158,8,1,0
BRDA:166,9,0,0
BRDA:166,9,1,0
BRDA:168,10,0,0
BRDA:168,10,1,0
BRDA:220,11,0,0
BRDA:220,11,1,0
BRDA:228,12,0,0
BRDA:228,12,1,0
BRDA:228,13,0,0
BRDA:228,13,1,0
BRDA:230,14,0,0
BRDA:230,14,1,0
BRDA:240,15,0,0
BRDA:240,15,1,0
BRDA:241,16,0,0
BRDA:241,16,1,0
BRDA:242,17,0,0
BRDA:242,17,1,0
BRDA:243,18,0,0
BRDA:243,18,1,0
BRDA:244,19,0,0
BRDA:244,19,1,0
BRDA:245,20,0,0
BRDA:245,20,1,0
BRDA:246,21,0,0
BRDA:246,21,1,0
BRDA:247,22,0,0
BRDA:247,22,1,0
BRDA:273,23,0,0
BRDA:273,23,1,0
BRDA:302,24,0,0
BRDA:302,24,1,0
BRDA:312,25,0,0
BRDA:312,25,1,0
BRDA:314,26,0,0
BRDA:314,26,1,0
BRDA:333,27,0,0
BRDA:333,27,1,0
BRDA:340,28,0,0
BRDA:340,28,1,0
BRDA:341,29,0,0
BRDA:341,29,1,0
BRDA:341,29,2,0
BRDA:342,30,0,0
BRDA:342,30,1,0
BRDA:342,30,2,0
BRDA:344,31,0,0
BRDA:344,31,1,0
BRDA:357,32,0,0
BRDA:357,32,1,0
BRDA:387,33,0,0
BRDA:387,33,1,0
BRDA:427,34,0,0
BRDA:433,35,0,0
BRDA:433,35,1,0
BRF:69
BRH:0
end_of_record
TN:
SF:src/controllers/conversation.controller.js
FN:15,(anonymous_0)
FN:99,(anonymous_1)
FN:146,(anonymous_2)
FN:200,(anonymous_3)
FN:248,(anonymous_4)
FN:283,(anonymous_5)
FN:328,(anonymous_6)
FN:332,(anonymous_7)
FNF:8
FNH:5
FNDA:3,(anonymous_0)
FNDA:3,(anonymous_1)
FNDA:3,(anonymous_2)
FNDA:3,(anonymous_3)
FNDA:4,(anonymous_4)
FNDA:0,(anonymous_5)
FNDA:0,(anonymous_6)
FNDA:0,(anonymous_7)
DA:6,1
DA:7,1
DA:8,1
DA:15,1
DA:16,3
DA:25,3
DA:27,3
DA:30,3
DA:32,3
DA:33,1
DA:36,3
DA:37,0
DA:38,0
DA:39,0
DA:41,0
DA:42,0
DA:46,3
DA:47,0
DA:52,3
DA:53,0
DA:57,3
DA:76,2
DA:78,2
DA:86,1
DA:87,1
DA:99,1
DA:100,3
DA:101,3
DA:103,3
DA:118,2
DA:119,1
DA:120,1
DA:126,1
DA:128,1
DA:133,1
DA:134,1
DA:146,1
DA:147,3
DA:148,3
DA:149,3
DA:151,3
DA:152,1
DA:158,2
DA:160,2
DA:161,1
DA:162,1
DA:169,1
DA:175,1
DA:177,1
DA:179,1
DA:187,0
DA:188,0
DA:200,1
DA:201,3
DA:202,3
DA:205,3
DA:206,3
DA:207,3
DA:208,3
DA:209,0
DA:210,0
DA:211,0
DA:218,3
DA:223,2
DA:231,2
DA:244,2
DA:247,2
DA:248,2
DA:249,4
DA:253,2
DA:260,0
DA:263,0
DA:279,0
DA:282,0
DA:283,0
DA:284,0
DA:288,0
DA:300,0
DA:301,0
DA:308,0
DA:322,0
DA:325,0
DA:326,0
DA:328,0
DA:329,0
DA:332,0
DA:333,0
DA:334,0
DA:340,0
DA:353,3
DA:354,3
DA:361,1
LF:92
LH:61
BRDA:18,0,0,2
BRDA:19,1,0,2
BRDA:32,2,0,1
BRDA:32,2,1,2
BRDA:36,3,0,0
BRDA:36,3,1,3
BRDA:36,4,0,3
BRDA:36,4,1,3
BRDA:38,5,0,0
BRDA:38,5,1,0
BRDA:41,6,0,0
BRDA:41,6,1,0
BRDA:46,7,0,0
BRDA:46,7,1,3
BRDA:52,8,0,0
BRDA:52,8,1,3
BRDA:118,9,0,1
BRDA:118,9,1,1
BRDA:151,10,0,1
BRDA:151,10,1,2
BRDA:151,11,0,3
BRDA:151,11,1,2
BRDA:160,12,0,1
BRDA:160,12,1,1
BRDA:170,13,0,1
BRDA:170,13,1,0
BRDA:206,14,0,1
BRDA:206,14,1,2
BRDA:207,15,0,0
BRDA:207,15,1,3
BRDA:208,16,0,0
BRDA:208,16,1,3
BRDA:237,17,0,1
BRDA:237,17,1,1
BRDA:238,18,0,0
BRDA:238,18,1,2
BRDA:239,19,0,0
BRDA:239,19,1,2
BRDA:260,20,0,0
BRDA:260,20,1,0
BRDA:260,21,0,0
BRDA:260,21,1,0
BRDA:271,22,0,0
BRDA:271,22,1,0
BRDA:272,23,0,0
BRDA:272,23,1,0
BRDA:273,24,0,0
BRDA:273,24,1,0
BRDA:295,25,0,0
BRDA:295,25,1,0
BRDA:296,26,0,0
BRDA:296,26,1,0
BRDA:297,27,0,0
BRDA:297,27,1,0
BRDA:301,28,0,0
BRDA:301,28,1,0
BRDA:315,29,0,0
BRDA:315,29,1,0
BRDA:316,30,0,0
BRDA:316,30,1,0
BRDA:317,31,0,0
BRDA:317,31,1,0
BRDA:336,32,0,0
BRDA:336,32,1,0
BRF:64
BRH:26
end_of_record
TN:
SF:src/controllers/elevenlabs-agent.controller.js
FN:14,(anonymous_0)
FN:35,(anonymous_1)
FN:84,(anonymous_2)
FN:159,(anonymous_3)
FN:234,(anonymous_4)
FN:269,(anonymous_5)
FN:323,(anonymous_6)
FN:362,(anonymous_7)
FN:400,(anonymous_8)
FNF:9
FNH:0
FNDA:0,(anonymous_0)
FNDA:0,(anonymous_1)
FNDA:0,(anonymous_2)
FNDA:0,(anonymous_3)
FNDA:0,(anonymous_4)
FNDA:0,(anonymous_5)
FNDA:0,(anonymous_6)
FNDA:0,(anonymous_7)
FNDA:0,(anonymous_8)
DA:6,0
DA:7,0
DA:8,0
DA:9,0
DA:14,0
DA:15,0
DA:16,0
DA:18,0
DA:24,0
DA:25,0
DA:35,0
DA:36,0
DA:37,0
DA:40,0
DA:44,0
DA:45,0
DA:52,0
DA:54,0
DA:55,0
DA:61,0
DA:73,0
DA:74,0
DA:84,0
DA:85,0
DA:86,0
DA:87,0
DA:90,0
DA:91,0
DA:98,0
DA:103,0
DA:104,0
DA:114,0
DA:122,0
DA:132,0
DA:133,0
DA:134,0
DA:135,0
DA:137,0
DA:142,0
DA:148,0
DA:149,0
DA:159,0
DA:160,0
DA:161,0
DA:164,0
DA:165,0
DA:166,0
DA:169,0
DA:170,0
DA:171,0
DA:172,0
DA:179,0
DA:180,0
DA:181,0
DA:188,0
DA:189,0
DA:192,0
DA:193,0
DA:196,0
DA:200,0
DA:201,0
DA:206,0
DA:207,0
DA:208,0
DA:209,0
DA:216,0
DA:222,0
DA:223,0
DA:224,0
DA:234,0
DA:235,0
DA:236,0
DA:239,0
DA:243,0
DA:244,0
DA:251,0
DA:253,0
DA:258,0
DA:259,0
DA:269,0
DA:270,0
DA:271,0
DA:274,0
DA:278,0
DA:279,0
DA:286,0
DA:288,0
DA:289,0
DA:296,0
DA:301,0
DA:312,0
DA:313,0
DA:323,0
DA:324,0
DA:325,0
DA:326,0
DA:329,0
DA:334,0
DA:335,0
DA:337,0
DA:338,0
DA:341,0
DA:342,0
DA:347,0
DA:352,0
DA:362,0
DA:363,0
DA:364,0
DA:368,0
DA:379,0
DA:393,0
DA:400,0
DA:407,0
DA:408,0
LF:114
LH:0
BRDA:44,0,0,0
BRDA:44,0,1,0
BRDA:54,1,0,0
BRDA:54,1,1,0
BRDA:66,2,0,0
BRDA:66,2,1,0
BRDA:68,3,0,0
BRDA:68,3,1,0
BRDA:90,4,0,0
BRDA:90,4,1,0
BRDA:103,5,0,0
BRDA:103,5,1,0
BRDA:106,6,0,0
BRDA:106,6,1,0
BRDA:107,7,0,0
BRDA:107,7,1,0
BRDA:108,8,0,0
BRDA:108,8,1,0
BRDA:109,9,0,0
BRDA:109,9,1,0
BRDA:110,10,0,0
BRDA:110,10,1,0
BRDA:111,11,0,0
BRDA:111,11,1,0
BRDA:123,12,0,0
BRDA:123,12,1,0
BRDA:124,13,0,0
BRDA:124,13,1,0
BRDA:125,14,0,0
BRDA:125,14,1,0
BRDA:126,15,0,0
BRDA:126,15,1,0
BRDA:127,16,0,0
BRDA:127,16,1,0
BRDA:128,17,0,0
BRDA:128,17,1,0
BRDA:132,18,0,0
BRDA:132,18,1,0
BRDA:132,19,0,0
BRDA:132,19,1,0
BRDA:169,20,0,0
BRDA:169,20,1,0
BRDA:192,21,0,0
BRDA:192,21,1,0
BRDA:243,22,0,0
BRDA:243,22,1,0
BRDA:278,23,0,0
BRDA:278,23,1,0
BRDA:288,24,0,0
BRDA:288,24,1,0
BRDA:298,25,0,0
BRDA:298,25,1,0
BRDA:334,26,0,0
BRDA:334,26,1,0
BRDA:334,27,0,0
BRDA:334,27,1,0
BRDA:337,28,0,0
BRDA:337,28,1,0
BRDA:341,29,0,0
BRDA:341,29,1,0
BRDA:398,30,0,0
BRDA:398,30,1,0
BRDA:402,31,0,0
BRDA:402,31,1,0
BRF:64
BRH:0
end_of_record
TN:
SF:src/controllers/elevenlabs-webhook.controller.js
FN:39,(anonymous_0)
FN:78,(anonymous_1)
FN:139,(anonymous_2)
FN:166,(anonymous_3)
FN:167,(anonymous_4)
FN:228,(anonymous_5)
FN:306,(anonymous_6)
FN:317,(anonymous_7)
FN:374,(anonymous_8)
FNF:9
FNH:0
FNDA:0,(anonymous_0)
FNDA:0,(anonymous_1)
FNDA:0,(anonymous_2)
FNDA:0,(anonymous_3)
FNDA:0,(anonymous_4)
FNDA:0,(anonymous_5)
FNDA:0,(anonymous_6)
FNDA:0,(anonymous_7)
FNDA:0,(anonymous_8)
DA:6,0
DA:7,0
DA:8,0
DA:9,0
DA:10,0
DA:11,0
DA:12,0
DA:15,0
DA:39,0
DA:40,0
DA:42,0
DA:47,0
DA:50,0
DA:52,0
DA:58,0
DA:61,0
DA:62,0
DA:63,0
DA:66,0
DA:71,0
DA:78,0
DA:80,0
DA:83,0
DA:84,0
DA:85,0
DA:89,0
DA:90,0
DA:91,0
DA:94,0
DA:95,0
DA:97,0
DA:98,0
DA:99,0
DA:103,0
DA:106,0
DA:112,0
DA:113,0
DA:118,0
DA:119,0
DA:120,0
DA:123,0
DA:124,0
DA:127,0
DA:129,0
DA:130,0
DA:139,0
DA:140,0
DA:141,0
DA:149,0
DA:152,0
DA:153,0
DA:156,0
DA:159,0
DA:160,0
DA:161,0
DA:165,0
DA:166,0
DA:167,0
DA:170,0
DA:176,0
DA:188,0
DA:189,0
DA:193,0
DA:199,0
DA:200,0
DA:201,0
DA:203,0
DA:206,0
DA:214,0
DA:215,0
DA:217,0
DA:218,0
DA:219,0
DA:228,0
DA:229,0
DA:230,0
DA:237,0
DA:239,0
DA:240,0
DA:244,0
DA:245,0
DA:248,0
DA:251,0
DA:257,0
DA:260,0
DA:272,0
DA:273,0
DA:277,0
DA:283,0
DA:284,0
DA:285,0
DA:286,0
DA:293,0
DA:294,0
DA:296,0
DA:297,0
DA:298,0
DA:306,0
DA:307,0
DA:317,0
DA:318,0
DA:320,0
DA:323,0
DA:324,0
DA:325,0
DA:326,0
DA:329,0
DA:330,0
DA:331,0
DA:334,0
DA:335,0
DA:337,0
DA:340,0
DA:342,0
DA:344,0
DA:345,0
DA:347,0
DA:348,0
DA:350,0
DA:354,0
DA:357,0
DA:364,0
DA:365,0
DA:366,0
DA:374,0
DA:375,0
DA:378,0
LF:127
LH:0
BRDA:42,0,0,0
BRDA:42,0,1,0
BRDA:42,0,2,0
BRDA:50,1,0,0
BRDA:50,1,1,0
BRDA:52,2,0,0
BRDA:52,2,1,0
BRDA:52,2,2,0
BRDA:52,2,3,0
BRDA:52,2,4,0
BRDA:62,3,0,0
BRDA:62,3,1,0
BRDA:62,4,0,0
BRDA:62,4,1,0
BRDA:71,5,0,0
BRDA:71,5,1,0
BRDA:71,5,2,0
BRDA:71,5,3,0
BRDA:71,5,4,0
BRDA:80,6,0,0
BRDA:80,6,1,0
BRDA:83,7,0,0
BRDA:83,7,1,0
BRDA:89,8,0,0
BRDA:89,8,1,0
BRDA:97,9,0,0
BRDA:97,9,1,0
BRDA:118,10,0,0
BRDA:118,10,1,0
BRDA:141,11,0,0
BRDA:141,11,1,0
BRDA:152,12,0,0
BRDA:152,12,1,0
BRDA:152,13,0,0
BRDA:152,13,1,0
BRDA:160,14,0,0
BRDA:160,14,1,0
BRDA:172,15,0,0
BRDA:172,15,1,0
BRDA:195,16,0,0
BRDA:195,16,1,0
BRDA:199,17,0,0
BRDA:199,17,1,0
BRDA:201,18,0,0
BRDA:201,18,1,0
BRDA:207,19,0,0
BRDA:207,19,1,0
BRDA:208,20,0,0
BRDA:208,20,1,0
BRDA:208,21,0,0
BRDA:208,21,1,0
BRDA:239,22,0,0
BRDA:239,22,1,0
BRDA:245,23,0,0
BRDA:245,23,1,0
BRDA:275,24,0,0
BRDA:275,24,1,0
BRDA:279,25,0,0
BRDA:279,25,1,0
BRDA:283,26,0,0
BRDA:283,26,1,0
BRDA:285,27,0,0
BRDA:285,27,1,0
BRDA:323,28,0,0
BRDA:323,28,1,0
BRDA:334,29,0,0
BRDA:334,29,1,0
BRDA:342,30,0,0
BRDA:342,30,1,0
BRDA:342,30,2,0
BRDA:359,31,0,0
BRDA:359,31,1,0
BRDA:360,32,0,0
BRDA:360,32,1,0
BRF:74
BRH:0
end_of_record
TN:
SF:src/controllers/inbound-call.controller.js
FN:20,(anonymous_0)
FN:63,(anonymous_1)
FN:114,(anonymous_2)
FN:151,(anonymous_3)
FN:184,(anonymous_4)
FN:218,(anonymous_5)
FN:238,(anonymous_6)
FN:314,(anonymous_7)
FN:406,(anonymous_8)
FN:450,(anonymous_9)
FN:479,(anonymous_10)
FN:499,(anonymous_11)
FNF:12
FNH:0
FNDA:0,(anonymous_0)
FNDA:0,(anonymous_1)
FNDA:0,(anonymous_2)
FNDA:0,(anonymous_3)
FNDA:0,(anonymous_4)
FNDA:0,(anonymous_5)
FNDA:0,(anonymous_6)
FNDA:0,(anonymous_7)
FNDA:0,(anonymous_8)
FNDA:0,(anonymous_9)
FNDA:0,(anonymous_10)
FNDA:0,(anonymous_11)
DA:7,0
DA:8,0
DA:9,0
DA:10,0
DA:11,0
DA:12,0
DA:13,0
DA:20,0
DA:21,0
DA:22,0
DA:25,0
DA:28,0
DA:31,0
DA:34,0
DA:42,0
DA:43,0
DA:45,0
DA:48,0
DA:52,0
DA:53,0
DA:63,0
DA:64,0
DA:66,0
DA:68,0
DA:69,0
DA:78,0
DA:79,0
DA:85,0
DA:86,0
DA:88,0
DA:98,0
DA:103,0
DA:104,0
DA:114,0
DA:115,0
DA:117,0
DA:118,0
DA:120,0
DA:123,0
DA:126,0
DA:130,0
DA:136,0
DA:138,0
DA:151,0
DA:152,0
DA:153,0
DA:156,0
DA:167,0
DA:168,0
DA:175,0
DA:184,0
DA:185,0
DA:186,0
DA:189,0
DA:218,0
DA:219,0
DA:220,0
DA:222,0
DA:238,0
DA:239,0
DA:240,0
DA:241,0
DA:243,0
DA:248,0
DA:250,0
DA:256,0
DA:259,0
DA:265,0
DA:268,0
DA:274,0
DA:277,0
DA:283,0
DA:287,0
DA:291,0
DA:294,0
DA:295,0
DA:297,0
DA:299,0
DA:304,0
DA:305,0
DA:314,0
DA:315,0
DA:316,0
DA:317,0
DA:319,0
DA:322,0
DA:323,0
DA:324,0
DA:330,0
DA:333,0
DA:335,0
DA:336,0
DA:344,0
DA:355,0
DA:358,0
DA:368,0
DA:371,0
DA:375,0
DA:379,0
DA:383,0
DA:386,0
DA:387,0
DA:389,0
DA:391,0
DA:396,0
DA:397,0
DA:406,0
DA:407,0
DA:408,0
DA:409,0
DA:411,0
DA:414,0
DA:415,0
DA:425,0
DA:430,0
DA:431,0
DA:433,0
DA:435,0
DA:440,0
DA:441,0
DA:450,0
DA:451,0
DA:452,0
DA:453,0
DA:455,0
DA:458,0
DA:459,0
DA:468,0
DA:470,0
DA:471,0
DA:479,0
DA:480,0
DA:481,0
DA:484,0
DA:488,0
DA:490,0
DA:491,0
DA:499,0
DA:500,0
DA:501,0
DA:505,0
DA:507,0
DA:508,0
DA:512,0
LF:144
LH:0
BRDA:68,0,0,0
BRDA:68,0,1,0
BRDA:73,1,0,0
BRDA:73,1,1,0
BRDA:78,2,0,0
BRDA:78,2,1,0
BRDA:85,3,0,0
BRDA:85,3,1,0
BRDA:85,4,0,0
BRDA:85,4,1,0
BRDA:118,5,0,0
BRDA:118,5,1,0
BRDA:118,5,2,0
BRDA:118,5,3,0
BRDA:118,5,4,0
BRDA:153,6,0,0
BRDA:153,6,1,0
BRDA:167,7,0,0
BRDA:167,7,1,0
BRDA:186,8,0,0
BRDA:186,8,1,0
BRDA:196,9,0,0
BRDA:196,9,1,0
BRDA:203,10,0,0
BRDA:203,10,1,0
BRDA:220,11,0,0
BRDA:220,11,1,0
BRDA:243,12,0,0
BRDA:243,12,1,0
BRDA:248,13,0,0
BRDA:248,13,1,0
BRDA:248,13,2,0
BRDA:248,13,3,0
BRDA:248,13,4,0
BRDA:280,14,0,0
BRDA:280,14,1,0
BRDA:319,15,0,0
BRDA:319,15,1,0
BRDA:323,16,0,0
BRDA:323,16,1,0
BRDA:330,17,0,0
BRDA:330,17,1,0
BRDA:330,17,2,0
BRDA:330,17,3,0
BRDA:335,18,0,0
BRDA:335,18,1,0
BRDA:372,19,0,0
BRDA:372,19,1,0
BRDA:414,20,0,0
BRDA:414,20,1,0
BRDA:414,21,0,0
BRDA:414,21,1,0
BRDA:458,22,0,0
BRDA:458,22,1,0
BRDA:458,23,0,0
BRDA:458,23,1,0
BRF:56
BRH:0
end_of_record
TN:
SF:src/controllers/queue-scheduler.controller.js
FN:14,(anonymous_0)
FN:42,(anonymous_1)
FN:69,(anonymous_2)
FN:96,(anonymous_3)
FN:121,(anonymous_4)
FN:152,(anonymous_5)
FN:179,(anonymous_6)
FNF:7
FNH:0
FNDA:0,(anonymous_0)
FNDA:0,(anonymous_1)
FNDA:0,(anonymous_2)
FNDA:0,(anonymous_3)
FNDA:0,(anonymous_4)
FNDA:0,(anonymous_5)
FNDA:0,(anonymous_6)
DA:6,0
DA:7,0
DA:14,0
DA:15,0
DA:16,0
DA:17,0
DA:20,0
DA:22,0
DA:28,0
DA:30,0
DA:42,0
DA:43,0
DA:44,0
DA:47,0
DA:49,0
DA:55,0
DA:57,0
DA:69,0
DA:70,0
DA:71,0
DA:74,0
DA:76,0
DA:82,0
DA:84,0
DA:96,0
DA:97,0
DA:99,0
DA:101,0
DA:107,0
DA:109,0
DA:121,0
DA:122,0
DA:123,0
DA:124,0
DA:127,0
DA:130,0
DA:132,0
DA:138,0
DA:140,0
DA:152,0
DA:153,0
DA:154,0
DA:157,0
DA:159,0
DA:165,0
DA:167,0
DA:179,0
DA:180,0
DA:182,0
DA:184,0
DA:189,0
DA:191,0
DA:198,0
LF:53
LH:0
BRDA:17,0,0,0
BRDA:17,0,1,0
BRDA:71,1,0,0
BRDA:71,1,1,0
BRDA:124,2,0,0
BRDA:124,2,1,0
BRDA:127,3,0,0
BRDA:127,3,1,0
BRDA:154,4,0,0
BRDA:154,4,1,0
BRF:10
BRH:0
end_of_record
TN:
SF:src/controllers/transfer.controller.js
FN:15,(anonymous_0)
FN:87,(anonymous_1)
FN:149,(anonymous_2)
FN:210,(anonymous_3)
FN:255,(anonymous_4)
FN:286,(anonymous_5)
FNF:6
FNH:0
FNDA:0,(anonymous_0)
FNDA:0,(anonymous_1)
FNDA:0,(anonymous_2)
FNDA:0,(anonymous_3)
FNDA:0,(anonymous_4)
FNDA:0,(anonymous_5)
DA:6,0
DA:7,0
DA:8,0
DA:15,0
DA:16,0
DA:17,0
DA:19,0
DA:20,0
DA:27,0
DA:29,0
DA:30,0
DA:37,0
DA:46,0
DA:53,0
DA:66,0
DA:72,0
DA:74,0
DA:87,0
DA:88,0
DA:89,0
DA:91,0
DA:92,0
DA:99,0
DA:101,0
DA:102,0
DA:109,0
DA:110,0
DA:117,0
DA:128,0
DA:134,0
DA:136,0
DA:149,0
DA:150,0
DA:151,0
DA:153,0
DA:154,0
DA:161,0
DA:163,0
DA:164,0
DA:171,0
DA:172,0
DA:179,0
DA:189,0
DA:195,0
DA:197,0
DA:210,0
DA:211,0
DA:212,0
DA:214,0
DA:215,0
DA:221,0
DA:230,0
DA:235,0
DA:240,0
DA:242,0
DA:255,0
DA:256,0
DA:258,0
DA:265,0
DA:271,0
DA:273,0
DA:286,0
DA:287,0
DA:288,0
DA:290,0
DA:291,0
DA:298,0
DA:312,0
DA:313,0
DA:319,0
DA:332,0
DA:334,0
DA:342,0
LF:73
LH:0
BRDA:17,0,0,0
BRDA:19,1,0,0
BRDA:19,1,1,0
BRDA:19,2,0,0
BRDA:19,2,1,0
BRDA:29,3,0,0
BRDA:29,3,1,0
BRDA:40,4,0,0
BRDA:40,4,1,0
BRDA:59,5,0,0
BRDA:59,5,1,0
BRDA:89,6,0,0
BRDA:91,7,0,0
BRDA:91,7,1,0
BRDA:101,8,0,0
BRDA:101,8,1,0
BRDA:109,9,0,0
BRDA:109,9,1,0
BRDA:119,10,0,0
BRDA:119,10,1,0
BRDA:119,11,0,0
BRDA:119,11,1,0
BRDA:124,12,0,0
BRDA:124,12,1,0
BRDA:153,13,0,0
BRDA:153,13,1,0
BRDA:163,14,0,0
BRDA:163,14,1,0
BRDA:171,15,0,0
BRDA:171,15,1,0
BRDA:184,16,0,0
BRDA:184,16,1,0
BRDA:185,17,0,0
BRDA:185,17,1,0
BRDA:212,18,0,0
BRDA:214,19,0,0
BRDA:214,19,1,0
BRDA:225,20,0,0
BRDA:225,20,1,0
BRDA:290,21,0,0
BRDA:290,21,1,0
BRDA:312,22,0,0
BRDA:312,22,1,0
BRF:43
BRH:0
end_of_record
TN:
SF:src/models/agentconfig.model.js
FN:8,(anonymous_0)
FN:10,(anonymous_1)
FNF:2
FNH:2
FNDA:1,(anonymous_0)
FNDA:1,(anonymous_1)
DA:6,1
DA:8,1
DA:15,1
DA:77,1
LF:4
LH:4
BRF:0
BRH:0
end_of_record
TN:
SF:src/models/call-queue.model.js
FN:8,(anonymous_0)
FN:10,(anonymous_1)
FNF:2
FNH:2
FNDA:1,(anonymous_0)
FNDA:1,(anonymous_1)
DA:6,1
DA:8,1
DA:12,1
DA:17,1
DA:24,1
DA:153,1
LF:6
LH:6
BRF:0
BRH:0
end_of_record
TN:
SF:src/models/call-recording.model.js
FN:9,(anonymous_0)
FN:115,(anonymous_1)
FNF:2
FNH:2
FNDA:1,(anonymous_0)
FNDA:1,(anonymous_1)
DA:7,1
DA:9,1
DA:10,1
DA:115,1
DA:117,1
DA:118,1
DA:126,1
DA:127,1
DA:135,1
DA:136,1
DA:145,1
LF:11
LH:11
BRDA:117,0,0,1
BRDA:117,0,1,0
BRDA:126,1,0,1
BRDA:126,1,1,0
BRDA:135,2,0,1
BRDA:135,2,1,0
BRF:6
BRH:3
end_of_record
TN:
SF:src/models/calllog.model.js
FN:8,(anonymous_0)
FN:10,(anonymous_1)
FNF:2
FNH:2
FNDA:1,(anonymous_0)
FNDA:1,(anonymous_1)
DA:6,1
DA:8,1
DA:12,1
DA:17,1
DA:24,1
DA:180,1
LF:6
LH:6
BRF:0
BRH:0
end_of_record
TN:
SF:src/models/campaign.model.js
FN:6,(anonymous_0)
FN:11,(anonymous_1)
FNF:2
FNH:1
FNDA:1,(anonymous_0)
FNDA:0,(anonymous_1)
DA:6,1
DA:7,1
DA:11,0
DA:92,1
LF:4
LH:3
BRF:0
BRH:0
end_of_record
TN:
SF:src/models/contact.model.js
FN:8,(anonymous_0)
FN:10,(anonymous_1)
FNF:2
FNH:2
FNDA:1,(anonymous_0)
FNDA:1,(anonymous_1)
DA:6,1
DA:8,1
DA:12,1
DA:19,1
DA:80,1
LF:5
LH:5
BRF:0
BRH:0
end_of_record
TN:
SF:src/models/conversation.model.js
FN:8,(anonymous_0)
FN:80,(anonymous_1)
FNF:2
FNH:2
FNDA:1,(anonymous_0)
FNDA:1,(anonymous_1)
DA:6,1
DA:8,1
DA:9,1
DA:80,1
DA:82,1
DA:83,1
DA:91,1
LF:7
LH:7
BRDA:82,0,0,1
BRDA:82,0,1,0
BRF:2
BRH:1
end_of_record
TN:
SF:src/models/index.js
FN:18,(anonymous_0)
FN:29,(anonymous_1)
FN:60,(anonymous_2)
FNF:3
FNH:1
FNDA:0,(anonymous_0)
FNDA:0,(anonymous_1)
FNDA:10,(anonymous_2)
DA:6,1
DA:7,1
DA:8,1
DA:11,1
DA:18,0
DA:29,1
DA:30,0
DA:31,0
DA:32,0
DA:33,0
DA:35,0
DA:36,0
DA:41,1
DA:48,1
DA:49,1
DA:50,1
DA:51,1
DA:52,1
DA:53,1
DA:54,1
DA:60,1
DA:61,10
DA:62,6
DA:66,1
LF:24
LH:17
BRDA:20,0,0,0
BRDA:20,0,1,1
BRDA:61,1,0,6
BRDA:61,1,1,4
BRF:4
BRH:3
end_of_record
TN:
SF:src/routes/agent.routes.js
FNF:0
FNH:0
DA:5,0
DA:6,0
DA:7,0
DA:10,0
DA:13,0
DA:16,0
DA:19,0
DA:22,0
DA:25,0
DA:28,0
DA:31,0
DA:33,0
LF:12
LH:0
BRF:0
BRH:0
end_of_record
TN:
SF:src/routes/auth.routes.js
FN:10,(anonymous_0)
FN:19,(anonymous_1)
FN:28,(anonymous_2)
FN:36,(anonymous_3)
FN:44,(anonymous_4)
FN:53,(anonymous_5)
FNF:6
FNH:0
FNDA:0,(anonymous_0)
FNDA:0,(anonymous_1)
FNDA:0,(anonymous_2)
FNDA:0,(anonymous_3)
FNDA:0,(anonymous_4)
FNDA:0,(anonymous_5)
DA:5,0
DA:6,0
DA:10,0
DA:12,0
DA:19,0
DA:21,0
DA:28,0
DA:30,0
DA:36,0
DA:38,0
DA:44,0
DA:46,0
DA:53,0
DA:55,0
DA:61,0
LF:15
LH:0
BRF:0
BRH:0
end_of_record
TN:
SF:src/routes/call-queue.routes.js
FNF:0
FNH:0
DA:5,0
DA:6,0
DA:7,0
DA:10,0
DA:13,0
DA:16,0
DA:19,0
DA:22,0
DA:25,0
DA:28,0
DA:30,0
LF:11
LH:0
BRF:0
BRH:0
end_of_record
TN:
SF:src/routes/call-recording.routes.js
FNF:0
FNH:0
DA:6,0
DA:7,0
DA:8,0
DA:11,0
DA:17,0
DA:23,0
DA:29,0
DA:35,0
DA:41,0
DA:47,0
DA:53,0
DA:58,0
LF:12
LH:0
BRF:0
BRH:0
end_of_record
TN:
SF:src/routes/call.routes.js
FNF:0
FNH:0
DA:5,0
DA:6,0
DA:7,0
DA:8,0
DA:9,0
DA:12,0
DA:15,0
DA:18,0
DA:21,0
DA:24,0
DA:27,0
DA:30,0
DA:33,0
DA:38,0
DA:41,0
DA:44,0
DA:47,0
DA:52,0
DA:55,0
DA:58,0
DA:61,0
DA:64,0
DA:67,0
DA:72,0
DA:75,0
DA:78,0
DA:81,0
DA:84,0
DA:86,0
LF:29
LH:0
BRF:0
BRH:0
end_of_record
TN:
SF:src/routes/campaign.routes.js
FNF:0
FNH:0
DA:6,0
DA:7,0
DA:8,0
DA:9,0
DA:16,0
DA:23,0
DA:30,0
DA:37,0
DA:44,0
DA:51,0
DA:58,0
DA:67,0
DA:74,0
DA:81,0
DA:88,0
DA:95,0
DA:102,0
DA:109,0
DA:111,0
LF:19
LH:0
BRF:0
BRH:0
end_of_record
TN:
SF:src/routes/contact.routes.js
FN:13,(anonymous_0)
FN:16,(anonymous_1)
FN:23,(anonymous_2)
FNF:3
FNH:0
FNDA:0,(anonymous_0)
FNDA:0,(anonymous_1)
FNDA:0,(anonymous_2)
DA:5,0
DA:6,0
DA:7,0
DA:8,0
DA:9,0
DA:12,0
DA:14,0
DA:17,0
DA:21,0
DA:25,0
DA:26,0
DA:28,0
DA:33,0
DA:36,0
DA:39,0
DA:42,0
DA:45,0
DA:48,0
DA:51,0
DA:54,0
DA:56,0
LF:21
LH:0
BRDA:25,0,0,0
BRDA:25,0,1,0
BRDA:25,1,0,0
BRDA:25,1,1,0
BRF:4
BRH:0
end_of_record
TN:
SF:src/routes/conversation.routes.js
FNF:0
FNH:0
DA:6,0
DA:7,0
DA:8,0
DA:15,0
DA:22,0
DA:29,0
DA:36,0
DA:38,0
LF:8
LH:0
BRF:0
BRH:0
end_of_record
TN:
SF:src/routes/index.js
FN:22,(anonymous_0)
FNF:1
FNH:0
FNDA:0,(anonymous_0)
DA:5,0
DA:6,0
DA:9,0
DA:10,0
DA:11,0
DA:12,0
DA:13,0
DA:14,0
DA:15,0
DA:16,0
DA:17,0
DA:18,0
DA:19,0
DA:22,0
DA:23,0
DA:27,0
DA:28,0
DA:29,0
DA:30,0
DA:31,0
DA:32,0
DA:33,0
DA:34,0
DA:35,0
DA:36,0
DA:37,0
DA:39,0
LF:27
LH:0
BRF:0
BRH:0
end_of_record
TN:
SF:src/routes/queue-scheduler.routes.js
FNF:0
FNH:0
DA:6,0
DA:7,0
DA:8,0
DA:11,0
DA:17,0
DA:23,0
DA:29,0
DA:35,0
DA:41,0
DA:47,0
DA:52,0
LF:11
LH:0
BRF:0
BRH:0
end_of_record
TN:
SF:src/routes/transfer.routes.js
FNF:0
FNH:0
DA:6,0
DA:7,0
DA:8,0
DA:9,0
DA:12,0
DA:15,0
DA:18,0
DA:21,0
DA:24,0
DA:27,0
DA:30,0
DA:32,0
LF:12
LH:0
BRF:0
BRH:0
end_of_record
TN:
SF:src/routes/webhook.routes.js
FN:11,(anonymous_0)
FN:25,(anonymous_1)
FN:35,(anonymous_2)
FN:42,(anonymous_3)
FN:49,(anonymous_4)
FNF:5
FNH:0
FNDA:0,(anonymous_0)
FNDA:0,(anonymous_1)
FNDA:0,(anonymous_2)
FNDA:0,(anonymous_3)
FNDA:0,(anonymous_4)
DA:5,0
DA:6,0
DA:8,0
DA:11,0
DA:13,0
DA:16,0
DA:17,0
DA:25,0
DA:27,0
DA:28,0
DA:34,0
DA:35,0
DA:37,0
DA:38,0
DA:42,0
DA:44,0
DA:45,0
DA:49,0
DA:51,0
DA:52,0
DA:53,0
DA:60,0
LF:22
LH:0
BRF:0
BRH:0
end_of_record
TN:
SF:src/scripts/cleanup-database.js
FN:12,cleanupDatabase
FN:35,(anonymous_1)
FN:42,(anonymous_2)
FN:43,(anonymous_3)
FN:72,(anonymous_4)
FNF:5
FNH:0
FNDA:0,cleanupDatabase
FNDA:0,(anonymous_1)
FNDA:0,(anonymous_2)
FNDA:0,(anonymous_3)
FNDA:0,(anonymous_4)
DA:8,0
DA:9,0
DA:10,0
DA:13,0
DA:14,0
DA:15,0
DA:16,0
DA:19,0
DA:28,0
DA:29,0
DA:35,0
DA:38,0
DA:41,0
DA:42,0
DA:45,0
DA:46,0
DA:50,0
DA:51,0
DA:52,0
DA:55,0
DA:58,0
DA:59,0
DA:60,0
DA:63,0
DA:66,0
DA:72,0
DA:75,0
DA:76,0
DA:79,0
DA:80,0
DA:85,0
LF:31
LH:0
BRDA:46,0,0,0
BRDA:46,0,1,0
BRDA:50,1,0,0
BRDA:50,1,1,0
BRF:4
BRH:0
end_of_record
TN:
SF:src/scripts/create-test-data.js
FN:10,createTestData
FNF:1
FNH:0
FNDA:0,createTestData
DA:6,0
DA:7,0
DA:8,0
DA:11,0
DA:12,0
DA:15,0
DA:18,0
DA:20,0
DA:21,0
DA:22,0
DA:25,0
DA:29,0
DA:30,0
DA:32,0
DA:33,0
DA:35,0
DA:36,0
DA:38,0
DA:39,0
DA:43,0
DA:44,0
DA:67,0
DA:70,0
DA:71,0
DA:94,0
DA:97,0
DA:98,0
DA:105,0
DA:108,0
DA:109,0
DA:117,0
DA:120,0
DA:121,0
DA:131,0
DA:133,0
DA:135,0
DA:136,0
DA:137,0
DA:140,0
DA:141,0
DA:146,0
LF:41
LH:0
BRDA:20,0,0,0
BRDA:20,0,1,0
BRF:2
BRH:0
end_of_record
TN:
SF:src/scripts/debug-agent-api.js
FN:17,(anonymous_0)
FN:29,(anonymous_1)
FN:34,(anonymous_2)
FN:46,(anonymous_3)
FN:59,testAgentEndpoints
FN:64,(anonymous_5)
FN:95,(anonymous_6)
FN:180,(anonymous_7)
FN:194,(anonymous_8)
FN:198,(anonymous_9)
FNF:10
FNH:0
FNDA:0,(anonymous_0)
FNDA:0,(anonymous_1)
FNDA:0,(anonymous_2)
FNDA:0,(anonymous_3)
FNDA:0,testAgentEndpoints
FNDA:0,(anonymous_5)
FNDA:0,(anonymous_6)
FNDA:0,(anonymous_7)
FNDA:0,(anonymous_8)
FNDA:0,(anonymous_9)
DA:6,0
DA:7,0
DA:8,0
DA:9,0
DA:10,0
DA:11,0
DA:14,0
DA:17,0
DA:18,0
DA:19,0
DA:23,0
DA:24,0
DA:25,0
DA:26,0
DA:29,0
DA:31,0
DA:34,0
DA:35,0
DA:36,0
DA:39,0
DA:43,0
DA:46,0
DA:47,0
DA:48,0
DA:50,0
DA:60,0
DA:61,0
DA:64,0
DA:65,0
DA:69,0
DA:72,0
DA:75,0
DA:76,0
DA:79,0
DA:80,0
DA:82,0
DA:85,0
DA:86,0
DA:89,0
DA:95,0
DA:96,0
DA:97,0
DA:99,0
DA:103,0
DA:105,0
DA:107,0
DA:110,0
DA:112,0
DA:114,0
DA:116,0
DA:124,0
DA:127,0
DA:128,0
DA:131,0
DA:132,0
DA:135,0
DA:136,0
DA:140,0
DA:141,0
DA:145,0
DA:146,0
DA:149,0
DA:150,0
DA:151,0
DA:152,0
DA:154,0
DA:155,0
DA:156,0
DA:157,0
DA:159,0
DA:164,0
DA:165,0
DA:166,0
DA:167,0
DA:168,0
DA:170,0
DA:171,0
DA:172,0
DA:173,0
DA:175,0
DA:180,0
DA:181,0
DA:182,0
DA:186,0
DA:187,0
DA:188,0
DA:193,0
DA:195,0
DA:196,0
DA:199,0
DA:200,0
LF:91
LH:0
BRDA:50,0,0,0
BRDA:50,0,1,0
BRDA:52,1,0,0
BRDA:52,1,1,0
BRDA:79,2,0,0
BRDA:79,2,1,0
BRDA:96,3,0,0
BRDA:96,3,1,0
BRDA:114,4,0,0
BRDA:114,4,1,0
BRDA:155,5,0,0
BRDA:155,5,1,0
BRDA:171,6,0,0
BRDA:171,6,1,0
BRF:14
BRH:0
end_of_record
TN:
SF:src/scripts/debug-agent-config.js
FN:10,debugAgentConfig
FN:25,(anonymous_1)
FN:45,(anonymous_2)
FN:62,(anonymous_3)
FNF:4
FNH:0
FNDA:0,debugAgentConfig
FNDA:0,(anonymous_1)
FNDA:0,(anonymous_2)
FNDA:0,(anonymous_3)
DA:6,0
DA:7,0
DA:8,0
DA:11,0
DA:12,0
DA:15,0
DA:16,0
DA:19,0
DA:20,0
DA:25,0
DA:26,0
DA:28,0
DA:29,0
DA:30,0
DA:31,0
DA:34,0
DA:37,0
DA:38,0
DA:44,0
DA:45,0
DA:46,0
DA:50,0
DA:51,0
DA:52,0
DA:54,0
DA:56,0
DA:57,0
DA:58,0
DA:61,0
DA:62,0
DA:63,0
DA:66,0
DA:67,0
DA:71,0
DA:72,0
DA:73,0
DA:77,0
DA:79,0
DA:80,0
DA:84,0
DA:85,0
DA:86,0
DA:94,0
DA:96,0
DA:97,0
DA:102,0
DA:103,0
DA:104,0
DA:105,0
DA:107,0
DA:110,0
DA:112,0
DA:113,0
DA:115,0
DA:120,0
LF:55
LH:0
BRDA:29,0,0,0
BRDA:29,0,1,0
BRDA:46,1,0,0
BRDA:46,1,1,0
BRDA:54,2,0,0
BRDA:54,2,1,0
BRDA:103,3,0,0
BRDA:103,3,1,0
BRF:8
BRH:0
end_of_record
TN:
SF:src/scripts/debug-call-details.js
FN:15,(anonymous_0)
FN:52,(anonymous_1)
FN:114,(anonymous_2)
FN:130,(anonymous_3)
FN:163,(anonymous_4)
FN:201,(anonymous_5)
FNF:6
FNH:0
FNDA:0,(anonymous_0)
FNDA:0,(anonymous_1)
FNDA:0,(anonymous_2)
FNDA:0,(anonymous_3)
FNDA:0,(anonymous_4)
FNDA:0,(anonymous_5)
DA:5,0
DA:6,0
DA:7,0
DA:10,0
DA:15,0
DA:16,0
DA:17,0
DA:20,0
DA:35,0
DA:36,0
DA:37,0
DA:40,0
DA:41,0
DA:43,0
DA:44,0
DA:45,0
DA:52,0
DA:53,0
DA:54,0
DA:57,0
DA:74,0
DA:75,0
DA:76,0
DA:80,0
DA:81,0
DA:82,0
DA:85,0
DA:98,0
DA:99,0
DA:101,0
DA:102,0
DA:105,0
DA:106,0
DA:107,0
DA:114,0
DA:115,0
DA:116,0
DA:118,0
DA:119,0
DA:121,0
DA:122,0
DA:123,0
DA:130,0
DA:131,0
DA:133,0
DA:138,0
DA:151,0
DA:152,0
DA:154,0
DA:155,0
DA:156,0
DA:163,0
DA:164,0
DA:165,0
DA:168,0
DA:171,0
DA:174,0
DA:175,0
DA:178,0
DA:179,0
DA:182,0
DA:183,0
DA:186,0
DA:187,0
DA:190,0
DA:191,0
DA:192,0
DA:193,0
DA:194,0
DA:197,0
DA:198,0
DA:201,0
DA:206,0
LF:73
LH:0
BRDA:35,0,0,0
BRDA:35,0,1,0
BRDA:74,1,0,0
BRDA:74,1,1,0
BRDA:93,2,0,0
BRDA:93,2,1,0
BRDA:93,3,0,0
BRDA:93,3,1,0
BRDA:191,4,0,0
BRDA:191,4,1,0
BRDA:192,5,0,0
BRDA:192,5,1,0
BRDA:193,6,0,0
BRDA:193,6,1,0
BRDA:194,7,0,0
BRDA:194,7,1,0
BRF:16
BRH:0
end_of_record
TN:
SF:src/scripts/debug-call-recording-detailed.js
FN:13,(anonymous_0)
FN:27,(anonymous_1)
FN:49,testStartRecording
FN:69,testStopRecording
FN:86,cleanupTestRecordings
FN:101,verifySchema
FN:115,(anonymous_6)
FN:131,debugCallRecording
FNF:8
FNH:0
FNDA:0,(anonymous_0)
FNDA:0,(anonymous_1)
FNDA:0,testStartRecording
FNDA:0,testStopRecording
FNDA:0,cleanupTestRecordings
FNDA:0,verifySchema
FNDA:0,(anonymous_6)
FNDA:0,debugCallRecording
DA:6,0
DA:7,0
DA:8,0
DA:9,0
DA:10,0
DA:13,0
DA:14,0
DA:15,0
DA:18,0
DA:27,0
DA:28,0
DA:30,0
DA:39,0
DA:40,0
DA:43,0
DA:44,0
DA:46,0
DA:50,0
DA:52,0
DA:54,0
DA:59,0
DA:60,0
DA:62,0
DA:63,0
DA:64,0
DA:70,0
DA:72,0
DA:74,0
DA:76,0
DA:77,0
DA:79,0
DA:80,0
DA:81,0
DA:87,0
DA:88,0
DA:93,0
DA:95,0
DA:96,0
DA:102,0
DA:104,0
DA:107,0
DA:108,0
DA:111,0
DA:112,0
DA:115,0
DA:119,0
DA:120,0
DA:121,0
DA:123,0
DA:125,0
DA:126,0
DA:127,0
DA:132,0
DA:133,0
DA:136,0
DA:137,0
DA:140,0
DA:141,0
DA:142,0
DA:143,0
DA:147,0
DA:150,0
DA:152,0
DA:154,0
DA:158,0
DA:161,0
DA:162,0
DA:165,0
DA:166,0
DA:168,0
DA:169,0
DA:172,0
DA:173,0
DA:175,0
DA:176,0
DA:183,0
LF:76
LH:0
BRDA:23,0,0,0
BRDA:23,0,1,0
BRDA:111,1,0,0
BRDA:111,1,1,0
BRDA:141,2,0,0
BRDA:141,2,1,0
BRDA:152,3,0,0
BRDA:152,3,1,0
BRF:8
BRH:0
end_of_record
TN:
SF:src/scripts/debug-call-recording.js
FN:13,(anonymous_0)
FN:26,(anonymous_1)
FN:47,debugCallRecording
FNF:3
FNH:0
FNDA:0,(anonymous_0)
FNDA:0,(anonymous_1)
FNDA:0,debugCallRecording
DA:6,0
DA:7,0
DA:8,0
DA:9,0
DA:10,0
DA:13,0
DA:14,0
DA:17,0
DA:26,0
DA:27,0
DA:29,0
DA:38,0
DA:39,0
DA:42,0
DA:43,0
DA:45,0
DA:48,0
DA:49,0
DA:52,0
DA:53,0
DA:56,0
DA:61,0
DA:64,0
DA:65,0
DA:66,0
DA:71,0
DA:74,0
DA:75,0
DA:77,0
DA:79,0
DA:80,0
DA:84,0
DA:89,0
DA:92,0
DA:93,0
DA:96,0
DA:97,0
DA:99,0
DA:100,0
DA:103,0
DA:104,0
DA:108,0
LF:42
LH:0
BRDA:22,0,0,0
BRDA:22,0,1,0
BRF:2
BRH:0
end_of_record
TN:
SF:src/scripts/debug-contact-controller.js
FN:10,debugContactController
FN:14,(anonymous_1)
FN:18,(anonymous_2)
FN:43,(anonymous_3)
FN:93,(anonymous_4)
FN:99,(anonymous_5)
FN:100,(anonymous_6)
FNF:7
FNH:0
FNDA:0,debugContactController
FNDA:0,(anonymous_1)
FNDA:0,(anonymous_2)
FNDA:0,(anonymous_3)
FNDA:0,(anonymous_4)
FNDA:0,(anonymous_5)
FNDA:0,(anonymous_6)
DA:6,0
DA:7,0
DA:8,0
DA:11,0
DA:13,0
DA:15,0
DA:16,0
DA:19,0
DA:20,0
DA:24,0
DA:32,0
DA:33,0
DA:34,0
DA:37,0
DA:38,0
DA:41,0
DA:42,0
DA:43,0
DA:44,0
DA:45,0
DA:50,0
DA:51,0
DA:52,0
DA:56,0
DA:57,0
DA:59,0
DA:60,0
DA:64,0
DA:65,0
DA:66,0
DA:74,0
DA:76,0
DA:77,0
DA:81,0
DA:82,0
DA:83,0
DA:86,0
DA:87,0
DA:92,0
DA:93,0
DA:94,0
DA:98,0
DA:99,0
DA:100,0
DA:101,0
DA:102,0
DA:104,0
DA:108,0
DA:109,0
DA:110,0
DA:112,0
DA:113,0
DA:116,0
DA:118,0
DA:119,0
DA:120,0
DA:124,0
LF:57
LH:0
BRDA:41,0,0,0
BRDA:41,0,1,0
BRDA:101,1,0,0
BRDA:101,1,1,0
BRF:4
BRH:0
end_of_record
TN:
SF:src/scripts/debug-db-schema.js
FN:10,checkDatabase
FN:31,(anonymous_1)
FN:40,(anonymous_2)
FNF:3
FNH:0
FNDA:0,checkDatabase
FNDA:0,(anonymous_1)
FNDA:0,(anonymous_2)
DA:6,0
DA:7,0
DA:8,0
DA:11,0
DA:12,0
DA:13,0
DA:14,0
DA:17,0
DA:26,0
DA:27,0
DA:30,0
DA:31,0
DA:34,0
DA:35,0
DA:40,0
DA:43,0
DA:45,0
DA:46,0
DA:47,0
DA:49,0
DA:52,0
DA:53,0
DA:54,0
DA:56,0
DA:60,0
DA:61,0
DA:62,0
DA:64,0
DA:67,0
DA:68,0
DA:69,0
DA:71,0
DA:76,0
DA:78,0
DA:79,0
DA:80,0
DA:81,0
DA:82,0
DA:83,0
DA:86,0
DA:87,0
DA:88,0
DA:91,0
DA:96,0
DA:97,0
DA:100,0
DA:101,0
DA:106,0
LF:48
LH:0
BRDA:80,0,0,0
BRDA:80,0,1,0
BRDA:86,1,0,0
BRDA:86,1,1,0
BRF:4
BRH:0
end_of_record
TN:
SF:src/scripts/debug-get-recording-endpoints.js
FN:15,setupTestData
FN:63,testGetRecordingById
FN:85,testGetRecordingsForCall
FN:108,testListRecordings
FN:131,debugCallRecordingModel
FN:151,(anonymous_5)
FN:160,debugCallRecordingGetEndpoints
FNF:7
FNH:0
FNDA:0,setupTestData
FNDA:0,testGetRecordingById
FNDA:0,testGetRecordingsForCall
FNDA:0,testListRecordings
FNDA:0,debugCallRecordingModel
FNDA:0,(anonymous_5)
FNDA:0,debugCallRecordingGetEndpoints
DA:6,0
DA:7,0
DA:8,0
DA:9,0
DA:12,0
DA:13,0
DA:16,0
DA:18,0
DA:19,0
DA:21,0
DA:24,0
DA:35,0
DA:38,0
DA:50,0
DA:52,0
DA:57,0
DA:58,0
DA:59,0
DA:64,0
DA:65,0
DA:68,0
DA:70,0
DA:71,0
DA:72,0
DA:73,0
DA:75,0
DA:76,0
DA:79,0
DA:80,0
DA:81,0
DA:86,0
DA:87,0
DA:90,0
DA:92,0
DA:93,0
DA:94,0
DA:95,0
DA:96,0
DA:98,0
DA:99,0
DA:102,0
DA:103,0
DA:104,0
DA:109,0
DA:110,0
DA:113,0
DA:115,0
DA:116,0
DA:117,0
DA:118,0
DA:119,0
DA:121,0
DA:122,0
DA:125,0
DA:126,0
DA:127,0
DA:132,0
DA:133,0
DA:136,0
DA:137,0
DA:138,0
DA:141,0
DA:142,0
DA:143,0
DA:146,0
DA:150,0
DA:151,0
DA:152,0
DA:155,0
DA:156,0
DA:161,0
DA:163,0
DA:164,0
DA:167,0
DA:170,0
DA:173,0
DA:174,0
DA:175,0
DA:178,0
DA:179,0
DA:180,0
DA:181,0
DA:184,0
DA:186,0
DA:187,0
DA:189,0
DA:190,0
DA:198,0
LF:88
LH:0
BRDA:70,0,0,0
BRDA:70,0,1,0
BRDA:93,1,0,0
BRDA:93,1,1,0
BRDA:116,2,0,0
BRDA:116,2,1,0
BRDA:142,3,0,0
BRDA:142,3,1,0
BRDA:179,4,0,0
BRDA:179,4,1,0
BRDA:180,5,0,0
BRDA:180,5,1,0
BRDA:181,6,0,0
BRDA:181,6,1,0
BRF:14
BRH:0
end_of_record
TN:
SF:src/scripts/debug-integration-tests.js
FN:14,(anonymous_0)
FN:20,(anonymous_1)
FN:22,(anonymous_2)
FN:27,(anonymous_3)
FN:32,(anonymous_4)
FN:40,testContactEndpoints
FN:62,testCallEndpoints
FN:78,testAgentEndpoints
FN:95,runTests
FNF:9
FNH:0
FNDA:0,(anonymous_0)
FNDA:0,(anonymous_1)
FNDA:0,(anonymous_2)
FNDA:0,(anonymous_3)
FNDA:0,(anonymous_4)
FNDA:0,testContactEndpoints
FNDA:0,testCallEndpoints
FNDA:0,testAgentEndpoints
FNDA:0,runTests
DA:6,0
DA:7,0
DA:8,0
DA:9,0
DA:10,0
DA:11,0
DA:14,0
DA:20,0
DA:21,0
DA:22,0
DA:23,0
DA:24,0
DA:25,0
DA:27,0
DA:28,0
DA:29,0
DA:30,0
DA:32,0
DA:33,0
DA:34,0
DA:35,0
DA:37,0
DA:41,0
DA:42,0
DA:45,0
DA:46,0
DA:47,0
DA:48,0
DA:51,0
DA:52,0
DA:53,0
DA:54,0
DA:57,0
DA:58,0
DA:63,0
DA:64,0
DA:67,0
DA:68,0
DA:69,0
DA:70,0
DA:73,0
DA:74,0
DA:79,0
DA:80,0
DA:83,0
DA:84,0
DA:85,0
DA:86,0
DA:89,0
DA:90,0
DA:96,0
DA:98,0
DA:99,0
DA:100,0
DA:103,0
DA:105,0
DA:106,0
DA:107,0
DA:108,0
DA:110,0
DA:115,0
DA:116,0
DA:117,0
DA:120,0
DA:121,0
DA:124,0
DA:125,0
DA:130,0
LF:68
LH:0
BRDA:14,0,0,0
BRDA:14,1,0,0
BRDA:14,2,0,0
BRF:3
BRH:0
end_of_record
TN:
SF:src/scripts/debug-model-tables.js
FN:10,debugModelTables
FN:24,(anonymous_1)
FN:30,(anonymous_2)
FN:122,(anonymous_3)
FN:131,(anonymous_4)
FNF:5
FNH:0
FNDA:0,debugModelTables
FNDA:0,(anonymous_1)
FNDA:0,(anonymous_2)
FNDA:0,(anonymous_3)
FNDA:0,(anonymous_4)
DA:6,0
DA:7,0
DA:8,0
DA:11,0
DA:13,0
DA:14,0
DA:15,0
DA:18,0
DA:19,0
DA:23,0
DA:24,0
DA:25,0
DA:29,0
DA:30,0
DA:31,0
DA:32,0
DA:37,0
DA:40,0
DA:41,0
DA:42,0
DA:43,0
DA:45,0
DA:46,0
DA:50,0
DA:51,0
DA:52,0
DA:53,0
DA:55,0
DA:56,0
DA:60,0
DA:61,0
DA:62,0
DA:63,0
DA:65,0
DA:66,0
DA:70,0
DA:71,0
DA:72,0
DA:73,0
DA:75,0
DA:76,0
DA:80,0
DA:83,0
DA:84,0
DA:85,0
DA:86,0
DA:88,0
DA:92,0
DA:93,0
DA:94,0
DA:95,0
DA:97,0
DA:101,0
DA:102,0
DA:103,0
DA:110,0
DA:112,0
DA:113,0
DA:117,0
DA:120,0
DA:121,0
DA:122,0
DA:123,0
DA:124,0
DA:129,0
DA:130,0
DA:131,0
DA:132,0
DA:133,0
DA:137,0
DA:139,0
DA:140,0
DA:141,0
DA:145,0
LF:74
LH:0
BRDA:31,0,0,0
BRDA:31,0,1,0
BRDA:31,1,0,0
BRDA:31,1,1,0
BRDA:120,2,0,0
BRDA:120,2,1,0
BRDA:129,3,0,0
BRDA:129,3,1,0
BRF:8
BRH:0
end_of_record
TN:
SF:src/scripts/debug-stats-endpoints.js
FN:12,(anonymous_0)
FN:14,(anonymous_1)
FN:19,(anonymous_2)
FN:28,(anonymous_3)
FN:79,(anonymous_4)
FN:142,(anonymous_5)
FNF:6
FNH:0
FNDA:0,(anonymous_0)
FNDA:0,(anonymous_1)
FNDA:0,(anonymous_2)
FNDA:0,(anonymous_3)
FNDA:0,(anonymous_4)
FNDA:0,(anonymous_5)
DA:6,0
DA:7,0
DA:8,0
DA:9,0
DA:12,0
DA:13,0
DA:14,0
DA:15,0
DA:16,0
DA:17,0
DA:19,0
DA:20,0
DA:21,0
DA:22,0
DA:24,0
DA:28,0
DA:29,0
DA:31,0
DA:33,0
DA:34,0
DA:35,0
DA:37,0
DA:41,0
DA:44,0
DA:45,0
DA:47,0
DA:48,0
DA:49,0
DA:53,0
DA:54,0
DA:55,0
DA:59,0
DA:61,0
DA:65,0
DA:66,0
DA:69,0
DA:70,0
DA:72,0
DA:74,0
DA:79,0
DA:80,0
DA:82,0
DA:84,0
DA:85,0
DA:86,0
DA:88,0
DA:92,0
DA:95,0
DA:96,0
DA:98,0
DA:99,0
DA:100,0
DA:104,0
DA:105,0
DA:106,0
DA:110,0
DA:112,0
DA:116,0
DA:117,0
DA:118,0
DA:122,0
DA:124,0
DA:128,0
DA:129,0
DA:132,0
DA:133,0
DA:135,0
DA:137,0
DA:142,0
DA:143,0
DA:145,0
DA:148,0
DA:149,0
DA:152,0
DA:153,0
DA:155,0
DA:160,0
LF:77
LH:0
BRDA:47,0,0,0
BRDA:47,0,1,0
BRDA:98,1,0,0
BRDA:98,1,1,0
BRF:4
BRH:0
end_of_record
TN:
SF:src/scripts/diagnose-contact-model.js
FN:13,diagnoseContactModel
FN:92,(anonymous_1)
FN:131,(anonymous_2)
FN:135,(anonymous_3)
FNF:4
FNH:0
FNDA:0,diagnoseContactModel
FNDA:0,(anonymous_1)
FNDA:0,(anonymous_2)
FNDA:0,(anonymous_3)
DA:5,0
DA:6,0
DA:7,0
DA:8,0
DA:11,0
DA:14,0
DA:16,0
DA:17,0
DA:18,0
DA:21,0
DA:22,0
DA:29,0
DA:30,0
DA:35,0
DA:38,0
DA:39,0
DA:40,0
DA:43,0
DA:44,0
DA:57,0
DA:58,0
DA:61,0
DA:62,0
DA:63,0
DA:64,0
DA:75,0
DA:76,0
DA:78,0
DA:83,0
DA:84,0
DA:92,0
DA:95,0
DA:96,0
DA:99,0
DA:100,0
DA:104,0
DA:107,0
DA:108,0
DA:109,0
DA:110,0
DA:111,0
DA:119,0
DA:121,0
DA:122,0
DA:123,0
DA:125,0
DA:130,0
DA:132,0
DA:133,0
DA:136,0
DA:137,0
LF:51
LH:0
BRDA:58,0,0,0
BRDA:58,0,1,0
BRDA:61,1,0,0
BRDA:61,1,1,0
BRDA:75,2,0,0
BRDA:75,2,1,0
BRDA:108,3,0,0
BRDA:108,3,1,0
BRDA:110,4,0,0
BRDA:110,4,1,0
BRDA:112,5,0,0
BRDA:112,5,1,0
BRDA:113,6,0,0
BRDA:113,6,1,0
BRF:14
BRH:0
end_of_record
TN:
SF:src/scripts/diagnose-db.js
FN:10,diagnoseDatabase
FN:27,(anonymous_1)
FN:58,(anonymous_2)
FN:74,(anonymous_3)
FNF:4
FNH:0
FNDA:0,diagnoseDatabase
FNDA:0,(anonymous_1)
FNDA:0,(anonymous_2)
FNDA:0,(anonymous_3)
DA:6,0
DA:7,0
DA:8,0
DA:11,0
DA:13,0
DA:14,0
DA:15,0
DA:16,0
DA:17,0
DA:21,0
DA:22,0
DA:26,0
DA:27,0
DA:28,0
DA:32,0
DA:33,0
DA:34,0
DA:38,0
DA:39,0
DA:40,0
DA:41,0
DA:43,0
DA:47,0
DA:48,0
DA:49,0
DA:50,0
DA:52,0
DA:53,0
DA:57,0
DA:58,0
DA:59,0
DA:60,0
DA:65,0
DA:66,0
DA:67,0
DA:73,0
DA:74,0
DA:75,0
DA:78,0
DA:81,0
DA:83,0
DA:84,0
DA:85,0
DA:89,0
LF:44
LH:0
BRDA:15,0,0,0
BRDA:15,0,1,0
BRDA:59,1,0,0
BRDA:59,1,1,0
BRDA:59,2,0,0
BRDA:59,2,1,0
BRF:6
BRH:0
end_of_record
TN:
SF:src/scripts/enhanced-debug-controller.js
FN:10,enhancedDebugController
FN:14,(anonymous_1)
FN:18,(anonymous_2)
FN:38,(anonymous_3)
FN:51,(anonymous_4)
FN:64,(anonymous_5)
FN:70,(anonymous_6)
FN:72,(anonymous_7)
FN:77,(anonymous_8)
FN:88,(anonymous_9)
FN:144,(anonymous_10)
FNF:11
FNH:0
FNDA:0,enhancedDebugController
FNDA:0,(anonymous_1)
FNDA:0,(anonymous_2)
FNDA:0,(anonymous_3)
FNDA:0,(anonymous_4)
FNDA:0,(anonymous_5)
FNDA:0,(anonymous_6)
FNDA:0,(anonymous_7)
FNDA:0,(anonymous_8)
FNDA:0,(anonymous_9)
FNDA:0,(anonymous_10)
DA:6,0
DA:7,0
DA:8,0
DA:11,0
DA:13,0
DA:15,0
DA:16,0
DA:19,0
DA:20,0
DA:24,0
DA:32,0
DA:33,0
DA:34,0
DA:37,0
DA:38,0
DA:39,0
DA:40,0
DA:45,0
DA:46,0
DA:47,0
DA:50,0
DA:51,0
DA:52,0
DA:56,0
DA:57,0
DA:63,0
DA:64,0
DA:65,0
DA:69,0
DA:70,0
DA:72,0
DA:73,0
DA:74,0
DA:77,0
DA:78,0
DA:79,0
DA:82,0
DA:87,0
DA:88,0
DA:89,0
DA:90,0
DA:95,0
DA:96,0
DA:97,0
DA:101,0
DA:102,0
DA:103,0
DA:106,0
DA:110,0
DA:111,0
DA:112,0
DA:113,0
DA:116,0
DA:117,0
DA:119,0
DA:120,0
DA:122,0
DA:123,0
DA:127,0
DA:128,0
DA:129,0
DA:133,0
DA:134,0
DA:135,0
DA:138,0
DA:142,0
DA:143,0
DA:145,0
DA:146,0
DA:147,0
DA:148,0
DA:150,0
DA:162,0
DA:170,0
DA:171,0
DA:181,0
DA:182,0
DA:183,0
DA:185,0
DA:189,0
DA:190,0
DA:191,0
DA:192,0
DA:193,0
DA:195,0
DA:198,0
DA:201,0
DA:203,0
DA:204,0
DA:205,0
DA:209,0
LF:91
LH:0
BRDA:39,0,0,0
BRDA:39,0,1,0
BRDA:39,1,0,0
BRDA:39,1,1,0
BRDA:46,2,0,0
BRDA:46,2,1,0
BRDA:73,3,0,0
BRDA:73,3,1,0
BRDA:78,4,0,0
BRDA:78,4,1,0
BRDA:89,5,0,0
BRDA:89,5,1,0
BRDA:102,6,0,0
BRDA:102,6,1,0
BRDA:116,7,0,0
BRDA:116,7,1,0
BRDA:119,8,0,0
BRDA:119,8,1,0
BRDA:122,9,0,0
BRDA:122,9,1,0
BRDA:128,10,0,0
BRDA:128,10,1,0
BRDA:134,11,0,0
BRDA:134,11,1,0
BRDA:146,12,0,0
BRDA:146,12,1,0
BRDA:147,13,0,0
BRDA:147,13,1,0
BRF:28
BRH:0
end_of_record
TN:
SF:src/scripts/init-database.js
FN:13,syncDatabaseModels
FN:45,(anonymous_1)
FN:59,initializeDatabase
FN:113,(anonymous_3)
FN:113,(anonymous_4)
FN:120,(anonymous_5)
FN:144,(anonymous_6)
FNF:7
FNH:0
FNDA:0,syncDatabaseModels
FNDA:0,(anonymous_1)
FNDA:0,initializeDatabase
FNDA:0,(anonymous_3)
FNDA:0,(anonymous_4)
FNDA:0,(anonymous_5)
FNDA:0,(anonymous_6)
DA:6,0
DA:7,0
DA:8,0
DA:14,0
DA:15,0
DA:18,0
DA:21,0
DA:22,0
DA:24,0
DA:25,0
DA:28,0
DA:29,0
DA:32,0
DA:33,0
DA:36,0
DA:37,0
DA:39,0
DA:40,0
DA:41,0
DA:44,0
DA:45,0
DA:46,0
DA:47,0
DA:51,0
DA:53,0
DA:54,0
DA:55,0
DA:60,0
DA:61,0
DA:64,0
DA:65,0
DA:66,0
DA:67,0
DA:69,0
DA:70,0
DA:71,0
DA:75,0
DA:76,0
DA:78,0
DA:79,0
DA:80,0
DA:81,0
DA:83,0
DA:85,0
DA:86,0
DA:87,0
DA:91,0
DA:92,0
DA:93,0
DA:94,0
DA:96,0
DA:97,0
DA:98,0
DA:102,0
DA:103,0
DA:107,0
DA:113,0
DA:114,0
DA:117,0
DA:120,0
DA:121,0
DA:124,0
DA:125,0
DA:126,0
DA:129,0
DA:131,0
DA:132,0
DA:133,0
DA:136,0
DA:139,0
DA:143,0
DA:144,0
DA:145,0
DA:150,0
DA:152,0
DA:154,0
DA:155,0
DA:166,0
DA:169,0
DA:170,0
DA:179,0
DA:182,0
DA:183,0
DA:192,0
DA:194,0
DA:195,0
DA:196,0
DA:200,0
DA:202,0
DA:203,0
DA:204,0
DA:209,0
LF:92
LH:0
BRDA:46,0,0,0
BRDA:46,0,1,0
BRDA:124,1,0,0
BRDA:124,1,1,0
BRF:4
BRH:0
end_of_record
TN:
SF:src/scripts/init-db.js
FN:12,initializeDatabase
FNF:1
FNH:0
FNDA:0,initializeDatabase
DA:7,0
DA:9,0
DA:10,0
DA:13,0
DA:15,0
DA:17,0
DA:18,0
DA:19,0
DA:22,0
DA:26,0
DA:28,0
DA:29,0
DA:31,0
DA:32,0
DA:33,0
DA:38,0
LF:16
LH:0
BRDA:7,0,0,0
BRDA:7,0,1,0
BRDA:17,1,0,0
BRDA:17,1,1,0
BRF:4
BRH:0
end_of_record
TN:
SF:src/scripts/insert-test-campaign.js
FN:12,insertTestCampaign
FNF:1
FNH:0
FNDA:0,insertTestCampaign
DA:7,0
DA:9,0
DA:10,0
DA:13,0
DA:15,0
DA:17,0
DA:18,0
DA:19,0
DA:23,0
DA:40,0
DA:43,0
DA:45,0
DA:46,0
DA:47,0
DA:49,0
DA:50,0
DA:53,0
DA:54,0
DA:56,0
DA:57,0
DA:58,0
DA:63,0
LF:22
LH:0
BRDA:7,0,0,0
BRDA:7,0,1,0
BRDA:17,1,0,0
BRDA:17,1,1,0
BRDA:45,2,0,0
BRDA:45,2,1,0
BRF:6
BRH:0
end_of_record
TN:
SF:src/scripts/sync-call-recording-model.js
FN:10,syncCallRecordingModel
FN:21,(anonymous_1)
FN:41,(anonymous_2)
FNF:3
FNH:0
FNDA:0,syncCallRecordingModel
FNDA:0,(anonymous_1)
FNDA:0,(anonymous_2)
DA:6,0
DA:7,0
DA:8,0
DA:11,0
DA:12,0
DA:13,0
DA:14,0
DA:17,0
DA:18,0
DA:21,0
DA:24,0
DA:25,0
DA:26,0
DA:29,0
DA:32,0
DA:33,0
DA:36,0
DA:37,0
DA:40,0
DA:41,0
DA:42,0
DA:46,0
DA:47,0
DA:49,0
DA:50,0
DA:52,0
DA:53,0
DA:61,0
LF:28
LH:0
BRDA:36,0,0,0
BRDA:36,0,1,0
BRDA:42,1,0,0
BRDA:42,1,1,0
BRF:4
BRH:0
end_of_record
TN:
SF:src/scripts/sync-test-models.js
FN:10,syncModels
FNF:1
FNH:0
FNDA:0,syncModels
DA:6,0
DA:7,0
DA:8,0
DA:11,0
DA:12,0
DA:15,0
DA:16,0
DA:19,0
DA:20,0
DA:23,0
DA:26,0
DA:28,0
DA:29,0
DA:30,0
DA:31,0
DA:33,0
DA:41,0
DA:42,0
DA:45,0
DA:46,0
DA:49,0
DA:50,0
DA:52,0
DA:55,0
DA:58,0
DA:60,0
DA:62,0
DA:63,0
DA:88,0
DA:89,0
DA:92,0
DA:93,0
DA:100,0
DA:103,0
DA:104,0
DA:114,0
DA:117,0
DA:118,0
DA:125,0
DA:128,0
DA:129,0
DA:131,0
DA:134,0
DA:137,0
DA:138,0
DA:140,0
DA:142,0
DA:143,0
DA:144,0
DA:149,0
LF:50
LH:0
BRDA:128,0,0,0
BRDA:128,0,1,0
BRF:2
BRH:0
end_of_record
TN:
SF:src/scripts/test-agent-controller.js
FN:10,(anonymous_0)
FN:17,(anonymous_1)
FN:23,testAgentController
FNF:3
FNH:0
FNDA:0,(anonymous_0)
FNDA:0,(anonymous_1)
FNDA:0,testAgentController
DA:6,0
DA:7,0
DA:10,0
DA:11,0
DA:12,0
DA:13,0
DA:14,0
DA:17,0
DA:24,0
DA:25,0
DA:28,0
DA:29,0
DA:30,0
DA:31,0
DA:33,0
DA:35,0
DA:36,0
DA:38,0
DA:39,0
DA:43,0
DA:44,0
DA:45,0
DA:46,0
DA:48,0
DA:50,0
DA:51,0
DA:53,0
DA:54,0
DA:58,0
DA:59,0
DA:60,0
DA:71,0
DA:73,0
DA:75,0
DA:76,0
DA:78,0
DA:79,0
DA:83,0
DA:84,0
DA:85,0
DA:93,0
DA:95,0
DA:97,0
DA:98,0
DA:100,0
DA:101,0
DA:104,0
DA:106,0
DA:107,0
DA:112,0
LF:50
LH:0
BRDA:17,0,0,0
BRDA:17,1,0,0
BRDA:17,2,0,0
BRF:3
BRH:0
end_of_record
TN:
SF:src/scripts/test-agent-direct.js
FN:12,createMockResponse
FN:16,(anonymous_1)
FN:20,(anonymous_2)
FN:29,createMockRequest
FN:33,testAgentController
FNF:5
FNH:0
FNDA:0,createMockResponse
FNDA:0,(anonymous_1)
FNDA:0,(anonymous_2)
FNDA:0,createMockRequest
FNDA:0,testAgentController
DA:7,0
DA:8,0
DA:9,0
DA:13,0
DA:17,0
DA:18,0
DA:21,0
DA:22,0
DA:25,0
DA:30,0
DA:34,0
DA:35,0
DA:38,0
DA:39,0
DA:40,0
DA:41,0
DA:43,0
DA:45,0
DA:46,0
DA:48,0
DA:49,0
DA:53,0
DA:54,0
DA:55,0
DA:64,0
DA:66,0
DA:67,0
DA:71,0
DA:72,0
DA:73,0
DA:74,0
DA:76,0
DA:78,0
DA:79,0
DA:81,0
DA:82,0
DA:86,0
DA:87,0
DA:88,0
DA:97,0
DA:99,0
DA:101,0
DA:102,0
DA:104,0
DA:105,0
DA:108,0
DA:110,0
DA:111,0
DA:114,0
DA:115,0
DA:116,0
DA:118,0
DA:122,0
DA:127,0
LF:54
LH:0
BRDA:29,0,0,0
BRDA:29,1,0,0
BRDA:29,2,0,0
BRF:3
BRH:0
end_of_record
TN:
SF:src/scripts/test-agent-endpoints.js
FN:15,testAgentEndpoints
FNF:1
FNH:0
FNDA:0,testAgentEndpoints
DA:6,0
DA:7,0
DA:10,0
DA:16,0
DA:17,0
DA:20,0
DA:21,0
DA:22,0
DA:23,0
DA:24,0
DA:26,0
DA:27,0
DA:28,0
DA:29,0
DA:31,0
DA:35,0
DA:36,0
DA:37,0
DA:38,0
DA:39,0
DA:40,0
DA:42,0
DA:43,0
DA:44,0
DA:45,0
DA:47,0
DA:51,0
DA:52,0
DA:53,0
DA:54,0
DA:62,0
DA:68,0
DA:69,0
DA:71,0
DA:72,0
DA:73,0
DA:74,0
DA:76,0
DA:80,0
DA:81,0
DA:82,0
DA:88,0
DA:94,0
DA:95,0
DA:97,0
DA:98,0
DA:99,0
DA:100,0
DA:102,0
DA:105,0
DA:107,0
DA:108,0
DA:113,0
LF:53
LH:0
BRDA:27,0,0,0
BRDA:27,0,1,0
BRDA:43,1,0,0
BRDA:43,1,1,0
BRDA:72,2,0,0
BRDA:72,2,1,0
BRDA:98,3,0,0
BRDA:98,3,1,0
BRF:8
BRH:0
end_of_record
TN:
SF:src/scripts/test-call-queue.js
FN:16,(anonymous_0)
FN:36,(anonymous_1)
FN:162,(anonymous_2)
FN:242,(anonymous_3)
FN:289,(anonymous_4)
FN:302,(anonymous_5)
FN:305,(anonymous_6)
FN:308,(anonymous_7)
FN:315,(anonymous_8)
FN:321,(anonymous_9)
FNF:10
FNH:0
FNDA:0,(anonymous_0)
FNDA:0,(anonymous_1)
FNDA:0,(anonymous_2)
FNDA:0,(anonymous_3)
FNDA:0,(anonymous_4)
FNDA:0,(anonymous_5)
FNDA:0,(anonymous_6)
FNDA:0,(anonymous_7)
FNDA:0,(anonymous_8)
FNDA:0,(anonymous_9)
DA:10,0
DA:11,0
DA:12,0
DA:15,0
DA:17,0
DA:18,0
DA:29,0
DA:32,0
DA:33,0
DA:36,0
DA:37,0
DA:38,0
DA:39,0
DA:42,0
DA:43,0
DA:46,0
DA:47,0
DA:48,0
DA:50,0
DA:53,0
DA:54,0
DA:55,0
DA:57,0
DA:59,0
DA:81,0
DA:85,0
DA:86,0
DA:87,0
DA:90,0
DA:93,0
DA:127,0
DA:129,0
DA:146,0
DA:147,0
DA:151,0
DA:154,0
DA:159,0
DA:160,0
DA:162,0
DA:163,0
DA:167,0
DA:168,0
DA:169,0
DA:171,0
DA:178,0
DA:181,0
DA:184,0
DA:190,0
DA:200,0
DA:203,0
DA:209,0
DA:210,0
DA:213,0
DA:216,0
DA:224,0
DA:226,0
DA:227,0
DA:230,0
DA:231,0
DA:242,0
DA:243,0
DA:245,0
DA:255,0
DA:258,0
DA:263,0
DA:267,0
DA:268,0
DA:270,0
DA:271,0
DA:274,0
DA:277,0
DA:278,0
DA:282,0
DA:283,0
DA:284,0
DA:289,0
DA:290,0
DA:291,0
DA:293,0
DA:294,0
DA:296,0
DA:301,0
DA:303,0
DA:306,0
DA:309,0
DA:310,0
DA:311,0
DA:315,0
DA:316,0
DA:317,0
DA:318,0
DA:321,0
DA:322,0
DA:323,0
DA:324,0
LF:95
LH:0
BRDA:47,0,0,0
BRDA:47,0,1,0
BRDA:200,1,0,0
BRDA:200,1,1,0
BRDA:226,2,0,0
BRDA:226,2,1,0
BRDA:230,3,0,0
BRDA:230,3,1,0
BRF:8
BRH:0
end_of_record
TN:
SF:src/scripts/trace-agent-api-calls.js
FN:22,(anonymous_0)
FN:31,(anonymous_1)
FN:36,(anonymous_2)
FN:46,(anonymous_3)
FN:52,(anonymous_4)
FN:67,(anonymous_5)
FN:73,(anonymous_6)
FN:78,(anonymous_7)
FN:83,(anonymous_8)
FN:88,(anonymous_9)
FN:94,(anonymous_10)
FN:105,runApiTests
FN:113,(anonymous_12)
FN:171,(anonymous_13)
FN:174,(anonymous_14)
FN:178,(anonymous_15)
FNF:16
FNH:0
FNDA:0,(anonymous_0)
FNDA:0,(anonymous_1)
FNDA:0,(anonymous_2)
FNDA:0,(anonymous_3)
FNDA:0,(anonymous_4)
FNDA:0,(anonymous_5)
FNDA:0,(anonymous_6)
FNDA:0,(anonymous_7)
FNDA:0,(anonymous_8)
FNDA:0,(anonymous_9)
FNDA:0,(anonymous_10)
FNDA:0,runApiTests
FNDA:0,(anonymous_12)
FNDA:0,(anonymous_13)
FNDA:0,(anonymous_14)
FNDA:0,(anonymous_15)
DA:7,0
DA:8,0
DA:9,0
DA:10,0
DA:11,0
DA:12,0
DA:13,0
DA:16,0
DA:19,0
DA:22,0
DA:23,0
DA:26,0
DA:27,0
DA:28,0
DA:31,0
DA:32,0
DA:33,0
DA:36,0
DA:37,0
DA:38,0
DA:39,0
DA:41,0
DA:43,0
DA:46,0
DA:47,0
DA:48,0
DA:52,0
DA:53,0
DA:54,0
DA:57,0
DA:61,0
DA:62,0
DA:63,0
DA:64,0
DA:67,0
DA:68,0
DA:69,0
DA:73,0
DA:74,0
DA:75,0
DA:78,0
DA:79,0
DA:80,0
DA:83,0
DA:84,0
DA:85,0
DA:88,0
DA:89,0
DA:90,0
DA:94,0
DA:95,0
DA:96,0
DA:97,0
DA:106,0
DA:108,0
DA:109,0
DA:112,0
DA:113,0
DA:114,0
DA:118,0
DA:126,0
DA:134,0
DA:136,0
DA:137,0
DA:138,0
DA:139,0
DA:142,0
DA:143,0
DA:144,0
DA:147,0
DA:148,0
DA:149,0
DA:152,0
DA:153,0
DA:156,0
DA:158,0
DA:161,0
DA:162,0
DA:163,0
DA:164,0
DA:166,0
DA:171,0
DA:172,0
DA:173,0
DA:175,0
DA:176,0
DA:179,0
DA:180,0
DA:185,0
DA:186,0
DA:187,0
DA:192,0
LF:92
LH:0
BRDA:38,0,0,0
BRDA:38,0,1,0
BRDA:99,1,0,0
BRDA:99,1,1,0
BRDA:162,2,0,0
BRDA:162,2,1,0
BRF:6
BRH:0
end_of_record
TN:
SF:src/services/amd.service.js
FN:24,(anonymous_0)
FN:42,(anonymous_1)
FN:68,(anonymous_2)
FN:136,(anonymous_3)
FN:190,(anonymous_4)
FN:230,(anonymous_5)
FN:247,(anonymous_6)
FNF:7
FNH:0
FNDA:0,(anonymous_0)
FNDA:0,(anonymous_1)
FNDA:0,(anonymous_2)
FNDA:0,(anonymous_3)
FNDA:0,(anonymous_4)
FNDA:0,(anonymous_5)
FNDA:0,(anonymous_6)
DA:6,0
DA:7,0
DA:8,0
DA:11,0
DA:24,0
DA:25,0
DA:42,0
DA:43,0
DA:45,0
DA:68,0
DA:69,0
DA:71,0
DA:74,0
DA:79,0
DA:80,0
DA:83,0
DA:84,0
DA:85,0
DA:87,0
DA:89,0
DA:90,0
DA:91,0
DA:94,0
DA:96,0
DA:97,0
DA:99,0
DA:100,0
DA:103,0
DA:105,0
DA:107,0
DA:108,0
DA:109,0
DA:111,0
DA:114,0
DA:136,0
DA:137,0
DA:138,0
DA:140,0
DA:142,0
DA:144,0
DA:146,0
DA:153,0
DA:155,0
DA:157,0
DA:159,0
DA:167,0
DA:174,0
DA:176,0
DA:190,0
DA:191,0
DA:192,0
DA:195,0
DA:206,0
DA:208,0
DA:214,0
DA:216,0
DA:230,0
DA:231,0
DA:247,0
DA:248,0
DA:258,0
LF:61
LH:0
BRDA:24,0,0,0
BRDA:26,1,0,0
BRDA:26,1,1,0
BRDA:27,2,0,0
BRDA:27,2,1,0
BRDA:28,3,0,0
BRDA:28,3,1,0
BRDA:29,4,0,0
BRDA:29,4,1,0
BRDA:30,5,0,0
BRDA:30,5,1,0
BRDA:42,6,0,0
BRDA:71,7,0,0
BRDA:71,7,1,0
BRDA:74,8,0,0
BRDA:74,8,1,0
BRDA:74,8,2,0
BRDA:74,8,3,0
BRDA:80,9,0,0
BRDA:80,9,1,0
BRDA:87,10,0,0
BRDA:87,10,1,0
BRDA:94,11,0,0
BRDA:94,11,1,0
BRDA:97,12,0,0
BRDA:97,12,1,0
BRDA:105,13,0,0
BRDA:105,13,1,0
BRDA:116,14,0,0
BRDA:116,14,1,0
BRDA:140,15,0,0
BRDA:140,15,1,0
BRDA:140,16,0,0
BRDA:140,16,1,0
BRDA:153,17,0,0
BRDA:153,17,1,0
BRDA:153,18,0,0
BRDA:153,18,1,0
BRDA:190,19,0,0
BRDA:247,20,0,0
BRF:40
BRH:0
end_of_record
TN:
SF:src/services/answering-machine-detection.service.js
FN:22,(anonymous_0)
FN:49,(anonymous_1)
FN:76,(anonymous_2)
FN:200,(anonymous_3)
FN:222,(anonymous_4)
FN:249,(anonymous_5)
FN:272,(anonymous_6)
FN:297,(anonymous_7)
FNF:8
FNH:0
FNDA:0,(anonymous_0)
FNDA:0,(anonymous_1)
FNDA:0,(anonymous_2)
FNDA:0,(anonymous_3)
FNDA:0,(anonymous_4)
FNDA:0,(anonymous_5)
FNDA:0,(anonymous_6)
FNDA:0,(anonymous_7)
DA:7,0
DA:8,0
DA:9,0
DA:10,0
DA:11,0
DA:22,0
DA:24,0
DA:40,0
DA:49,0
DA:50,0
DA:52,0
DA:55,0
DA:58,0
DA:61,0
DA:63,0
DA:65,0
DA:66,0
DA:76,0
DA:77,0
DA:78,0
DA:79,0
DA:81,0
DA:84,0
DA:88,0
DA:89,0
DA:91,0
DA:97,0
DA:107,0
DA:110,0
DA:116,0
DA:118,0
DA:119,0
DA:120,0
DA:122,0
DA:123,0
DA:124,0
DA:126,0
DA:127,0
DA:128,0
DA:134,0
DA:136,0
DA:139,0
DA:142,0
DA:143,0
DA:149,0
DA:153,0
DA:157,0
DA:159,0
DA:160,0
DA:166,0
DA:170,0
DA:175,0
DA:178,0
DA:182,0
DA:191,0
DA:193,0
DA:201,0
DA:205,0
DA:207,0
DA:210,0
DA:222,0
DA:223,0
DA:224,0
DA:227,0
DA:230,0
DA:237,0
DA:239,0
DA:240,0
DA:249,0
DA:250,0
DA:251,0
DA:252,0
DA:254,0
DA:255,0
DA:260,0
DA:262,0
DA:263,0
DA:272,0
DA:273,0
DA:275,0
DA:290,0
DA:297,0
DA:298,0
DA:299,0
DA:301,0
DA:302,0
DA:306,0
DA:312,0
DA:319,0
DA:320,0
DA:324,0
LF:91
LH:0
BRDA:22,0,0,0
BRDA:58,1,0,0
BRDA:58,1,1,0
BRDA:58,2,0,0
BRDA:58,2,1,0
BRDA:79,3,0,0
BRDA:79,3,1,0
BRDA:88,4,0,0
BRDA:88,4,1,0
BRDA:110,5,0,0
BRDA:110,5,1,0
BRDA:116,6,0,0
BRDA:116,6,1,0
BRDA:116,6,2,0
BRDA:134,7,0,0
BRDA:134,7,1,0
BRDA:134,7,2,0
BRDA:134,7,3,0
BRDA:134,7,4,0
BRDA:142,8,0,0
BRDA:142,8,1,0
BRDA:157,9,0,0
BRDA:157,9,1,0
BRDA:159,10,0,0
BRDA:159,10,1,0
BRDA:161,11,0,0
BRDA:161,11,1,0
BRDA:191,12,0,0
BRDA:191,12,1,0
BRDA:252,13,0,0
BRDA:252,13,1,0
BRDA:307,14,0,0
BRDA:307,14,1,0
BRDA:308,15,0,0
BRDA:308,15,1,0
BRDA:309,16,0,0
BRDA:309,16,1,0
BRF:37
BRH:0
end_of_record
TN:
SF:src/services/call-event-listener.service.js
FN:25,(anonymous_0)
FN:54,(anonymous_1)
FN:64,(anonymous_2)
FN:73,(anonymous_3)
FN:82,(anonymous_4)
FN:91,(anonymous_5)
FN:101,(anonymous_6)
FN:119,(anonymous_7)
FN:141,(anonymous_8)
FN:266,(anonymous_9)
FN:388,(anonymous_10)
FN:421,(anonymous_11)
FN:439,(anonymous_12)
FN:459,(anonymous_13)
FN:480,(anonymous_14)
FN:481,(anonymous_15)
FN:497,(anonymous_16)
FN:532,(anonymous_17)
FN:555,(anonymous_18)
FN:581,(anonymous_19)
FN:594,(anonymous_20)
FN:607,(anonymous_21)
FNF:22
FNH:0
FNDA:0,(anonymous_0)
FNDA:0,(anonymous_1)
FNDA:0,(anonymous_2)
FNDA:0,(anonymous_3)
FNDA:0,(anonymous_4)
FNDA:0,(anonymous_5)
FNDA:0,(anonymous_6)
FNDA:0,(anonymous_7)
FNDA:0,(anonymous_8)
FNDA:0,(anonymous_9)
FNDA:0,(anonymous_10)
FNDA:0,(anonymous_11)
FNDA:0,(anonymous_12)
FNDA:0,(anonymous_13)
FNDA:0,(anonymous_14)
FNDA:0,(anonymous_15)
FNDA:0,(anonymous_16)
FNDA:0,(anonymous_17)
FNDA:0,(anonymous_18)
FNDA:0,(anonymous_19)
FNDA:0,(anonymous_20)
FNDA:0,(anonymous_21)
DA:7,0
DA:8,0
DA:9,0
DA:10,0
DA:11,0
DA:12,0
DA:13,0
DA:16,0
DA:19,0
DA:25,0
DA:26,0
DA:28,0
DA:31,0
DA:32,0
DA:33,0
DA:35,0
DA:38,0
DA:44,0
DA:45,0
DA:54,0
DA:55,0
DA:57,0
DA:64,0
DA:65,0
DA:66,0
DA:73,0
DA:74,0
DA:75,0
DA:82,0
DA:83,0
DA:84,0
DA:91,0
DA:92,0
DA:93,0
DA:101,0
DA:102,0
DA:103,0
DA:112,0
DA:113,0
DA:114,0
DA:115,0
DA:116,0
DA:119,0
DA:120,0
DA:121,0
DA:122,0
DA:123,0
DA:124,0
DA:127,0
DA:129,0
DA:131,0
DA:132,0
DA:141,0
DA:142,0
DA:143,0
DA:146,0
DA:151,0
DA:154,0
DA:157,0
DA:158,0
DA:171,0
DA:190,0
DA:194,0
DA:195,0
DA:207,0
DA:211,0
DA:213,0
DA:228,0
DA:229,0
DA:235,0
DA:239,0
DA:246,0
DA:247,0
DA:256,0
DA:266,0
DA:267,0
DA:268,0
DA:271,0
DA:276,0
DA:279,0
DA:280,0
DA:299,0
DA:311,0
DA:315,0
DA:317,0
DA:319,0
DA:341,0
DA:355,0
DA:359,0
DA:367,0
DA:368,0
DA:377,0
DA:388,0
DA:389,0
DA:391,0
DA:396,0
DA:397,0
DA:401,0
DA:404,0
DA:405,0
DA:409,0
DA:411,0
DA:413,0
DA:415,0
DA:422,0
DA:423,0
DA:427,0
DA:428,0
DA:439,0
DA:440,0
DA:442,0
DA:443,0
DA:447,0
DA:453,0
DA:456,0
DA:458,0
DA:459,0
DA:460,0
DA:461,0
DA:463,0
DA:467,0
DA:470,0
DA:472,0
DA:481,0
DA:482,0
DA:486,0
DA:487,0
DA:497,0
DA:498,0
DA:499,0
DA:502,0
DA:509,0
DA:512,0
DA:520,0
DA:522,0
DA:523,0
DA:532,0
DA:533,0
DA:534,0
DA:535,0
DA:537,0
DA:538,0
DA:543,0
DA:545,0
DA:546,0
DA:555,0
DA:556,0
DA:558,0
DA:562,0
DA:563,0
DA:567,0
DA:569,0
DA:571,0
DA:572,0
DA:581,0
DA:582,0
DA:584,0
DA:594,0
DA:595,0
DA:596,0
DA:607,0
DA:610,0
DA:622,0
DA:624,0
DA:632,0
DA:633,0
DA:637,0
LF:167
LH:0
BRDA:31,0,0,0
BRDA:31,0,1,0
BRDA:151,1,0,0
BRDA:151,1,1,0
BRDA:154,2,0,0
BRDA:154,2,1,0
BRDA:154,2,2,0
BRDA:157,3,0,0
BRDA:157,3,1,0
BRDA:163,4,0,0
BRDA:163,4,1,0
BRDA:194,5,0,0
BRDA:194,5,1,0
BRDA:200,6,0,0
BRDA:200,6,1,0
BRDA:211,7,0,0
BRDA:211,7,1,0
BRDA:214,8,0,0
BRDA:214,8,1,0
BRDA:216,9,0,0
BRDA:216,9,1,0
BRDA:219,10,0,0
BRDA:219,10,1,0
BRDA:228,11,0,0
BRDA:228,11,1,0
BRDA:246,12,0,0
BRDA:246,12,1,0
BRDA:246,13,0,0
BRDA:246,13,1,0
BRDA:276,14,0,0
BRDA:276,14,1,0
BRDA:279,15,0,0
BRDA:279,15,1,0
BRDA:283,16,0,0
BRDA:283,16,1,0
BRDA:315,17,0,0
BRDA:315,17,1,0
BRDA:323,18,0,0
BRDA:323,18,1,0
BRDA:333,19,0,0
BRDA:333,19,1,0
BRDA:344,20,0,0
BRDA:344,20,1,0
BRDA:367,21,0,0
BRDA:367,21,1,0
BRDA:367,22,0,0
BRDA:367,22,1,0
BRDA:388,23,0,0
BRDA:396,24,0,0
BRDA:396,24,1,0
BRDA:396,25,0,0
BRDA:396,25,1,0
BRDA:396,25,2,0
BRDA:404,26,0,0
BRDA:404,26,1,0
BRDA:439,27,0,0
BRDA:442,28,0,0
BRDA:442,28,1,0
BRDA:442,29,0,0
BRDA:442,29,1,0
BRDA:447,30,0,0
BRDA:447,30,1,0
BRDA:447,31,0,0
BRDA:447,31,1,0
BRDA:535,32,0,0
BRDA:535,32,1,0
BRDA:562,33,0,0
BRDA:562,33,1,0
BRDA:567,34,0,0
BRDA:567,34,1,0
BRDA:622,35,0,0
BRDA:622,35,1,0
BRDA:622,36,0,0
BRDA:622,36,1,0
BRF:74
BRH:0
end_of_record
TN:
SF:src/services/call-events.service.js
FN:24,(anonymous_0)
FN:33,(anonymous_1)
FN:37,(anonymous_2)
FN:45,(anonymous_3)
FN:53,(anonymous_4)
FN:59,(anonymous_5)
FN:65,(anonymous_6)
FN:82,(anonymous_7)
FN:86,(anonymous_8)
FN:104,(anonymous_9)
FN:125,(anonymous_10)
FN:145,(anonymous_11)
FN:185,(anonymous_12)
FN:216,(anonymous_13)
FN:241,(anonymous_14)
FN:273,(anonymous_15)
FN:285,(anonymous_16)
FNF:17
FNH:0
FNDA:0,(anonymous_0)
FNDA:0,(anonymous_1)
FNDA:0,(anonymous_2)
FNDA:0,(anonymous_3)
FNDA:0,(anonymous_4)
FNDA:0,(anonymous_5)
FNDA:0,(anonymous_6)
FNDA:0,(anonymous_7)
FNDA:0,(anonymous_8)
FNDA:0,(anonymous_9)
FNDA:0,(anonymous_10)
FNDA:0,(anonymous_11)
FNDA:0,(anonymous_12)
FNDA:0,(anonymous_13)
FNDA:0,(anonymous_14)
FNDA:0,(anonymous_15)
FNDA:0,(anonymous_16)
DA:6,0
DA:7,0
DA:8,0
DA:9,0
DA:12,0
DA:15,0
DA:18,0
DA:24,0
DA:25,0
DA:33,0
DA:34,0
DA:37,0
DA:38,0
DA:39,0
DA:40,0
DA:45,0
DA:46,0
DA:47,0
DA:48,0
DA:53,0
DA:54,0
DA:55,0
DA:59,0
DA:60,0
DA:61,0
DA:65,0
DA:66,0
DA:70,0
DA:72,0
DA:82,0
DA:83,0
DA:86,0
DA:87,0
DA:91,0
DA:94,0
DA:95,0
DA:98,0
DA:99,0
DA:101,0
DA:104,0
DA:105,0
DA:107,0
DA:108,0
DA:109,0
DA:112,0
DA:113,0
DA:117,0
DA:125,0
DA:126,0
DA:128,0
DA:130,0
DA:131,0
DA:135,0
DA:137,0
DA:145,0
DA:146,0
DA:147,0
DA:149,0
DA:150,0
DA:151,0
DA:155,0
DA:165,0
DA:166,0
DA:169,0
DA:172,0
DA:174,0
DA:176,0
DA:185,0
DA:186,0
DA:188,0
DA:196,0
DA:199,0
DA:202,0
DA:204,0
DA:206,0
DA:216,0
DA:217,0
DA:218,0
DA:222,0
DA:228,0
DA:241,0
DA:242,0
DA:244,0
DA:252,0
DA:255,0
DA:258,0
DA:260,0
DA:262,0
DA:264,0
DA:265,0
DA:273,0
DA:274,0
DA:281,0
DA:282,0
DA:283,0
DA:286,0
DA:287,0
DA:292,0
DA:295,0
LF:99
LH:0
BRDA:28,0,0,0
BRDA:28,0,1,0
BRDA:38,1,0,0
BRDA:38,1,1,0
BRDA:46,2,0,0
BRDA:46,2,1,0
BRDA:82,3,0,0
BRDA:83,4,0,0
BRDA:83,4,1,0
BRDA:94,5,0,0
BRDA:94,5,1,0
BRDA:108,6,0,0
BRDA:108,6,1,0
BRDA:112,7,0,0
BRDA:112,7,1,0
BRDA:128,8,0,0
BRDA:128,8,1,0
BRDA:149,9,0,0
BRDA:149,9,1,0
BRDA:165,10,0,0
BRDA:165,10,1,0
BRDA:217,11,0,0
BRDA:217,11,1,0
BRF:23
BRH:0
end_of_record
TN:
SF:src/services/call-handling.service.js
FN:16,(anonymous_0)
FN:27,(anonymous_1)
FN:35,(anonymous_2)
FN:36,(anonymous_3)
FN:41,(anonymous_4)
FN:59,(anonymous_5)
FN:107,(anonymous_6)
FN:166,(anonymous_7)
FN:236,(anonymous_8)
FN:245,(anonymous_9)
FN:253,(anonymous_10)
FN:263,(anonymous_11)
FN:282,(anonymous_12)
FN:326,(anonymous_13)
FN:378,(anonymous_14)
FN:389,(anonymous_15)
FN:401,(anonymous_16)
FNF:17
FNH:0
FNDA:0,(anonymous_0)
FNDA:0,(anonymous_1)
FNDA:0,(anonymous_2)
FNDA:0,(anonymous_3)
FNDA:0,(anonymous_4)
FNDA:0,(anonymous_5)
FNDA:0,(anonymous_6)
FNDA:0,(anonymous_7)
FNDA:0,(anonymous_8)
FNDA:0,(anonymous_9)
FNDA:0,(anonymous_10)
FNDA:0,(anonymous_11)
FNDA:0,(anonymous_12)
FNDA:0,(anonymous_13)
FNDA:0,(anonymous_14)
FNDA:0,(anonymous_15)
FNDA:0,(anonymous_16)
DA:6,0
DA:7,0
DA:8,0
DA:9,0
DA:10,0
DA:17,0
DA:18,0
DA:19,0
DA:20,0
DA:21,0
DA:22,0
DA:23,0
DA:24,0
DA:28,0
DA:36,0
DA:37,0
DA:42,0
DA:47,0
DA:59,0
DA:60,0
DA:62,0
DA:63,0
DA:66,0
DA:74,0
DA:83,0
DA:84,0
DA:87,0
DA:89,0
DA:97,0
DA:98,0
DA:107,0
DA:108,0
DA:110,0
DA:114,0
DA:117,0
DA:118,0
DA:121,0
DA:124,0
DA:127,0
DA:128,0
DA:131,0
DA:134,0
DA:135,0
DA:138,0
DA:141,0
DA:144,0
DA:146,0
DA:148,0
DA:151,0
DA:166,0
DA:167,0
DA:169,0
DA:172,0
DA:173,0
DA:174,0
DA:178,0
DA:179,0
DA:180,0
DA:184,0
DA:187,0
DA:194,0
DA:197,0
DA:198,0
DA:201,0
DA:204,0
DA:205,0
DA:208,0
DA:211,0
DA:214,0
DA:216,0
DA:218,0
DA:221,0
DA:236,0
DA:237,0
DA:239,0
DA:240,0
DA:241,0
DA:245,0
DA:247,0
DA:253,0
DA:254,0
DA:257,0
DA:263,0
DA:264,0
DA:265,0
DA:267,0
DA:271,0
DA:273,0
DA:274,0
DA:282,0
DA:283,0
DA:284,0
DA:287,0
DA:290,0
DA:291,0
DA:294,0
DA:296,0
DA:297,0
DA:300,0
DA:301,0
DA:307,0
DA:311,0
DA:312,0
DA:317,0
DA:326,0
DA:327,0
DA:329,0
DA:330,0
DA:331,0
DA:335,0
DA:336,0
DA:337,0
DA:350,0
DA:353,0
DA:354,0
DA:360,0
DA:362,0
DA:368,0
DA:369,0
DA:378,0
DA:381,0
DA:389,0
DA:391,0
DA:401,0
DA:402,0
DA:405,0
DA:407,0
DA:408,0
DA:411,0
DA:412,0
DA:415,0
DA:416,0
DA:420,0
DA:422,0
DA:423,0
DA:427,0
LF:136
LH:0
BRDA:59,0,0,0
BRDA:59,1,0,0
BRDA:62,2,0,0
BRDA:62,2,1,0
BRDA:69,3,0,0
BRDA:69,3,1,0
BRDA:127,4,0,0
BRDA:127,4,1,0
BRDA:173,5,0,0
BRDA:173,5,1,0
BRDA:178,6,0,0
BRDA:178,6,1,0
BRDA:179,7,0,0
BRDA:179,7,1,0
BRDA:179,8,0,0
BRDA:179,8,1,0
BRDA:197,9,0,0
BRDA:197,9,1,0
BRDA:240,10,0,0
BRDA:240,10,1,0
BRDA:257,11,0,0
BRDA:257,11,1,0
BRDA:264,12,0,0
BRDA:264,12,1,0
BRDA:290,13,0,0
BRDA:290,13,1,0
BRDA:294,14,0,0
BRDA:294,14,1,0
BRDA:297,15,0,0
BRDA:297,15,1,0
BRDA:311,16,0,0
BRDA:311,16,1,0
BRDA:330,17,0,0
BRDA:330,17,1,0
BRDA:335,18,0,0
BRDA:335,18,1,0
BRDA:353,19,0,0
BRDA:353,19,1,0
BRDA:407,20,0,0
BRDA:407,20,1,0
BRDA:407,21,0,0
BRDA:407,21,1,0
BRDA:411,22,0,0
BRDA:411,22,1,0
BRDA:415,23,0,0
BRDA:415,23,1,0
BRDA:415,24,0,0
BRDA:415,24,1,0
BRF:48
BRH:0
end_of_record
TN:
SF:src/services/call-queue.service.js
FN:25,(anonymous_0)
FN:61,(anonymous_1)
FN:115,(anonymous_2)
FN:143,(anonymous_3)
FN:222,(anonymous_4)
FN:253,(anonymous_5)
FN:286,(anonymous_6)
FN:316,(anonymous_7)
FN:336,(anonymous_8)
FN:381,(anonymous_9)
FN:419,(anonymous_10)
FNF:11
FNH:0
FNDA:0,(anonymous_0)
FNDA:0,(anonymous_1)
FNDA:0,(anonymous_2)
FNDA:0,(anonymous_3)
FNDA:0,(anonymous_4)
FNDA:0,(anonymous_5)
FNDA:0,(anonymous_6)
FNDA:0,(anonymous_7)
FNDA:0,(anonymous_8)
FNDA:0,(anonymous_9)
FNDA:0,(anonymous_10)
DA:6,0
DA:7,0
DA:8,0
DA:9,0
DA:25,0
DA:26,0
DA:27,0
DA:30,0
DA:44,0
DA:46,0
DA:47,0
DA:49,0
DA:50,0
DA:61,0
DA:62,0
DA:64,0
DA:69,0
DA:75,0
DA:76,0
DA:80,0
DA:101,0
DA:103,0
DA:104,0
DA:115,0
DA:116,0
DA:117,0
DA:119,0
DA:120,0
DA:124,0
DA:129,0
DA:130,0
DA:132,0
DA:133,0
DA:143,0
DA:144,0
DA:145,0
DA:148,0
DA:150,0
DA:151,0
DA:152,0
DA:155,0
DA:157,0
DA:165,0
DA:166,0
DA:168,0
DA:174,0
DA:184,0
DA:188,0
DA:189,0
DA:195,0
DA:198,0
DA:200,0
DA:201,0
DA:209,0
DA:210,0
DA:212,0
DA:213,0
DA:222,0
DA:223,0
DA:224,0
DA:226,0
DA:227,0
DA:230,0
DA:231,0
DA:235,0
DA:239,0
DA:240,0
DA:242,0
DA:243,0
DA:253,0
DA:254,0
DA:255,0
DA:257,0
DA:258,0
DA:262,0
DA:263,0
DA:267,0
DA:272,0
DA:274,0
DA:275,0
DA:277,0
DA:278,0
DA:286,0
DA:287,0
DA:289,0
DA:298,0
DA:299,0
DA:304,0
DA:306,0
DA:307,0
DA:316,0
DA:317,0
DA:319,0
DA:321,0
DA:322,0
DA:326,0
DA:336,0
DA:337,0
DA:338,0
DA:348,0
DA:359,0
DA:369,0
DA:370,0
DA:381,0
DA:382,0
DA:384,0
DA:407,0
DA:409,0
DA:410,0
DA:419,0
DA:420,0
DA:421,0
DA:436,0
DA:438,0
DA:439,0
DA:443,0
LF:116
LH:0
BRDA:33,0,0,0
BRDA:33,0,1,0
BRDA:34,1,0,0
BRDA:34,1,1,0
BRDA:35,2,0,0
BRDA:35,2,1,0
BRDA:36,3,0,0
BRDA:36,3,1,0
BRDA:37,4,0,0
BRDA:37,4,1,0
BRDA:38,5,0,0
BRDA:38,5,1,0
BRDA:39,6,0,0
BRDA:39,6,1,0
BRDA:61,7,0,0
BRDA:61,8,0,0
BRDA:75,9,0,0
BRDA:75,9,1,0
BRDA:115,10,0,0
BRDA:119,11,0,0
BRDA:119,11,1,0
BRDA:143,12,0,0
BRDA:143,13,0,0
BRDA:150,14,0,0
BRDA:150,14,1,0
BRDA:179,15,0,0
BRDA:179,15,1,0
BRDA:226,16,0,0
BRDA:226,16,1,0
BRDA:230,17,0,0
BRDA:230,17,1,0
BRDA:257,18,0,0
BRDA:257,18,1,0
BRDA:262,19,0,0
BRDA:262,19,1,0
BRDA:262,20,0,0
BRDA:262,20,1,0
BRDA:316,21,0,0
BRDA:321,22,0,0
BRDA:321,22,1,0
BRDA:352,23,0,0
BRDA:352,23,1,0
BRDA:360,24,0,0
BRDA:360,24,1,0
BRDA:361,25,0,0
BRDA:361,25,1,0
BRDA:362,26,0,0
BRDA:362,26,1,0
BRDA:363,27,0,0
BRDA:363,27,1,0
BRDA:364,28,0,0
BRDA:364,28,1,0
BRDA:365,29,0,0
BRDA:365,29,1,0
BRDA:381,30,0,0
BRDA:381,31,0,0
BRDA:381,32,0,0
BRF:57
BRH:0
end_of_record
TN:
SF:src/services/call-recording.service.js
FN:32,(anonymous_0)
FN:79,(anonymous_1)
FN:124,(anonymous_2)
FN:178,(anonymous_3)
FN:238,(anonymous_4)
FN:266,(anonymous_5)
FN:287,(anonymous_6)
FN:315,(anonymous_7)
FN:347,(anonymous_8)
FN:389,(anonymous_9)
FNF:10
FNH:0
FNDA:0,(anonymous_0)
FNDA:0,(anonymous_1)
FNDA:0,(anonymous_2)
FNDA:0,(anonymous_3)
FNDA:0,(anonymous_4)
FNDA:0,(anonymous_5)
FNDA:0,(anonymous_6)
FNDA:0,(anonymous_7)
FNDA:0,(anonymous_8)
FNDA:0,(anonymous_9)
DA:6,0
DA:7,0
DA:8,0
DA:9,0
DA:10,0
DA:11,0
DA:12,0
DA:15,0
DA:18,0
DA:19,0
DA:20,0
DA:32,0
DA:33,0
DA:34,0
DA:37,0
DA:44,0
DA:47,0
DA:60,0
DA:62,0
DA:69,0
DA:70,0
DA:79,0
DA:80,0
DA:81,0
DA:84,0
DA:91,0
DA:92,0
DA:96,0
DA:99,0
DA:105,0
DA:107,0
DA:114,0
DA:115,0
DA:124,0
DA:125,0
DA:126,0
DA:128,0
DA:131,0
DA:135,0
DA:136,0
DA:137,0
DA:141,0
DA:147,0
DA:148,0
DA:149,0
DA:153,0
DA:156,0
DA:157,0
DA:160,0
DA:167,0
DA:168,0
DA:178,0
DA:179,0
DA:181,0
DA:182,0
DA:183,0
DA:187,0
DA:188,0
DA:190,0
DA:193,0
DA:196,0
DA:201,0
DA:203,0
DA:209,0
DA:212,0
DA:213,0
DA:214,0
DA:225,0
DA:229,0
DA:238,0
DA:239,0
DA:240,0
DA:250,0
DA:251,0
DA:254,0
DA:256,0
DA:257,0
DA:266,0
DA:267,0
DA:268,0
DA:273,0
DA:275,0
DA:276,0
DA:287,0
DA:288,0
DA:289,0
DA:303,0
DA:305,0
DA:306,0
DA:315,0
DA:316,0
DA:318,0
DA:320,0
DA:321,0
DA:325,0
DA:326,0
DA:327,0
DA:331,0
DA:333,0
DA:335,0
DA:337,0
DA:338,0
DA:347,0
DA:348,0
DA:350,0
DA:355,0
DA:367,0
DA:379,0
DA:389,0
DA:390,0
DA:391,0
DA:398,0
DA:407,0
DA:408,0
DA:412,0
LF:115
LH:0
BRDA:15,0,0,0
BRDA:15,0,1,0
BRDA:18,1,0,0
BRDA:18,1,1,0
BRDA:32,2,0,0
BRDA:38,3,0,0
BRDA:38,3,1,0
BRDA:39,4,0,0
BRDA:39,4,1,0
BRDA:40,5,0,0
BRDA:40,5,1,0
BRDA:52,6,0,0
BRDA:52,6,1,0
BRDA:53,7,0,0
BRDA:53,7,1,0
BRDA:91,8,0,0
BRDA:91,8,1,0
BRDA:135,9,0,0
BRDA:135,9,1,0
BRDA:143,10,0,0
BRDA:143,10,1,0
BRDA:147,11,0,0
BRDA:147,11,1,0
BRDA:149,12,0,0
BRDA:149,12,1,0
BRDA:156,13,0,0
BRDA:156,13,1,0
BRDA:156,14,0,0
BRDA:156,14,1,0
BRDA:182,15,0,0
BRDA:182,15,1,0
BRDA:187,16,0,0
BRDA:187,16,1,0
BRDA:212,17,0,0
BRDA:212,17,1,0
BRDA:250,18,0,0
BRDA:250,18,1,0
BRDA:287,19,0,0
BRDA:287,20,0,0
BRDA:287,21,0,0
BRDA:320,22,0,0
BRDA:320,22,1,0
BRDA:325,23,0,0
BRDA:325,23,1,0
BRDA:325,24,0,0
BRDA:325,24,1,0
BRDA:347,25,0,0
BRDA:358,26,0,0
BRDA:358,26,1,0
BRDA:359,27,0,0
BRDA:359,27,1,0
BRDA:370,28,0,0
BRDA:370,28,1,0
BRDA:371,29,0,0
BRDA:371,29,1,0
BRDA:400,30,0,0
BRDA:400,30,1,0
BRDA:402,31,0,0
BRDA:402,31,1,0
BRF:59
BRH:0
end_of_record
TN:
SF:src/services/call-scheduler.service.js
FN:31,(anonymous_0)
FN:97,(anonymous_1)
FN:153,(anonymous_2)
FN:244,(anonymous_3)
FN:390,(anonymous_4)
FN:454,(anonymous_5)
FN:500,(anonymous_6)
FN:529,(anonymous_7)
FN:579,(anonymous_8)
FN:626,(anonymous_9)
FN:639,(anonymous_10)
FN:652,(anonymous_11)
FNF:12
FNH:0
FNDA:0,(anonymous_0)
FNDA:0,(anonymous_1)
FNDA:0,(anonymous_2)
FNDA:0,(anonymous_3)
FNDA:0,(anonymous_4)
FNDA:0,(anonymous_5)
FNDA:0,(anonymous_6)
FNDA:0,(anonymous_7)
FNDA:0,(anonymous_8)
FNDA:0,(anonymous_9)
FNDA:0,(anonymous_10)
FNDA:0,(anonymous_11)
DA:7,0
DA:8,0
DA:9,0
DA:10,0
DA:11,0
DA:12,0
DA:13,0
DA:16,0
DA:31,0
DA:32,0
DA:34,0
DA:35,0
DA:36,0
DA:40,0
DA:43,0
DA:57,0
DA:60,0
DA:66,0
DA:67,0
DA:70,0
DA:73,0
DA:76,0
DA:78,0
DA:85,0
DA:86,0
DA:97,0
DA:98,0
DA:100,0
DA:101,0
DA:102,0
DA:105,0
DA:108,0
DA:110,0
DA:111,0
DA:114,0
DA:117,0
DA:136,0
DA:139,0
DA:140,0
DA:142,0
DA:143,0
DA:153,0
DA:154,0
DA:156,0
DA:171,0
DA:172,0
DA:173,0
DA:177,0
DA:178,0
DA:181,0
DA:183,0
DA:184,0
DA:186,0
DA:189,0
DA:203,0
DA:206,0
DA:217,0
DA:223,0
DA:225,0
DA:228,0
DA:232,0
DA:234,0
DA:235,0
DA:244,0
DA:245,0
DA:249,0
DA:251,0
DA:252,0
DA:253,0
DA:257,0
DA:264,0
DA:272,0
DA:274,0
DA:282,0
DA:283,0
DA:285,0
DA:286,0
DA:287,0
DA:291,0
DA:292,0
DA:310,0
DA:313,0
DA:314,0
DA:316,0
DA:323,0
DA:326,0
DA:341,0
DA:344,0
DA:359,0
DA:360,0
DA:362,0
DA:365,0
DA:367,0
DA:370,0
DA:371,0
DA:376,0
DA:378,0
DA:379,0
DA:390,0
DA:391,0
DA:393,0
DA:397,0
DA:398,0
DA:399,0
DA:403,0
DA:419,0
DA:421,0
DA:422,0
DA:425,0
DA:432,0
DA:442,0
DA:443,0
DA:454,0
DA:455,0
DA:457,0
DA:458,0
DA:468,0
DA:470,0
DA:477,0
DA:486,0
DA:489,0
DA:490,0
DA:500,0
DA:502,0
DA:503,0
DA:507,0
DA:510,0
DA:511,0
DA:515,0
DA:516,0
DA:519,0
DA:529,0
DA:530,0
DA:532,0
DA:535,0
DA:536,0
DA:537,0
DA:538,0
DA:539,0
DA:542,0
DA:543,0
DA:546,0
DA:554,0
DA:556,0
DA:566,0
DA:567,0
DA:579,0
DA:580,0
DA:582,0
DA:584,0
DA:585,0
DA:588,0
DA:589,0
DA:592,0
DA:593,0
DA:597,0
DA:600,0
DA:608,0
DA:610,0
DA:616,0
DA:617,0
DA:626,0
DA:627,0
DA:629,0
DA:639,0
DA:640,0
DA:641,0
DA:652,0
DA:655,0
DA:663,0
DA:671,0
DA:672,0
DA:676,0
LF:173
LH:0
BRDA:31,0,0,0
BRDA:35,1,0,0
BRDA:35,1,1,0
BRDA:40,2,0,0
BRDA:40,2,1,0
BRDA:66,3,0,0
BRDA:66,3,1,0
BRDA:101,4,0,0
BRDA:101,4,1,0
BRDA:102,5,0,0
BRDA:102,5,1,0
BRDA:171,6,0,0
BRDA:171,6,1,0
BRDA:178,7,0,0
BRDA:178,7,1,0
BRDA:244,8,0,0
BRDA:249,9,0,0
BRDA:249,9,1,0
BRDA:252,10,0,0
BRDA:252,10,1,0
BRDA:282,11,0,0
BRDA:282,11,1,0
BRDA:285,12,0,0
BRDA:285,12,1,0
BRDA:323,13,0,0
BRDA:323,13,1,0
BRDA:359,14,0,0
BRDA:359,14,1,0
BRDA:390,15,0,0
BRDA:397,16,0,0
BRDA:397,16,1,0
BRDA:406,17,0,0
BRDA:406,17,1,0
BRDA:411,18,0,0
BRDA:411,18,1,0
BRDA:421,19,0,0
BRDA:421,19,1,0
BRDA:426,20,0,0
BRDA:426,20,1,0
BRDA:457,21,0,0
BRDA:457,21,1,0
BRDA:468,22,0,0
BRDA:468,22,1,0
BRDA:502,23,0,0
BRDA:502,23,1,0
BRDA:510,24,0,0
BRDA:510,24,1,0
BRDA:515,25,0,0
BRDA:515,25,1,0
BRDA:515,26,0,0
BRDA:515,26,1,0
BRDA:529,27,0,0
BRDA:535,28,0,0
BRDA:535,28,1,0
BRDA:536,29,0,0
BRDA:536,29,1,0
BRDA:584,30,0,0
BRDA:584,30,1,0
BRDA:588,31,0,0
BRDA:588,31,1,0
BRDA:588,32,0,0
BRDA:588,32,1,0
BRDA:592,33,0,0
BRDA:592,33,1,0
BRDA:592,34,0,0
BRDA:592,34,1,0
BRDA:667,35,0,0
BRDA:667,35,1,0
BRF:68
BRH:0
end_of_record
TN:
SF:src/services/call-transfer.service.js
FN:18,(anonymous_0)
FN:86,(anonymous_1)
FN:135,(anonymous_2)
FN:165,(anonymous_3)
FN:197,(anonymous_4)
FN:233,(anonymous_5)
FNF:6
FNH:0
FNDA:0,(anonymous_0)
FNDA:0,(anonymous_1)
FNDA:0,(anonymous_2)
FNDA:0,(anonymous_3)
FNDA:0,(anonymous_4)
FNDA:0,(anonymous_5)
DA:6,0
DA:7,0
DA:8,0
DA:18,0
DA:19,0
DA:20,0
DA:23,0
DA:27,0
DA:28,0
DA:32,0
DA:42,0
DA:44,0
DA:47,0
DA:50,0
DA:57,0
DA:60,0
DA:61,0
DA:62,0
DA:63,0
DA:72,0
DA:75,0
DA:86,0
DA:87,0
DA:88,0
DA:91,0
DA:99,0
DA:102,0
DA:115,0
DA:121,0
DA:123,0
DA:124,0
DA:135,0
DA:136,0
DA:137,0
DA:140,0
DA:141,0
DA:145,0
DA:151,0
DA:153,0
DA:154,0
DA:165,0
DA:166,0
DA:167,0
DA:170,0
DA:172,0
DA:173,0
DA:177,0
DA:185,0
DA:187,0
DA:188,0
DA:197,0
DA:198,0
DA:200,0
DA:207,0
DA:208,0
DA:212,0
DA:220,0
DA:222,0
DA:223,0
DA:233,0
DA:234,0
DA:235,0
DA:238,0
DA:240,0
DA:241,0
DA:245,0
DA:256,0
DA:258,0
DA:259,0
DA:263,0
LF:70
LH:0
BRDA:18,0,0,0
BRDA:18,1,0,0
BRDA:27,2,0,0
BRDA:27,2,1,0
BRDA:42,3,0,0
BRDA:42,3,1,0
BRDA:62,4,0,0
BRDA:62,4,1,0
BRDA:86,5,0,0
BRDA:104,6,0,0
BRDA:104,6,1,0
BRDA:110,7,0,0
BRDA:110,7,1,0
BRDA:135,8,0,0
BRDA:165,9,0,0
BRDA:165,10,0,0
BRDA:172,11,0,0
BRDA:172,11,1,0
BRDA:178,12,0,0
BRDA:178,12,1,0
BRDA:197,13,0,0
BRDA:207,14,0,0
BRDA:207,14,1,0
BRDA:233,15,0,0
BRDA:240,16,0,0
BRDA:240,16,1,0
BRF:26
BRH:0
end_of_record
TN:
SF:src/services/campaign-scheduler.mock.js
FN:17,(anonymous_0)
FN:52,(anonymous_1)
FN:78,(anonymous_2)
FN:104,(anonymous_3)
FN:131,(anonymous_4)
FN:162,(anonymous_5)
FN:187,(anonymous_6)
FNF:7
FNH:0
FNDA:0,(anonymous_0)
FNDA:0,(anonymous_1)
FNDA:0,(anonymous_2)
FNDA:0,(anonymous_3)
FNDA:0,(anonymous_4)
FNDA:0,(anonymous_5)
FNDA:0,(anonymous_6)
DA:6,0
DA:9,0
DA:17,0
DA:18,0
DA:20,0
DA:40,0
DA:52,0
DA:53,0
DA:55,0
DA:56,0
DA:63,0
DA:64,0
DA:66,0
DA:78,0
DA:79,0
DA:81,0
DA:82,0
DA:89,0
DA:90,0
DA:92,0
DA:104,0
DA:105,0
DA:107,0
DA:108,0
DA:115,0
DA:116,0
DA:117,0
DA:119,0
DA:131,0
DA:132,0
DA:134,0
DA:135,0
DA:142,0
DA:144,0
DA:162,0
DA:163,0
DA:165,0
DA:166,0
DA:173,0
DA:174,0
DA:176,0
DA:187,0
DA:188,0
DA:190,0
DA:192,0
[...]
DA:129,0
DA:131,0
DA:146,0
DA:147,0
DA:153,0
DA:154,0
DA:160,0
DA:161,0
DA:164,0
DA:166,0
DA:168,0
DA:180,0
DA:181,0
DA:188,0
DA:189,0
DA:190,0
DA:193,0
DA:194,0
DA:197,0
DA:198,0
DA:199,0
DA:200,0
DA:201,0
DA:203,0
DA:208,0
DA:209,0
DA:210,0
DA:221,0
DA:223,0
DA:236,0
DA:237,0
DA:241,0
DA:242,0
DA:243,0
DA:245,0
DA:246,0
DA:248,0
DA:249,0
DA:252,0
DA:255,0
DA:256,0
DA:265,0
DA:266,0
DA:269,0
DA:271,0
DA:273,0
DA:274,0
DA:277,0
DA:279,0
DA:282,0
DA:285,0
DA:288,0
DA:290,0
DA:291,0
DA:295,0
DA:296,0
DA:299,0
DA:300,0
DA:305,0
DA:307,0
DA:310,0
DA:311,0
DA:314,0
DA:318,0
DA:322,0
DA:325,0
DA:326,0
DA:336,0
DA:337,0
DA:346,0
DA:356,0
DA:357,0
DA:361,0
DA:368,0
DA:370,0
DA:371,0
DA:381,0
DA:383,0
DA:384,0
DA:385,0
DA:388,0
DA:397,0
DA:401,0
DA:402,0
DA:405,0
DA:407,0
DA:409,0
DA:410,0
DA:419,0
DA:445,0
DA:446,0
DA:448,0
DA:449,0
DA:451,0
DA:452,0
DA:453,0
DA:456,0
DA:464,0
DA:465,0
DA:468,0
DA:469,0
DA:471,0
DA:472,0
DA:481,0
DA:482,0
DA:484,0
DA:485,0
DA:491,0
DA:499,0
DA:500,0
DA:502,0
DA:503,0
DA:509,0
DA:518,0
DA:519,0
DA:521,0
DA:522,0
DA:528,0
DA:533,0
DA:541,0
DA:542,0
DA:544,0
DA:545,0
DA:551,0
DA:561,0
DA:562,0
DA:564,0
DA:565,0
DA:573,0
DA:582,0
DA:583,0
DA:585,0
DA:586,0
DA:593,0
DA:594,0
DA:597,0
DA:598,0
DA:601,0
DA:602,0
DA:605,0
DA:606,0
DA:609,0
DA:621,0
LF:193
LH:0
BRDA:25,0,0,0
BRDA:27,1,0,0
BRDA:27,1,1,0
BRDA:28,2,0,0
BRDA:28,2,1,0
BRDA:29,3,0,0
BRDA:29,3,1,0
BRDA:30,4,0,0
BRDA:30,4,1,0
BRDA:49,5,0,0
BRDA:49,5,1,0
BRDA:60,6,0,0
BRDA:60,6,1,0
BRDA:64,7,0,0
BRDA:64,7,1,0
BRDA:107,8,0,0
BRDA:107,8,1,0
BRDA:114,9,0,0
BRDA:114,9,1,0
BRDA:124,10,0,0
BRDA:124,10,1,0
BRDA:146,11,0,0
BRDA:146,11,1,0
BRDA:153,12,0,0
BRDA:153,12,1,0
BRDA:179,13,0,0
BRDA:180,14,0,0
BRDA:180,14,1,0
BRDA:188,15,0,0
BRDA:188,15,1,0
BRDA:208,16,0,0
BRDA:208,16,1,0
BRDA:209,17,0,0
BRDA:209,17,1,0
BRDA:212,18,0,0
BRDA:212,18,1,0
BRDA:236,19,0,0
BRDA:236,19,1,0
BRDA:236,20,0,0
BRDA:236,20,1,0
BRDA:265,21,0,0
BRDA:265,21,1,0
BRDA:265,22,0,0
BRDA:265,22,1,0
BRDA:273,23,0,0
BRDA:273,23,1,0
BRDA:277,24,0,0
BRDA:277,24,1,0
BRDA:290,25,0,0
BRDA:290,25,1,0
BRDA:290,26,0,0
BRDA:290,26,1,0
BRDA:299,27,0,0
BRDA:299,27,1,0
BRDA:299,28,0,0
BRDA:299,28,1,0
BRDA:325,29,0,0
BRDA:325,29,1,0
BRDA:356,30,0,0
BRDA:356,30,1,0
BRDA:383,31,0,0
BRDA:383,31,1,0
BRDA:384,32,0,0
BRDA:384,32,1,0
BRDA:445,33,0,0
BRDA:448,34,0,0
BRDA:448,34,1,0
BRDA:451,35,0,0
BRDA:451,35,1,0
BRDA:452,36,0,0
BRDA:452,36,1,0
BRDA:484,37,0,0
BRDA:484,37,1,0
BRDA:502,38,0,0
BRDA:502,38,1,0
BRDA:518,39,0,0
BRDA:521,40,0,0
BRDA:521,40,1,0
BRDA:544,41,0,0
BRDA:544,41,1,0
BRDA:552,42,0,0
BRDA:552,42,1,0
BRDA:552,43,0,0
BRDA:552,43,1,0
BRDA:567,44,0,0
BRDA:567,44,1,0
BRDA:567,45,0,0
BRDA:567,45,1,0
BRDA:585,46,0,0
BRDA:585,46,1,0
BRDA:593,47,0,0
BRDA:593,47,1,0
BRDA:597,48,0,0
BRDA:597,48,1,0
BRDA:601,49,0,0
BRDA:601,49,1,0
BRDA:605,50,0,0
BRDA:605,50,1,0
BRF:98
BRH:0
end_of_record
TN:
SF:src/services/campaign.service.js
FN:12,(anonymous_0)
FN:30,(anonymous_1)
FN:40,(anonymous_2)
FN:53,(anonymous_3)
FN:106,(anonymous_4)
FN:132,(anonymous_5)
FN:152,(anonymous_6)
FN:180,(anonymous_7)
FN:194,(anonymous_8)
FN:195,(anonymous_9)
FN:196,(anonymous_10)
FN:197,(anonymous_11)
FN:218,(anonymous_12)
FNF:13
FNH:0
FNDA:0,(anonymous_0)
FNDA:0,(anonymous_1)
FNDA:0,(anonymous_2)
FNDA:0,(anonymous_3)
FNDA:0,(anonymous_4)
FNDA:0,(anonymous_5)
FNDA:0,(anonymous_6)
FNDA:0,(anonymous_7)
FNDA:0,(anonymous_8)
FNDA:0,(anonymous_9)
FNDA:0,(anonymous_10)
FNDA:0,(anonymous_11)
FNDA:0,(anonymous_12)
DA:5,0
DA:6,0
DA:7,0
DA:12,0
DA:13,0
DA:14,0
DA:17,0
DA:20,0
DA:21,0
DA:27,0
DA:30,0
DA:32,0
DA:33,0
DA:40,0
DA:41,0
DA:42,0
DA:43,0
DA:45,0
DA:46,0
DA:53,0
DA:54,0
DA:64,0
DA:67,0
DA:68,0
DA:72,0
DA:96,0
DA:98,0
DA:99,0
DA:106,0
DA:107,0
DA:109,0
DA:110,0
DA:111,0
DA:115,0
DA:116,0
DA:119,0
DA:120,0
DA:122,0
DA:124,0
DA:125,0
DA:132,0
DA:133,0
DA:135,0
DA:136,0
DA:137,0
DA:141,0
DA:142,0
DA:144,0
DA:145,0
DA:152,0
DA:153,0
DA:155,0
DA:156,0
DA:157,0
DA:161,0
DA:162,0
DA:163,0
DA:167,0
DA:168,0
DA:170,0
DA:172,0
DA:173,0
DA:180,0
DA:181,0
DA:183,0
DA:184,0
DA:185,0
DA:186,0
DA:187,0
DA:190,0
DA:193,0
DA:194,0
DA:195,0
DA:196,0
DA:197,0
DA:200,0
DA:209,0
DA:210,0
DA:218,0
DA:219,0
DA:221,0
DA:222,0
DA:223,0
DA:226,0
DA:227,0
DA:228,0
DA:232,0
DA:233,0
DA:234,0
DA:236,0
DA:237,0
DA:238,0
DA:241,0
DA:243,0
DA:244,0
DA:245,0
DA:252,0
DA:253,0
DA:259,0
DA:261,0
DA:262,0
DA:264,0
DA:265,0
DA:269,0
LF:104
LH:0
BRDA:12,0,0,0
BRDA:20,1,0,0
BRDA:20,1,1,0
BRDA:20,2,0,0
BRDA:20,2,1,0
BRDA:43,3,0,0
BRDA:43,3,1,0
BRDA:67,4,0,0
BRDA:67,4,1,0
BRDA:67,5,0,0
BRDA:67,5,1,0
BRDA:67,5,2,0
BRDA:67,5,3,0
BRDA:67,5,4,0
BRDA:67,5,5,0
BRDA:82,6,0,0
BRDA:82,6,1,0
BRDA:110,7,0,0
BRDA:110,7,1,0
BRDA:136,8,0,0
BRDA:136,8,1,0
BRDA:156,9,0,0
BRDA:156,9,1,0
BRDA:162,10,0,0
BRDA:162,10,1,0
BRDA:194,11,0,0
BRDA:194,11,1,0
BRDA:195,12,0,0
BRDA:195,12,1,0
BRDA:196,13,0,0
BRDA:196,13,1,0
BRDA:197,14,0,0
BRDA:197,14,1,0
BRDA:222,15,0,0
BRDA:222,15,1,0
BRDA:226,16,0,0
BRDA:226,16,1,0
BRDA:236,17,0,0
BRDA:236,17,1,0
BRDA:241,18,0,0
BRDA:241,18,1,0
BRDA:252,19,0,0
BRDA:252,19,1,0
BRF:43
BRH:0
end_of_record
TN:
SF:src/services/elevenlabs.service.js
FN:24,(anonymous_0)
FN:45,(anonymous_1)
FN:67,(anonymous_2)
FN:130,(anonymous_3)
FN:157,(anonymous_4)
FN:193,(anonymous_5)
FN:199,(anonymous_6)
FN:207,(anonymous_7)
FN:214,(anonymous_8)
FN:231,(anonymous_9)
FN:253,(anonymous_10)
FN:278,(anonymous_11)
FN:306,(anonymous_12)
FN:338,(anonymous_13)
FNF:14
FNH:0
FNDA:0,(anonymous_0)
FNDA:0,(anonymous_1)
FNDA:0,(anonymous_2)
FNDA:0,(anonymous_3)
FNDA:0,(anonymous_4)
FNDA:0,(anonymous_5)
FNDA:0,(anonymous_6)
FNDA:0,(anonymous_7)
FNDA:0,(anonymous_8)
FNDA:0,(anonymous_9)
FNDA:0,(anonymous_10)
FNDA:0,(anonymous_11)
FNDA:0,(anonymous_12)
FNDA:0,(anonymous_13)
DA:6,0
DA:7,0
DA:8,0
DA:9,0
DA:10,0
DA:11,0
DA:14,0
DA:15,0
DA:18,0
DA:24,0
DA:25,0
DA:26,0
DA:32,0
DA:33,0
DA:35,0
DA:36,0
DA:45,0
DA:46,0
DA:47,0
DA:53,0
DA:55,0
DA:56,0
DA:67,0
DA:68,0
DA:70,0
DA:71,0
DA:72,0
DA:73,0
DA:74,0
DA:76,0
DA:77,0
DA:81,0
DA:87,0
DA:92,0
DA:94,0
DA:109,0
DA:110,0
DA:112,0
DA:113,0
DA:114,0
DA:116,0
DA:117,0
DA:120,0
DA:130,0
DA:131,0
DA:133,0
DA:134,0
DA:135,0
DA:139,0
DA:140,0
DA:142,0
DA:144,0
DA:145,0
DA:157,0
DA:158,0
DA:160,0
DA:161,0
DA:162,0
DA:163,0
DA:164,0
DA:166,0
DA:167,0
DA:170,0
DA:177,0
DA:183,0
DA:190,0
DA:193,0
DA:194,0
DA:196,0
DA:199,0
DA:201,0
DA:202,0
DA:203,0
DA:207,0
DA:208,0
DA:209,0
DA:210,0
DA:214,0
DA:215,0
DA:216,0
DA:217,0
DA:220,0
DA:222,0
DA:223,0
DA:231,0
DA:232,0
DA:233,0
DA:239,0
DA:241,0
DA:242,0
DA:253,0
DA:254,0
DA:255,0
DA:266,0
DA:267,0
DA:269,0
DA:270,0
DA:278,0
DA:279,0
DA:280,0
DA:282,0
DA:289,0
DA:290,0
DA:292,0
DA:293,0
DA:294,0
DA:295,0
DA:297,0
DA:306,0
DA:307,0
DA:308,0
DA:310,0
DA:317,0
DA:318,0
DA:320,0
DA:321,0
DA:322,0
DA:323,0
DA:325,0
DA:326,0
DA:328,0
DA:338,0
DA:339,0
DA:340,0
DA:343,0
DA:345,0
DA:346,0
DA:350,0
DA:356,0
DA:365,0
DA:366,0
DA:368,0
DA:369,0
DA:370,0
DA:371,0
DA:373,0
DA:377,0
LF:137
LH:0
BRDA:67,0,0,0
BRDA:70,1,0,0
BRDA:70,1,1,0
BRDA:70,2,0,0
BRDA:70,2,1,0
BRDA:73,3,0,0
BRDA:73,3,1,0
BRDA:73,4,0,0
BRDA:73,4,1,0
BRDA:113,5,0,0
BRDA:113,5,1,0
BRDA:116,6,0,0
BRDA:116,6,1,0
BRDA:116,7,0,0
BRDA:116,7,1,0
BRDA:134,8,0,0
BRDA:134,8,1,0
BRDA:157,9,0,0
BRDA:160,10,0,0
BRDA:160,10,1,0
BRDA:160,11,0,0
BRDA:160,11,1,0
BRDA:163,12,0,0
BRDA:163,12,1,0
BRDA:163,13,0,0
BRDA:163,13,1,0
BRDA:202,14,0,0
BRDA:202,14,1,0
BRDA:202,15,0,0
BRDA:202,15,1,0
BRDA:209,16,0,0
BRDA:209,16,1,0
BRDA:209,17,0,0
BRDA:209,17,1,0
BRDA:253,18,0,0
BRDA:289,19,0,0
BRDA:289,19,1,0
BRDA:290,20,0,0
BRDA:290,20,1,0
BRDA:293,21,0,0
BRDA:293,21,1,0
BRDA:317,22,0,0
BRDA:317,22,1,0
BRDA:321,23,0,0
BRDA:321,23,1,0
BRDA:322,24,0,0
BRDA:322,24,1,0
BRDA:345,25,0,0
BRDA:345,25,1,0
BRDA:369,26,0,0
BRDA:369,26,1,0
BRF:51
BRH:0
end_of_record
TN:
SF:src/services/media-stream.service.js
FN:22,(anonymous_0)
FN:40,(anonymous_1)
FN:89,(anonymous_2)
FN:91,(anonymous_3)
FN:108,(anonymous_4)
FN:113,(anonymous_5)
FN:118,(anonymous_6)
FN:132,(anonymous_7)
FN:169,(anonymous_8)
FN:200,(anonymous_9)
FN:206,(anonymous_10)
FN:215,(anonymous_11)
FN:222,(anonymous_12)
FN:239,(anonymous_13)
FN:248,(anonymous_14)
FN:270,(anonymous_15)
FN:285,(anonymous_16)
FN:294,(anonymous_17)
FN:316,(anonymous_18)
FN:336,(anonymous_19)
FN:361,(anonymous_20)
FNF:21
FNH:0
FNDA:0,(anonymous_0)
FNDA:0,(anonymous_1)
FNDA:0,(anonymous_2)
FNDA:0,(anonymous_3)
FNDA:0,(anonymous_4)
FNDA:0,(anonymous_5)
FNDA:0,(anonymous_6)
FNDA:0,(anonymous_7)
FNDA:0,(anonymous_8)
FNDA:0,(anonymous_9)
FNDA:0,(anonymous_10)
FNDA:0,(anonymous_11)
FNDA:0,(anonymous_12)
FNDA:0,(anonymous_13)
FNDA:0,(anonymous_14)
FNDA:0,(anonymous_15)
FNDA:0,(anonymous_16)
FNDA:0,(anonymous_17)
FNDA:0,(anonymous_18)
FNDA:0,(anonymous_19)
FNDA:0,(anonymous_20)
DA:6,0
DA:7,0
DA:8,0
DA:9,0
DA:10,0
DA:11,0
DA:12,0
DA:13,0
DA:16,0
DA:22,0
DA:23,0
DA:28,0
DA:30,0
DA:32,0
DA:40,0
DA:41,0
DA:43,0
DA:44,0
DA:45,0
DA:47,0
DA:48,0
DA:49,0
DA:50,0
DA:53,0
DA:56,0
DA:67,0
DA:70,0
DA:73,0
DA:79,0
DA:80,0
DA:89,0
DA:91,0
DA:92,0
DA:94,0
DA:95,0
DA:96,0
DA:97,0
DA:101,0
DA:103,0
DA:108,0
DA:109,0
DA:113,0
DA:114,0
DA:118,0
DA:119,0
DA:120,0
DA:122,0
DA:132,0
DA:133,0
DA:135,0
DA:138,0
DA:139,0
DA:141,0
DA:145,0
DA:146,0
DA:147,0
DA:152,0
DA:156,0
DA:157,0
DA:160,0
DA:169,0
DA:171,0
DA:174,0
DA:175,0
DA:184,0
DA:190,0
DA:200,0
DA:201,0
DA:203,0
DA:206,0
DA:208,0
DA:209,0
DA:215,0
DA:216,0
DA:217,0
DA:222,0
DA:223,0
DA:230,0
DA:231,0
DA:239,0
DA:240,0
DA:241,0
DA:248,0
DA:249,0
DA:250,0
DA:256,0
DA:257,0
DA:270,0
DA:271,0
DA:274,0
DA:280,0
DA:285,0
DA:286,0
DA:294,0
DA:295,0
DA:297,0
DA:298,0
DA:303,0
DA:307,0
DA:308,0
DA:316,0
DA:317,0
DA:318,0
DA:320,0
DA:336,0
DA:337,0
DA:339,0
DA:340,0
DA:346,0
DA:361,0
DA:362,0
DA:365,0
DA:366,0
DA:369,0
DA:370,0
DA:373,0
DA:375,0
DA:377,0
DA:380,0
LF:119
LH:0
BRDA:47,0,0,0
BRDA:47,0,1,0
BRDA:94,1,0,0
BRDA:94,1,1,0
BRDA:119,2,0,0
BRDA:119,2,1,0
BRDA:135,3,0,0
BRDA:135,3,1,0
BRDA:135,3,2,0
BRDA:135,3,3,0
BRDA:138,4,0,0
BRDA:138,4,1,0
BRDA:139,5,0,0
BRDA:139,5,1,0
BRDA:145,6,0,0
BRDA:145,6,1,0
BRDA:174,7,0,0
BRDA:174,7,1,0
BRDA:208,8,0,0
BRDA:208,8,1,0
BRDA:216,9,0,0
BRDA:216,9,1,0
BRDA:271,10,0,0
BRDA:271,10,1,0
BRDA:280,11,0,0
BRDA:280,11,1,0
BRDA:297,12,0,0
BRDA:297,12,1,0
BRDA:297,13,0,0
BRDA:297,13,1,0
BRDA:317,14,0,0
BRDA:317,14,1,0
BRDA:339,15,0,0
BRDA:339,15,1,0
BRDA:365,16,0,0
BRDA:365,16,1,0
BRF:36
BRH:0
end_of_record
TN:
SF:src/services/queue-scheduler.service.js
FN:44,(anonymous_0)
FN:63,(anonymous_1)
FN:98,(anonymous_2)
FN:148,(anonymous_3)
FN:180,(anonymous_4)
FN:202,(anonymous_5)
FN:238,(anonymous_6)
FN:280,(anonymous_7)
FN:312,(anonymous_8)
FN:333,(anonymous_9)
FN:366,(anonymous_10)
FNF:11
FNH:0
FNDA:0,(anonymous_0)
FNDA:0,(anonymous_1)
FNDA:0,(anonymous_2)
FNDA:0,(anonymous_3)
FNDA:0,(anonymous_4)
FNDA:0,(anonymous_5)
FNDA:0,(anonymous_6)
FNDA:0,(anonymous_7)
FNDA:0,(anonymous_8)
FNDA:0,(anonymous_9)
FNDA:0,(anonymous_10)
DA:6,0
DA:7,0
DA:8,0
DA:9,0
DA:10,0
DA:13,0
DA:16,0
DA:44,0
DA:45,0
DA:46,0
DA:48,0
DA:50,0
DA:53,0
DA:63,0
DA:64,0
DA:66,0
DA:68,0
DA:69,0
DA:73,0
DA:74,0
DA:78,0
DA:79,0
DA:83,0
DA:89,0
DA:92,0
DA:98,0
DA:99,0
DA:101,0
DA:102,0
DA:103,0
DA:106,0
DA:109,0
DA:112,0
DA:115,0
DA:117,0
DA:122,0
DA:129,0
DA:131,0
DA:138,0
DA:139,0
DA:148,0
DA:149,0
DA:151,0
DA:152,0
DA:156,0
DA:159,0
DA:162,0
DA:164,0
DA:166,0
DA:171,0
DA:172,0
DA:180,0
DA:181,0
DA:183,0
DA:184,0
DA:193,0
DA:202,0
DA:203,0
DA:205,0
DA:207,0
DA:208,0
DA:212,0
DA:220,0
DA:221,0
DA:222,0
DA:225,0
DA:229,0
DA:238,0
DA:239,0
DA:240,0
DA:243,0
DA:249,0
DA:252,0
DA:254,0
DA:255,0
DA:256,0
DA:257,0
DA:259,0
DA:260,0
DA:268,0
DA:270,0
DA:271,0
DA:280,0
DA:281,0
DA:282,0
DA:288,0
DA:289,0
DA:290,0
DA:293,0
DA:296,0
DA:298,0
DA:300,0
DA:302,0
DA:303,0
DA:312,0
DA:313,0
DA:315,0
DA:316,0
DA:319,0
DA:324,0
DA:327,0
DA:333,0
DA:334,0
DA:335,0
DA:337,0
DA:342,0
DA:348,0
DA:350,0
DA:357,0
DA:358,0
DA:366,0
DA:367,0
DA:369,0
DA:370,0
DA:374,0
DA:377,0
DA:380,0
DA:382,0
DA:384,0
DA:389,0
DA:390,0
DA:394,0
LF:122
LH:0
BRDA:44,0,0,0
BRDA:48,1,0,0
BRDA:48,1,1,0
BRDA:50,2,0,0
BRDA:50,2,1,0
BRDA:53,3,0,0
BRDA:53,3,1,0
BRDA:63,4,0,0
BRDA:68,5,0,0
BRDA:68,5,1,0
BRDA:73,6,0,0
BRDA:73,6,1,0
BRDA:78,7,0,0
BRDA:78,7,1,0
BRDA:85,8,0,0
BRDA:85,8,1,0
BRDA:101,9,0,0
BRDA:101,9,1,0
BRDA:101,10,0,0
BRDA:101,10,1,0
BRDA:151,11,0,0
BRDA:151,11,1,0
BRDA:207,12,0,0
BRDA:207,12,1,0
BRDA:212,13,0,0
BRDA:212,13,1,0
BRDA:280,14,0,0
BRDA:288,15,0,0
BRDA:288,15,1,0
BRDA:288,16,0,0
BRDA:288,16,1,0
BRDA:312,17,0,0
BRDA:315,18,0,0
BRDA:315,18,1,0
BRDA:369,19,0,0
BRDA:369,19,1,0
BRF:36
BRH:0
end_of_record
TN:
SF:src/services/signalwire.service.js
FN:47,(anonymous_0)
FN:74,(anonymous_1)
FN:209,(anonymous_2)
FN:247,(anonymous_3)
FN:276,(anonymous_4)
FN:310,(anonymous_5)
FN:373,(anonymous_6)
FN:435,(anonymous_7)
FN:440,(anonymous_8)
FN:455,(anonymous_9)
FN:481,(anonymous_10)
FN:543,(anonymous_11)
FN:591,(anonymous_12)
FN:639,(anonymous_13)
FN:740,(anonymous_14)
FNF:15
FNH:0
FNDA:0,(anonymous_0)
FNDA:0,(anonymous_1)
FNDA:0,(anonymous_2)
FNDA:0,(anonymous_3)
FNDA:0,(anonymous_4)
FNDA:0,(anonymous_5)
FNDA:0,(anonymous_6)
FNDA:0,(anonymous_7)
FNDA:0,(anonymous_8)
FNDA:0,(anonymous_9)
FNDA:0,(anonymous_10)
FNDA:0,(anonymous_11)
FNDA:0,(anonymous_12)
FNDA:0,(anonymous_13)
FNDA:0,(anonymous_14)
DA:7,0
DA:8,0
DA:9,0
DA:12,0
DA:17,0
DA:18,0
DA:20,0
DA:26,0
DA:28,0
DA:31,0
DA:47,0
DA:49,0
DA:52,0
DA:54,0
DA:55,0
DA:58,0
DA:62,0
DA:74,0
DA:75,0
DA:77,0
DA:78,0
DA:80,0
DA:83,0
DA:84,0
DA:85,0
DA:89,0
DA:90,0
DA:91,0
DA:93,0
DA:104,0
DA:105,0
DA:109,0
DA:110,0
DA:111,0
DA:115,0
DA:122,0
DA:123,0
DA:127,0
DA:128,0
DA:134,0
DA:139,0
DA:140,0
DA:144,0
DA:147,0
DA:148,0
DA:150,0
DA:151,0
DA:161,0
DA:162,0
DA:166,0
DA:167,0
DA:172,0
DA:173,0
DA:176,0
DA:178,0
DA:179,0
DA:189,0
DA:190,0
DA:191,0
DA:193,0
DA:194,0
DA:196,0
DA:197,0
DA:198,0
DA:200,0
DA:209,0
DA:210,0
DA:212,0
DA:214,0
DA:215,0
DA:229,0
DA:230,0
DA:233,0
DA:234,0
DA:236,0
DA:237,0
DA:247,0
DA:248,0
DA:250,0
DA:251,0
DA:252,0
DA:263,0
DA:264,0
DA:266,0
DA:267,0
DA:276,0
DA:277,0
DA:278,0
DA:281,0
DA:282,0
DA:283,0
DA:295,0
DA:298,0
DA:300,0
DA:301,0
DA:310,0
DA:311,0
DA:313,0
DA:314,0
DA:347,0
DA:348,0
DA:363,0
DA:364,0
DA:373,0
DA:382,0
DA:384,0
DA:386,0
DA:387,0
DA:388,0
DA:391,0
DA:392,0
DA:393,0
DA:396,0
DA:397,0
DA:398,0
DA:401,0
DA:402,0
DA:403,0
DA:406,0
DA:407,0
DA:408,0
DA:411,0
DA:412,0
DA:413,0
DA:414,0
DA:415,0
DA:416,0
DA:417,0
DA:418,0
DA:419,0
DA:422,0
DA:423,0
DA:426,0
DA:427,0
DA:435,0
DA:436,0
DA:438,0
DA:440,0
DA:441,0
DA:448,0
DA:449,0
DA:450,0
DA:455,0
DA:456,0
DA:463,0
DA:464,0
DA:465,0
DA:469,0
DA:471,0
DA:481,0
DA:482,0
DA:484,0
DA:492,0
DA:495,0
DA:496,0
DA:497,0
DA:499,0
DA:509,0
DA:510,0
DA:514,0
DA:515,0
DA:516,0
DA:520,0
DA:522,0
DA:524,0
DA:533,0
DA:534,0
DA:543,0
DA:544,0
DA:545,0
DA:548,0
DA:549,0
DA:551,0
DA:560,0
DA:561,0
DA:565,0
DA:566,0
DA:567,0
DA:571,0
DA:573,0
DA:575,0
DA:581,0
DA:582,0
DA:591,0
DA:592,0
DA:593,0
DA:596,0
DA:597,0
DA:599,0
DA:616,0
DA:617,0
DA:627,0
DA:628,0
DA:639,0
DA:640,0
DA:641,0
DA:644,0
DA:645,0
DA:647,0
DA:657,0
DA:658,0
DA:662,0
DA:663,0
DA:664,0
DA:668,0
DA:671,0
DA:674,0
DA:676,0
DA:685,0
DA:686,0
DA:696,0
DA:697,0
DA:698,0
DA:706,0
DA:712,0
DA:713,0
DA:718,0
DA:720,0
DA:729,0
DA:730,0
DA:740,0
DA:741,0
DA:742,0
DA:745,0
DA:748,0
DA:749,0
DA:753,0
DA:756,0
DA:758,0
DA:761,0
DA:765,0
DA:767,0
DA:769,0
DA:770,0
DA:774,0
LF:235
LH:0
BRDA:17,0,0,0
BRDA:17,0,1,0
BRDA:52,1,0,0
BRDA:52,1,1,0
BRDA:54,2,0,0
BRDA:54,2,1,0
BRDA:74,3,0,0
BRDA:74,4,0,0
BRDA:83,5,0,0
BRDA:83,5,1,0
BRDA:84,6,0,0
BRDA:84,6,1,0
BRDA:89,7,0,0
BRDA:89,7,1,0
BRDA:104,8,0,0
BRDA:104,8,1,0
BRDA:110,9,0,0
BRDA:110,9,1,0
BRDA:110,10,0,0
BRDA:110,10,1,0
BRDA:122,11,0,0
BRDA:122,11,1,0
BRDA:127,12,0,0
BRDA:127,12,1,0
BRDA:139,13,0,0
BRDA:139,13,1,0
BRDA:139,14,0,0
BRDA:139,14,1,0
BRDA:172,15,0,0
BRDA:172,15,1,0
BRDA:190,16,0,0
BRDA:190,16,1,0
BRDA:193,17,0,0
BRDA:193,17,1,0
BRDA:196,18,0,0
BRDA:196,18,1,0
BRDA:198,19,0,0
BRDA:198,19,1,0
BRDA:212,20,0,0
BRDA:212,20,1,0
BRDA:212,21,0,0
BRDA:212,21,1,0
BRDA:217,22,0,0
BRDA:217,22,1,0
BRDA:224,23,0,0
BRDA:224,23,1,0
BRDA:229,24,0,0
BRDA:229,24,1,0
BRDA:250,25,0,0
BRDA:250,25,1,0
BRDA:254,26,0,0
BRDA:254,26,1,0
BRDA:281,27,0,0
BRDA:281,27,1,0
BRDA:310,28,0,0
BRDA:313,29,0,0
BRDA:313,29,1,0
BRDA:373,30,0,0
BRDA:381,31,0,0
BRDA:386,32,0,0
BRDA:386,32,1,0
BRDA:387,33,0,0
BRDA:387,34,0,0
BRDA:387,35,0,0
BRDA:391,36,0,0
BRDA:391,36,1,0
BRDA:392,37,0,0
BRDA:396,38,0,0
BRDA:396,38,1,0
BRDA:397,39,0,0
BRDA:397,40,0,0
BRDA:397,41,0,0
BRDA:401,42,0,0
BRDA:401,42,1,0
BRDA:402,43,0,0
BRDA:402,44,0,0
BRDA:402,45,0,0
BRDA:402,46,0,0
BRDA:406,47,0,0
BRDA:406,47,1,0
BRDA:407,48,0,0
BRDA:411,49,0,0
BRDA:411,49,1,0
BRDA:412,50,0,0
BRDA:412,51,0,0
BRDA:414,52,0,0
BRDA:414,52,1,0
BRDA:415,53,0,0
BRDA:415,53,1,0
BRDA:416,54,0,0
BRDA:416,54,1,0
BRDA:417,55,0,0
BRDA:417,55,1,0
BRDA:422,56,0,0
BRDA:422,56,1,0
BRDA:436,57,0,0
BRDA:436,57,1,0
BRDA:436,58,0,0
BRDA:436,58,1,0
BRDA:449,59,0,0
BRDA:449,59,1,0
BRDA:464,60,0,0
BRDA:464,60,1,0
BRDA:481,61,0,0
BRDA:485,62,0,0
BRDA:485,62,1,0
BRDA:486,63,0,0
BRDA:486,63,1,0
BRDA:487,64,0,0
BRDA:487,64,1,0
BRDA:488,65,0,0
BRDA:488,65,1,0
BRDA:495,66,0,0
BRDA:495,66,1,0
BRDA:509,67,0,0
BRDA:509,67,1,0
BRDA:515,68,0,0
BRDA:515,68,1,0
BRDA:548,69,0,0
BRDA:548,69,1,0
BRDA:560,70,0,0
BRDA:560,70,1,0
BRDA:566,71,0,0
BRDA:566,71,1,0
BRDA:596,72,0,0
BRDA:596,72,1,0
BRDA:639,73,0,0
BRDA:644,74,0,0
BRDA:644,74,1,0
BRDA:651,75,0,0
BRDA:651,75,1,0
BRDA:657,76,0,0
BRDA:657,76,1,0
BRDA:663,77,0,0
BRDA:663,77,1,0
BRDA:674,78,0,0
BRDA:674,78,1,0
BRDA:678,79,0,0
BRDA:678,79,1,0
BRDA:680,80,0,0
BRDA:680,80,1,0
BRDA:689,81,0,0
BRDA:689,81,1,0
BRDA:690,82,0,0
BRDA:690,82,1,0
BRDA:697,83,0,0
BRDA:697,83,1,0
BRDA:712,84,0,0
BRDA:712,84,1,0
BRDA:712,85,0,0
BRDA:712,85,1,0
BRDA:725,86,0,0
BRDA:725,86,1,0
BRDA:740,87,0,0
BRDA:748,88,0,0
BRDA:748,88,1,0
BRDA:748,89,0,0
BRDA:748,89,1,0
BRDA:753,90,0,0
BRDA:753,90,1,0
BRDA:753,91,0,0
BRDA:753,91,1,0
BRDA:753,92,0,0
BRDA:753,92,1,0
BRDA:756,93,0,0
BRDA:756,93,1,0
BRF:166
BRH:0
end_of_record
TN:
SF:src/services/storage.service.js
FN:17,(anonymous_0)
FN:44,(anonymous_1)
FN:87,(anonymous_2)
FN:103,(anonymous_3)
FN:117,(anonymous_4)
FNF:5
FNH:0
FNDA:0,(anonymous_0)
FNDA:0,(anonymous_1)
FNDA:0,(anonymous_2)
FNDA:0,(anonymous_3)
FNDA:0,(anonymous_4)
DA:6,0
DA:7,0
DA:8,0
DA:9,0
DA:10,0
DA:13,0
DA:14,0
DA:17,0
DA:18,0
DA:19,0
DA:20,0
DA:21,0
DA:24,0
DA:25,0
DA:26,0
DA:29,0
DA:30,0
DA:35,0
DA:44,0
DA:45,0
DA:47,0
DA:50,0
DA:51,0
DA:52,0
DA:56,0
DA:59,0
DA:61,0
DA:63,0
DA:65,0
DA:75,0
DA:76,0
DA:87,0
DA:88,0
DA:90,0
DA:91,0
DA:93,0
DA:94,0
DA:103,0
DA:104,0
DA:105,0
DA:107,0
DA:108,0
DA:117,0
DA:118,0
DA:119,0
DA:120,0
DA:121,0
DA:123,0
DA:124,0
DA:128,0
LF:50
LH:0
BRDA:13,0,0,0
BRDA:13,0,1,0
BRDA:19,1,0,0
BRDA:19,1,1,0
BRDA:24,2,0,0
BRDA:24,2,1,0
BRDA:44,3,0,0
BRDA:44,4,0,0
BRDA:47,5,0,0
BRDA:47,5,1,0
BRDA:51,6,0,0
BRDA:51,6,1,0
BRDA:87,7,0,0
BRDA:87,8,0,0
BRF:14
BRH:0
end_of_record
TN:
SF:src/utils/file-helpers.js
FN:17,(anonymous_0)
FN:33,(anonymous_1)
FN:49,(anonymous_2)
FN:63,(anonymous_3)
FN:72,(anonymous_4)
FN:83,(anonymous_5)
FNF:6
FNH:0
FNDA:0,(anonymous_0)
FNDA:0,(anonymous_1)
FNDA:0,(anonymous_2)
FNDA:0,(anonymous_3)
FNDA:0,(anonymous_4)
FNDA:0,(anonymous_5)
DA:6,0
DA:7,0
DA:8,0
DA:9,0
DA:17,0
DA:19,0
DA:20,0
DA:23,0
DA:25,0
DA:33,0
DA:34,0
DA:35,0
DA:36,0
DA:37,0
DA:40,0
DA:49,0
DA:50,0
DA:51,0
DA:54,0
DA:63,0
DA:64,0
DA:72,0
DA:73,0
DA:74,0
DA:83,0
DA:84,0
DA:85,0
LF:27
LH:0
BRDA:17,0,0,0
BRF:1
BRH:0
end_of_record
TN:
SF:src/utils/logger.js
FN:27,(anonymous_0)
FN:43,(anonymous_1)
FNF:2
FNH:1
FNDA:8,(anonymous_0)
FNDA:0,(anonymous_1)
DA:6,1
DA:7,1
DA:10,1
DA:18,1
DA:28,8
DA:42,1
DA:44,0
DA:48,1
LF:8
LH:7
BRDA:29,0,0,8
BRDA:29,0,1,0
BRF:2
BRH:1
end_of_record
TN:
SF:src/utils/seeders.js
FN:11,(anonymous_0)
FN:62,(anonymous_1)
FNF:2
FNH:0
FNDA:0,(anonymous_0)
FNDA:0,(anonymous_1)
DA:5,0
DA:6,0
DA:11,0
DA:12,0
DA:13,0
DA:16,0
DA:17,0
DA:19,0
DA:20,0
DA:21,0
DA:23,0
DA:47,0
DA:48,0
DA:50,0
DA:51,0
DA:54,0
DA:55,0
DA:62,0
DA:63,0
DA:64,0
DA:65,0
DA:66,0
DA:68,0
DA:69,0
DA:73,0
LF:25
LH:0
BRDA:16,0,0,0
BRDA:16,0,1,0
BRF:2
BRH:0
end_of_record
